<?xml version="1.0" encoding="UTF-8"?>
<!-- Generated by org.testng.reporters.JUnitXMLReporter -->
<testsuite ignored="0" hostname="LAPTOP-N7T8FIF4" failures="1" tests="5" name="regression" time="45.013" errors="0" timestamp="2022-11-10T10:37:09 IST">
  <testcase classname="com.supermarket1.tests.ManageDeliveryBoyTest" name="verify_ManageDeliveryBoy" time="6.044"/>
  <testcase classname="com.supermarket1.tests.ManageDeliveryBoyTest" name="verify_SearchNameManageDeliveryBoy" time="5.281">
    <failure type="java.lang.AssertionError" message="expected [Max08_11_2022_11_24_19] but found [Max10_11_2022_10_36_38]">
      <![CDATA[java.lang.AssertionError: expected [Max08_11_2022_11_24_19] but found [Max10_11_2022_10_36_38]
at com.supermarket1.tests.ManageDeliveryBoyTest.verify_SearchNameManageDeliveryBoy(ManageDeliveryBoyTest.java:85)
at java.base/java.util.ArrayList.forEach(ArrayList.java:1511)
at java.base/java.util.concurrent.FutureTask.run(FutureTask.java:264)
at java.base/java.util.concurrent.ThreadPoolExecutor.runWorker(ThreadPoolExecutor.java:1136)
at java.base/java.util.concurrent.ThreadPoolExecutor$Worker.run(ThreadPoolExecutor.java:635)
at java.base/java.lang.Thread.run(Thread.java:833)
... Removed 24 stack frames]]>
    </failure>
  </testcase> <!-- verify_SearchNameManageDeliveryBoy -->
  <testcase classname="com.supermarket1.tests.DashBoardTest" name="verify_BackGroundColor" time="1.207"/>
  <testcase classname="com.supermarket1.tests.DashBoardTest" name="verify_IConIsDisplayedOrNot" time="0.847"/>
  <testcase classname="com.supermarket1.tests.DashBoardTest" name="verify_FontSize" time="0.842"/>
</testsuite> <!-- regression -->
