<!DOCTYPE html>

<html>
  <head>
  <meta charset='utf-8'>
  <title>TestNG reports</title>

    <link type="text/css" href="testng-reports1.css" rel="stylesheet" id="ultra" />
    <link type="text/css" href="testng-reports.css" rel="stylesheet" id="retro" disabled="false"/>
    <script type="text/javascript" src="jquery.min.js"></script>
    <script type="text/javascript" src="testng-reports.js"></script>
    <script type="text/javascript" src="https://www.google.com/jsapi"></script>
    <script type='text/javascript'>
      google.load('visualization', '1', {packages:['table']});
      google.setOnLoadCallback(drawTable);
      var suiteTableInitFunctions = new Array();
      var suiteTableData = new Array();
    </script>
    <!--
      <script type="text/javascript" src="jquery-ui/js/jquery-ui-1.8.16.custom.min.js"></script>
     -->
  </head>

  <body>
    <div class="top-banner-root">
      <span class="top-banner-title-font">Test results</span>
      <button id="button" class="button">Switch Retro Theme</button> <!-- button -->
      <br/>
      <span class="top-banner-font-1">1 suite, 17 failed tests</span>
    </div> <!-- top-banner-root -->
    <div class="navigator-root">
      <div class="navigator-suite-header">
        <span>All suites</span>
        <a href="#" title="Collapse/expand all the suites" class="collapse-all-link">
          <img src="collapseall.gif" class="collapse-all-icon">
          </img> <!-- collapse-all-icon -->
        </a> <!-- collapse-all-link -->
      </div> <!-- navigator-suite-header -->
      <div class="suite">
        <div class="rounded-window">
          <div class="suite-header light-rounded-window-top">
            <a href="#" panel-name="suite-Regression_build_run" class="navigator-link">
              <span class="suite-name border-failed">Regression build run</span>
            </a> <!-- navigator-link -->
          </div> <!-- suite-header light-rounded-window-top -->
          <div class="navigator-suite-content">
            <div class="suite-section-title">
              <span>Info</span>
            </div> <!-- suite-section-title -->
            <div class="suite-section-content">
              <ul>
                <li>
                  <a href="#" panel-name="test-xml-Regression_build_run" class="navigator-link ">
                    <span>C:\Users\lenovo\git\com.supermarket1\com.supermarket1\src\main\resources\XmlFiles\RegressionSuite.xml</span>
                  </a> <!-- navigator-link  -->
                </li>
                <li>
                  <a href="#" panel-name="testlist-Regression_build_run" class="navigator-link ">
                    <span class="test-stats">3 tests</span>
                  </a> <!-- navigator-link  -->
                </li>
                <li>
                  <a href="#" panel-name="group-Regression_build_run" class="navigator-link ">
                    <span>2 groups</span>
                  </a> <!-- navigator-link  -->
                </li>
                <li>
                  <a href="#" panel-name="times-Regression_build_run" class="navigator-link ">
                    <span>Times</span>
                  </a> <!-- navigator-link  -->
                </li>
                <li>
                  <a href="#" panel-name="reporter-Regression_build_run" class="navigator-link ">
                    <span>Reporter output</span>
                  </a> <!-- navigator-link  -->
                </li>
                <li>
                  <a href="#" panel-name="ignored-methods-Regression_build_run" class="navigator-link ">
                    <span>Ignored methods</span>
                  </a> <!-- navigator-link  -->
                </li>
                <li>
                  <a href="#" panel-name="chronological-Regression_build_run" class="navigator-link ">
                    <span>Chronological view</span>
                  </a> <!-- navigator-link  -->
                </li>
              </ul>
            </div> <!-- suite-section-content -->
            <div class="result-section">
              <div class="suite-section-title">
                <span>Results</span>
              </div> <!-- suite-section-title -->
              <div class="suite-section-content">
                <ul>
                  <li>
                    <span class="method-stats">51 methods, 17 failed,   34 passed</span>
                  </li>
                  <li>
                    <span class="method-list-title failed">Failed methods</span>
                    <span class="show-or-hide-methods failed">
                      <a href="#" panel-name="suite-Regression_build_run" class="hide-methods failed suite-Regression_build_run"> (hide)</a> <!-- hide-methods failed suite-Regression_build_run -->
                      <a href="#" panel-name="suite-Regression_build_run" class="show-methods failed suite-Regression_build_run"> (show)</a> <!-- show-methods failed suite-Regression_build_run -->
                    </span>
                    <div class="method-list-content failed suite-Regression_build_run">
                      <span>
                        <img src="failed.png" width="3%"/>
                        <a href="#" panel-name="suite-Regression_build_run" title="com.supermarket1.tests.MobileSliderTest" class="method navigator-link" hash-for-method="verify_AddingNewListOfMobileSlider">verify_AddingNewListOfMobileSlider</a> <!-- method navigator-link -->
                      </span>
                      <br/>
                      <span>
                        <img src="failed.png" width="3%"/>
                        <a href="#" panel-name="suite-Regression_build_run" title="com.supermarket1.tests.ManageCategoryTest" class="method navigator-link" hash-for-method="verify_DeleteFunctinalitySubCategoryInformation">verify_DeleteFunctinalitySubCategoryInformation</a> <!-- method navigator-link -->
                      </span>
                      <br/>
                      <span>
                        <img src="failed.png" width="3%"/>
                        <a href="#" panel-name="suite-Regression_build_run" title="com.supermarket1.tests.ManageLocationTest" class="method navigator-link" hash-for-method="verify_DeleteOption">verify_DeleteOption</a> <!-- method navigator-link -->
                      </span>
                      <br/>
                      <span>
                        <img src="failed.png" width="3%"/>
                        <a href="#" panel-name="suite-Regression_build_run" title="com.supermarket1.tests.ManageExpenseTest" class="method navigator-link" hash-for-method="verify_DeleteOption">verify_DeleteOption</a> <!-- method navigator-link -->
                      </span>
                      <br/>
                      <span>
                        <img src="failed.png" width="3%"/>
                        <a href="#" panel-name="suite-Regression_build_run" title="com.supermarket1.tests.ManageOrderTest" class="method navigator-link" hash-for-method="verify_DetailsOfOrderId406">verify_DetailsOfOrderId406</a> <!-- method navigator-link -->
                      </span>
                      <br/>
                      <span>
                        <img src="failed.png" width="3%"/>
                        <a href="#" panel-name="suite-Regression_build_run" title="com.supermarket1.tests.ManageOfferCodeTest" class="method navigator-link" hash-for-method="verify_EnterOfferInformations">verify_EnterOfferInformations</a> <!-- method navigator-link -->
                      </span>
                      <br/>
                      <span>
                        <img src="failed.png" width="3%"/>
                        <a href="#" panel-name="suite-Regression_build_run" title="com.supermarket1.tests.LogInTest" class="method navigator-link" hash-for-method="verify_LogOut">verify_LogOut</a> <!-- method navigator-link -->
                      </span>
                      <br/>
                      <span>
                        <img src="failed.png" width="3%"/>
                        <a href="#" panel-name="suite-Regression_build_run" title="com.supermarket1.tests.ManageContentTest" class="method navigator-link" hash-for-method="verify_ManageNewsPage(Stock Clearance)">verify_ManageNewsPage(Stock Clearance)</a> <!-- method navigator-link -->
                      </span>
                      <br/>
                      <span>
                        <img src="failed.png" width="3%"/>
                        <a href="#" panel-name="suite-Regression_build_run" title="com.supermarket1.tests.ManageContentTest" class="method navigator-link" hash-for-method="verify_ManagePageAddList">verify_ManagePageAddList</a> <!-- method navigator-link -->
                      </span>
                      <br/>
                      <span>
                        <img src="failed.png" width="3%"/>
                        <a href="#" panel-name="suite-Regression_build_run" title="com.supermarket1.tests.ManageUsersTest" class="method navigator-link" hash-for-method="verify_ManageUserDeactivation">verify_ManageUserDeactivation</a> <!-- method navigator-link -->
                      </span>
                      <br/>
                      <span>
                        <img src="failed.png" width="3%"/>
                        <a href="#" panel-name="suite-Regression_build_run" title="com.supermarket1.tests.ManageDeliveryBoyTest" class="method navigator-link" hash-for-method="verify_SearchNameManageDeliveryBoy">verify_SearchNameManageDeliveryBoy</a> <!-- method navigator-link -->
                      </span>
                      <br/>
                      <span>
                        <img src="failed.png" width="3%"/>
                        <a href="#" panel-name="suite-Regression_build_run" title="com.supermarket1.tests.ManageCategoryTest" class="method navigator-link" hash-for-method="verify_SearchOption(DryFruits)">verify_SearchOption(DryFruits)</a> <!-- method navigator-link -->
                      </span>
                      <br/>
                      <span>
                        <img src="failed.png" width="3%"/>
                        <a href="#" panel-name="suite-Regression_build_run" title="com.supermarket1.tests.ManageCategoryTest" class="method navigator-link" hash-for-method="verify_SearchOption(pastry)">verify_SearchOption(pastry)</a> <!-- method navigator-link -->
                      </span>
                      <br/>
                      <span>
                        <img src="failed.png" width="3%"/>
                        <a href="#" panel-name="suite-Regression_build_run" title="com.supermarket1.tests.ManageCategoryTest" class="method navigator-link" hash-for-method="verify_SearchOption(Diary&amp;Bakery)">verify_SearchOption(Diary&Bakery)</a> <!-- method navigator-link -->
                      </span>
                      <br/>
                      <span>
                        <img src="failed.png" width="3%"/>
                        <a href="#" panel-name="suite-Regression_build_run" title="com.supermarket1.tests.ManageLocationTest" class="method navigator-link" hash-for-method="verify_StatusChangeOption">verify_StatusChangeOption</a> <!-- method navigator-link -->
                      </span>
                      <br/>
                      <span>
                        <img src="failed.png" width="3%"/>
                        <a href="#" panel-name="suite-Regression_build_run" title="com.supermarket1.tests.MobileSliderTest" class="method navigator-link" hash-for-method="verify_StatusOptionForListOfMobileSlider">verify_StatusOptionForListOfMobileSlider</a> <!-- method navigator-link -->
                      </span>
                      <br/>
                      <span>
                        <img src="failed.png" width="3%"/>
                        <a href="#" panel-name="suite-Regression_build_run" title="com.supermarket1.tests.ManageLocationTest" class="method navigator-link" hash-for-method="verify_UpDateLocationInformations">verify_UpDateLocationInformations</a> <!-- method navigator-link -->
                      </span>
                      <br/>
                    </div> <!-- method-list-content failed suite-Regression_build_run -->
                  </li>
                  <li>
                    <span class="method-list-title passed">Passed methods</span>
                    <span class="show-or-hide-methods passed">
                      <a href="#" panel-name="suite-Regression_build_run" class="hide-methods passed suite-Regression_build_run"> (hide)</a> <!-- hide-methods passed suite-Regression_build_run -->
                      <a href="#" panel-name="suite-Regression_build_run" class="show-methods passed suite-Regression_build_run"> (show)</a> <!-- show-methods passed suite-Regression_build_run -->
                    </span>
                    <div class="method-list-content passed suite-Regression_build_run">
                      <span>
                        <img src="passed.png" width="3%"/>
                        <a href="#" panel-name="suite-Regression_build_run" title="com.supermarket1.tests.LogInTest" class="method navigator-link" hash-for-method="Verify_RememberMeCheckBox">Verify_RememberMeCheckBox</a> <!-- method navigator-link -->
                      </span>
                      <br/>
                      <span>
                        <img src="passed.png" width="3%"/>
                        <a href="#" panel-name="suite-Regression_build_run" title="com.supermarket1.tests.ManageCategoryTest" class="method navigator-link" hash-for-method="verify_AddCategoryInManageCategory">verify_AddCategoryInManageCategory</a> <!-- method navigator-link -->
                      </span>
                      <br/>
                      <span>
                        <img src="passed.png" width="3%"/>
                        <a href="#" panel-name="suite-Regression_build_run" title="com.supermarket1.tests.ManageExpenseTest" class="method navigator-link" hash-for-method="verify_AddManageExpenseDetails">verify_AddManageExpenseDetails</a> <!-- method navigator-link -->
                      </span>
                      <br/>
                      <span>
                        <img src="passed.png" width="3%"/>
                        <a href="#" panel-name="suite-Regression_build_run" title="com.supermarket1.tests.ManageExpenseTest" class="method navigator-link" hash-for-method="verify_AddedItemToExpenseCategory">verify_AddedItemToExpenseCategory</a> <!-- method navigator-link -->
                      </span>
                      <br/>
                      <span>
                        <img src="passed.png" width="3%"/>
                        <a href="#" panel-name="suite-Regression_build_run" title="com.supermarket1.tests.AdminusersTest" class="method navigator-link" hash-for-method="verify_AdminUsersInformations">verify_AdminUsersInformations</a> <!-- method navigator-link -->
                      </span>
                      <br/>
                      <span>
                        <img src="passed.png" width="3%"/>
                        <a href="#" panel-name="suite-Regression_build_run" title="com.supermarket1.tests.DashBoardTest" class="method navigator-link" hash-for-method="verify_BackGroundColor">verify_BackGroundColor</a> <!-- method navigator-link -->
                      </span>
                      <br/>
                      <span>
                        <img src="passed.png" width="3%"/>
                        <a href="#" panel-name="suite-Regression_build_run" title="com.supermarket1.tests.ManageSliderTest" class="method navigator-link" hash-for-method="verify_EnterLocationInformations">verify_EnterLocationInformations</a> <!-- method navigator-link -->
                      </span>
                      <br/>
                      <span>
                        <img src="passed.png" width="3%"/>
                        <a href="#" panel-name="suite-Regression_build_run" title="com.supermarket1.tests.ManageLocationTest" class="method navigator-link" hash-for-method="verify_EnterLocationInformations">verify_EnterLocationInformations</a> <!-- method navigator-link -->
                      </span>
                      <br/>
                      <span>
                        <img src="passed.png" width="3%"/>
                        <a href="#" panel-name="suite-Regression_build_run" title="com.supermarket1.tests.ManageCategoryTest" class="method navigator-link" hash-for-method="verify_EnterSubCategoryInformation">verify_EnterSubCategoryInformation</a> <!-- method navigator-link -->
                      </span>
                      <br/>
                      <span>
                        <img src="passed.png" width="3%"/>
                        <a href="#" panel-name="suite-Regression_build_run" title="com.supermarket1.tests.DashBoardTest" class="method navigator-link" hash-for-method="verify_FontSize">verify_FontSize</a> <!-- method navigator-link -->
                      </span>
                      <br/>
                      <span>
                        <img src="passed.png" width="3%"/>
                        <a href="#" panel-name="suite-Regression_build_run" title="com.supermarket1.tests.DashBoardTest" class="method navigator-link" hash-for-method="verify_IConIsDisplayedOrNot">verify_IConIsDisplayedOrNot</a> <!-- method navigator-link -->
                      </span>
                      <br/>
                      <span>
                        <img src="passed.png" width="3%"/>
                        <a href="#" panel-name="suite-Regression_build_run" title="com.supermarket1.tests.LogInTest" class="method navigator-link" hash-for-method="verify_InvalidData">verify_InvalidData</a> <!-- method navigator-link -->
                      </span>
                      <br/>
                      <span>
                        <img src="passed.png" width="3%"/>
                        <a href="#" panel-name="suite-Regression_build_run" title="com.supermarket1.tests.LogInTest" class="method navigator-link" hash-for-method="verify_LogIn">verify_LogIn</a> <!-- method navigator-link -->
                      </span>
                      <br/>
                      <span>
                        <img src="passed.png" width="3%"/>
                        <a href="#" panel-name="suite-Regression_build_run" title="com.supermarket1.tests.ManageDeliveryBoyTest" class="method navigator-link" hash-for-method="verify_ManageDeliveryBoy">verify_ManageDeliveryBoy</a> <!-- method navigator-link -->
                      </span>
                      <br/>
                      <span>
                        <img src="passed.png" width="3%"/>
                        <a href="#" panel-name="suite-Regression_build_run" title="com.supermarket1.tests.ManageContentTest" class="method navigator-link" hash-for-method="verify_ManageNewsPage(Wishlist Items)">verify_ManageNewsPage(Wishlist Items)</a> <!-- method navigator-link -->
                      </span>
                      <br/>
                      <span>
                        <img src="passed.png" width="3%"/>
                        <a href="#" panel-name="suite-Regression_build_run" title="com.supermarket1.tests.ManageContentTest" class="method navigator-link" hash-for-method="verify_ManageNewsPage(Happy customer)">verify_ManageNewsPage(Happy customer)</a> <!-- method navigator-link -->
                      </span>
                      <br/>
                      <span>
                        <img src="passed.png" width="3%"/>
                        <a href="#" panel-name="suite-Regression_build_run" title="com.supermarket1.tests.PushNotificationTest" class="method navigator-link" hash-for-method="verify_PushNotification">verify_PushNotification</a> <!-- method navigator-link -->
                      </span>
                      <br/>
                      <span>
                        <img src="passed.png" width="3%"/>
                        <a href="#" panel-name="suite-Regression_build_run" title="com.supermarket1.tests.ManageOrderTest" class="method navigator-link" hash-for-method="verify_ResetListOrders">verify_ResetListOrders</a> <!-- method navigator-link -->
                      </span>
                      <br/>
                      <span>
                        <img src="passed.png" width="3%"/>
                        <a href="#" panel-name="suite-Regression_build_run" title="com.supermarket1.tests.ManageContentTest" class="method navigator-link" hash-for-method="verify_ResetOptionForManageFooterPage">verify_ResetOptionForManageFooterPage</a> <!-- method navigator-link -->
                      </span>
                      <br/>
                      <span>
                        <img src="passed.png" width="3%"/>
                        <a href="#" panel-name="suite-Regression_build_run" title="com.supermarket1.tests.AdminusersTest" class="method navigator-link" hash-for-method="verify_SearchAdminUsersInformations(max@08_11_2022_11_24_19)">verify_SearchAdminUsersInformations(max@08_11_2022_11_24_19)</a> <!-- method navigator-link -->
                      </span>
                      <br/>
                      <span>
                        <img src="passed.png" width="3%"/>
                        <a href="#" panel-name="suite-Regression_build_run" title="com.supermarket1.tests.AdminusersTest" class="method navigator-link" hash-for-method="verify_SearchAdminUsersInformations(devi12308_11_2022_11_15_44)">verify_SearchAdminUsersInformations(devi12308_11_2022_11_15_44)</a> <!-- method navigator-link -->
                      </span>
                      <br/>
                      <span>
                        <img src="passed.png" width="3%"/>
                        <a href="#" panel-name="suite-Regression_build_run" title="com.supermarket1.tests.AdminusersTest" class="method navigator-link" hash-for-method="verify_SearchAdminUsersInformations(Fathi)">verify_SearchAdminUsersInformations(Fathi)</a> <!-- method navigator-link -->
                      </span>
                      <br/>
                      <span>
                        <img src="passed.png" width="3%"/>
                        <a href="#" panel-name="suite-Regression_build_run" title="com.supermarket1.tests.ManageOrderTest" class="method navigator-link" hash-for-method="verify_SearchListOrders">verify_SearchListOrders</a> <!-- method navigator-link -->
                      </span>
                      <br/>
                      <span>
                        <img src="passed.png" width="3%"/>
                        <a href="#" panel-name="suite-Regression_build_run" title="com.supermarket1.tests.ManageOfferCodeTest" class="method navigator-link" hash-for-method="verify_SearchOfferCodes(500)">verify_SearchOfferCodes(500)</a> <!-- method navigator-link -->
                      </span>
                      <br/>
                      <span>
                        <img src="passed.png" width="3%"/>
                        <a href="#" panel-name="suite-Regression_build_run" title="com.supermarket1.tests.ManageOfferCodeTest" class="method navigator-link" hash-for-method="verify_SearchOfferCodes(102)">verify_SearchOfferCodes(102)</a> <!-- method navigator-link -->
                      </span>
                      <br/>
                      <span>
                        <img src="passed.png" width="3%"/>
                        <a href="#" panel-name="suite-Regression_build_run" title="com.supermarket1.tests.ManageOfferCodeTest" class="method navigator-link" hash-for-method="verify_SearchOfferCodes(457)">verify_SearchOfferCodes(457)</a> <!-- method navigator-link -->
                      </span>
                      <br/>
                      <span>
                        <img src="passed.png" width="3%"/>
                        <a href="#" panel-name="suite-Regression_build_run" title="com.supermarket1.tests.ManageOfferCodeTest" class="method navigator-link" hash-for-method="verify_SearchOfferCodes(107)">verify_SearchOfferCodes(107)</a> <!-- method navigator-link -->
                      </span>
                      <br/>
                      <span>
                        <img src="passed.png" width="3%"/>
                        <a href="#" panel-name="suite-Regression_build_run" title="com.supermarket1.tests.ManageExpenseTest" class="method navigator-link" hash-for-method="verify_SearchOption(Chocolates)">verify_SearchOption(Chocolates)</a> <!-- method navigator-link -->
                      </span>
                      <br/>
                      <span>
                        <img src="passed.png" width="3%"/>
                        <a href="#" panel-name="suite-Regression_build_run" title="com.supermarket1.tests.ManageExpenseTest" class="method navigator-link" hash-for-method="verify_SearchOption(Mango)">verify_SearchOption(Mango)</a> <!-- method navigator-link -->
                      </span>
                      <br/>
                      <span>
                        <img src="passed.png" width="3%"/>
                        <a href="#" panel-name="suite-Regression_build_run" title="com.supermarket1.tests.ManageExpenseTest" class="method navigator-link" hash-for-method="verify_SearchOption(Vegetables)">verify_SearchOption(Vegetables)</a> <!-- method navigator-link -->
                      </span>
                      <br/>
                      <span>
                        <img src="passed.png" width="3%"/>
                        <a href="#" panel-name="suite-Regression_build_run" title="com.supermarket1.tests.ManageExpenseTest" class="method navigator-link" hash-for-method="verify_SearchOption(Grocery)">verify_SearchOption(Grocery)</a> <!-- method navigator-link -->
                      </span>
                      <br/>
                      <span>
                        <img src="passed.png" width="3%"/>
                        <a href="#" panel-name="suite-Regression_build_run" title="com.supermarket1.tests.ManageContentTest" class="method navigator-link" hash-for-method="verify_UpDateOptionForManageFooterPage">verify_UpDateOptionForManageFooterPage</a> <!-- method navigator-link -->
                      </span>
                      <br/>
                      <span>
                        <img src="passed.png" width="3%"/>
                        <a href="#" panel-name="suite-Regression_build_run" title="com.supermarket1.tests.ManageCategoryTest" class="method navigator-link" hash-for-method="verify_UpDationOfSubCategoryInformation">verify_UpDationOfSubCategoryInformation</a> <!-- method navigator-link -->
                      </span>
                      <br/>
                      <span>
                        <img src="passed.png" width="3%"/>
                        <a href="#" panel-name="suite-Regression_build_run" title="com.supermarket1.tests.ManageOrderTest" class="method navigator-link" hash-for-method="verify_ViewOption">verify_ViewOption</a> <!-- method navigator-link -->
                      </span>
                      <br/>
                    </div> <!-- method-list-content passed suite-Regression_build_run -->
                  </li>
                </ul>
              </div> <!-- suite-section-content -->
            </div> <!-- result-section -->
          </div> <!-- navigator-suite-content -->
        </div> <!-- rounded-window -->
      </div> <!-- suite -->
    </div> <!-- navigator-root -->
    <div class="wrapper">
      <div class="main-panel-root">
        <div panel-name="suite-Regression_build_run" class="panel Regression_build_run">
          <div class="suite-Regression_build_run-class-failed">
            <div class="main-panel-header rounded-window-top">
              <img src="failed.png"/>
              <span class="class-name">com.supermarket1.tests.ManageExpenseTest</span>
            </div> <!-- main-panel-header rounded-window-top -->
            <div class="main-panel-content rounded-window-bottom">
              <div class="method">
                <div class="method-content">
                  <a name="verify_DeleteOption">
                  </a> <!-- verify_DeleteOption -->
                  <span class="method-name">verify_DeleteOption</span>
                  <div class="stack-trace">org.openqa.selenium.NoSuchElementException: no such element: Unable to locate element: {&quot;method&quot;:&quot;xpath&quot;,&quot;selector&quot;:&quot;//a[@href=&apos;https://groceryapp.uniqassosiates.com/admin/Expense/cat_delete?del=603&amp;page_ad=1&apos;]//i[@class=&apos;fas fa-trash-alt&apos;]&quot;}
  (Session info: chrome=107.0.5304.107)
For documentation on this error, please visit: https://selenium.dev/exceptions/#no_such_element
Build info: version: &apos;4.3.0&apos;, revision: &apos;a4995e2c09*&apos;
System info: host: &apos;LAPTOP-N7T8FIF4&apos;, ip: &apos;192.168.18.69&apos;, os.name: &apos;Windows 11&apos;, os.arch: &apos;amd64&apos;, os.version: &apos;10.0&apos;, java.version: &apos;17.0.3.1&apos;
Driver info: org.openqa.selenium.chrome.ChromeDriver
Command: [4c84b3cca9cfc98e53482f4e2cc539fe, findElement {using=xpath, value=//a[@href=&apos;https://groceryapp.uniqassosiates.com/admin/Expense/cat_delete?del=603&amp;page_ad=1&apos;]//i[@class=&apos;fas fa-trash-alt&apos;]}]
Capabilities {acceptInsecureCerts: false, browserName: chrome, browserVersion: 107.0.5304.107, chrome: {chromedriverVersion: 107.0.5304.62 (1eec40d3a576..., userDataDir: C:\Users\lenovo\AppData\Loc...}, goog:chromeOptions: {debuggerAddress: localhost:54946}, networkConnectionEnabled: false, pageLoadStrategy: normal, platformName: WINDOWS, proxy: Proxy(), se:cdp: ws://localhost:54946/devtoo..., se:cdpVersion: 107.0.5304.107, setWindowRect: true, strictFileInteractability: false, timeouts: {implicit: 0, pageLoad: 300000, script: 30000}, unhandledPromptBehavior: dismiss and notify, webauthn:extension:credBlob: true, webauthn:extension:largeBlob: true, webauthn:virtualAuthenticators: true}
Session ID: 4c84b3cca9cfc98e53482f4e2cc539fe
	at org.openqa.selenium.remote.codec.w3c.W3CHttpResponseCodec.createException(W3CHttpResponseCodec.java:200)
	at org.openqa.selenium.remote.codec.w3c.W3CHttpResponseCodec.decode(W3CHttpResponseCodec.java:133)
	at org.openqa.selenium.remote.codec.w3c.W3CHttpResponseCodec.decode(W3CHttpResponseCodec.java:53)
	at org.openqa.selenium.remote.HttpCommandExecutor.execute(HttpCommandExecutor.java:184)
	at org.openqa.selenium.remote.service.DriverCommandExecutor.invokeExecute(DriverCommandExecutor.java:167)
	at org.openqa.selenium.remote.service.DriverCommandExecutor.execute(DriverCommandExecutor.java:142)
	at org.openqa.selenium.remote.RemoteWebDriver.execute(RemoteWebDriver.java:569)
	at org.openqa.selenium.remote.ElementLocation$ElementFinder$2.findElement(ElementLocation.java:162)
	at org.openqa.selenium.remote.ElementLocation.findElement(ElementLocation.java:60)
	at org.openqa.selenium.remote.RemoteWebDriver.findElement(RemoteWebDriver.java:387)
	at org.openqa.selenium.remote.RemoteWebDriver.findElement(RemoteWebDriver.java:379)
	at org.openqa.selenium.support.pagefactory.DefaultElementLocator.findElement(DefaultElementLocator.java:70)
	at org.openqa.selenium.support.pagefactory.internal.LocatingElementHandler.invoke(LocatingElementHandler.java:39)
	at jdk.proxy2/jdk.proxy2.$Proxy17.click(Unknown Source)
	at com.supermarket1.pages.ManageExpensePage.click_OnDelete(ManageExpensePage.java:81)
	at com.supermarket1.tests.ManageExpenseTest.verify_DeleteOption(ManageExpenseTest.java:48)
	at java.base/java.util.ArrayList.forEach(ArrayList.java:1511)
	at java.base/java.util.concurrent.FutureTask.run(FutureTask.java:264)
	at java.base/java.util.concurrent.ThreadPoolExecutor.runWorker(ThreadPoolExecutor.java:1136)
	at java.base/java.util.concurrent.ThreadPoolExecutor$Worker.run(ThreadPoolExecutor.java:635)
	at java.base/java.lang.Thread.run(Thread.java:833)
... Removed 23 stack frames
</div> <!-- stack-trace -->
                </div> <!-- method-content -->
              </div> <!-- method -->
            </div> <!-- main-panel-content rounded-window-bottom -->
          </div> <!-- suite-Regression_build_run-class-failed -->
          <div class="suite-Regression_build_run-class-failed">
            <div class="main-panel-header rounded-window-top">
              <img src="failed.png"/>
              <span class="class-name">com.supermarket1.tests.ManageCategoryTest</span>
            </div> <!-- main-panel-header rounded-window-top -->
            <div class="main-panel-content rounded-window-bottom">
              <div class="method">
                <div class="method-content">
                  <a name="verify_DeleteFunctinalitySubCategoryInformation">
                  </a> <!-- verify_DeleteFunctinalitySubCategoryInformation -->
                  <span class="method-name">verify_DeleteFunctinalitySubCategoryInformation</span>
                  <div class="stack-trace">org.openqa.selenium.NoSuchElementException: no such element: Unable to locate element: {&quot;method&quot;:&quot;xpath&quot;,&quot;selector&quot;:&quot;//a[@href=&apos;https://groceryapp.uniqassosiates.com/admin/Subcategory/delete?del=108&amp;page_ad=1&apos;]&quot;}
  (Session info: chrome=107.0.5304.107)
For documentation on this error, please visit: https://selenium.dev/exceptions/#no_such_element
Build info: version: &apos;4.3.0&apos;, revision: &apos;a4995e2c09*&apos;
System info: host: &apos;LAPTOP-N7T8FIF4&apos;, ip: &apos;192.168.18.69&apos;, os.name: &apos;Windows 11&apos;, os.arch: &apos;amd64&apos;, os.version: &apos;10.0&apos;, java.version: &apos;17.0.3.1&apos;
Driver info: org.openqa.selenium.chrome.ChromeDriver
Command: [b0ab7b07e105aa7a45f8ace3eea3bbab, findElement {using=xpath, value=//a[@href=&apos;https://groceryapp.uniqassosiates.com/admin/Subcategory/delete?del=108&amp;page_ad=1&apos;]}]
Capabilities {acceptInsecureCerts: false, browserName: chrome, browserVersion: 107.0.5304.107, chrome: {chromedriverVersion: 107.0.5304.62 (1eec40d3a576..., userDataDir: C:\Users\lenovo\AppData\Loc...}, goog:chromeOptions: {debuggerAddress: localhost:54858}, networkConnectionEnabled: false, pageLoadStrategy: normal, platformName: WINDOWS, proxy: Proxy(), se:cdp: ws://localhost:54858/devtoo..., se:cdpVersion: 107.0.5304.107, setWindowRect: true, strictFileInteractability: false, timeouts: {implicit: 0, pageLoad: 300000, script: 30000}, unhandledPromptBehavior: dismiss and notify, webauthn:extension:credBlob: true, webauthn:extension:largeBlob: true, webauthn:virtualAuthenticators: true}
Session ID: b0ab7b07e105aa7a45f8ace3eea3bbab
	at org.openqa.selenium.remote.codec.w3c.W3CHttpResponseCodec.createException(W3CHttpResponseCodec.java:200)
	at org.openqa.selenium.remote.codec.w3c.W3CHttpResponseCodec.decode(W3CHttpResponseCodec.java:133)
	at org.openqa.selenium.remote.codec.w3c.W3CHttpResponseCodec.decode(W3CHttpResponseCodec.java:53)
	at org.openqa.selenium.remote.HttpCommandExecutor.execute(HttpCommandExecutor.java:184)
	at org.openqa.selenium.remote.service.DriverCommandExecutor.invokeExecute(DriverCommandExecutor.java:167)
	at org.openqa.selenium.remote.service.DriverCommandExecutor.execute(DriverCommandExecutor.java:142)
	at org.openqa.selenium.remote.RemoteWebDriver.execute(RemoteWebDriver.java:569)
	at org.openqa.selenium.remote.ElementLocation$ElementFinder$2.findElement(ElementLocation.java:162)
	at org.openqa.selenium.remote.ElementLocation.findElement(ElementLocation.java:60)
	at org.openqa.selenium.remote.RemoteWebDriver.findElement(RemoteWebDriver.java:387)
	at org.openqa.selenium.remote.RemoteWebDriver.findElement(RemoteWebDriver.java:379)
	at org.openqa.selenium.support.pagefactory.DefaultElementLocator.findElement(DefaultElementLocator.java:70)
	at org.openqa.selenium.support.pagefactory.internal.LocatingElementHandler.invoke(LocatingElementHandler.java:39)
	at jdk.proxy2/jdk.proxy2.$Proxy17.click(Unknown Source)
	at com.supermarket1.pages.ManageCategoryPage.click_DeleteButton(ManageCategoryPage.java:148)
	at com.supermarket1.tests.ManageCategoryTest.verify_DeleteFunctinalitySubCategoryInformation(ManageCategoryTest.java:82)
	at java.base/java.util.ArrayList.forEach(ArrayList.java:1511)
	at java.base/java.util.concurrent.FutureTask.run(FutureTask.java:264)
	at java.base/java.util.concurrent.ThreadPoolExecutor.runWorker(ThreadPoolExecutor.java:1136)
	at java.base/java.util.concurrent.ThreadPoolExecutor$Worker.run(ThreadPoolExecutor.java:635)
	at java.base/java.lang.Thread.run(Thread.java:833)
... Removed 23 stack frames
</div> <!-- stack-trace -->
                </div> <!-- method-content -->
              </div> <!-- method -->
              <div class="method">
                <div class="method-content">
                  <a name="verify_SearchOption(DryFruits)">
                  </a> <!-- verify_SearchOption(DryFruits) -->
                  <span class="method-name">verify_SearchOption</span>
                  <span class="parameters">(DryFruits)</span>
                  <div class="stack-trace">org.openqa.selenium.NoSuchElementException: no such element: Unable to locate element: {&quot;method&quot;:&quot;xpath&quot;,&quot;selector&quot;:&quot;//button[@class=&apos;btn btn-danger&apos;]&quot;}
  (Session info: chrome=107.0.5304.107)
For documentation on this error, please visit: https://selenium.dev/exceptions/#no_such_element
Build info: version: &apos;4.3.0&apos;, revision: &apos;a4995e2c09*&apos;
System info: host: &apos;LAPTOP-N7T8FIF4&apos;, ip: &apos;192.168.18.69&apos;, os.name: &apos;Windows 11&apos;, os.arch: &apos;amd64&apos;, os.version: &apos;10.0&apos;, java.version: &apos;17.0.3.1&apos;
Driver info: org.openqa.selenium.chrome.ChromeDriver
Command: [698ceb2f91295ef40951e608151044c5, findElement {using=xpath, value=//button[@class=&apos;btn btn-danger&apos;]}]
Capabilities {acceptInsecureCerts: false, browserName: chrome, browserVersion: 107.0.5304.107, chrome: {chromedriverVersion: 107.0.5304.62 (1eec40d3a576..., userDataDir: C:\Users\lenovo\AppData\Loc...}, goog:chromeOptions: {debuggerAddress: localhost:55590}, networkConnectionEnabled: false, pageLoadStrategy: normal, platformName: WINDOWS, proxy: Proxy(), se:cdp: ws://localhost:55590/devtoo..., se:cdpVersion: 107.0.5304.107, setWindowRect: true, strictFileInteractability: false, timeouts: {implicit: 0, pageLoad: 300000, script: 30000}, unhandledPromptBehavior: dismiss and notify, webauthn:extension:credBlob: true, webauthn:extension:largeBlob: true, webauthn:virtualAuthenticators: true}
Session ID: 698ceb2f91295ef40951e608151044c5
	at org.openqa.selenium.remote.codec.w3c.W3CHttpResponseCodec.createException(W3CHttpResponseCodec.java:200)
	at org.openqa.selenium.remote.codec.w3c.W3CHttpResponseCodec.decode(W3CHttpResponseCodec.java:133)
	at org.openqa.selenium.remote.codec.w3c.W3CHttpResponseCodec.decode(W3CHttpResponseCodec.java:53)
	at org.openqa.selenium.remote.HttpCommandExecutor.execute(HttpCommandExecutor.java:184)
	at org.openqa.selenium.remote.service.DriverCommandExecutor.invokeExecute(DriverCommandExecutor.java:167)
	at org.openqa.selenium.remote.service.DriverCommandExecutor.execute(DriverCommandExecutor.java:142)
	at org.openqa.selenium.remote.RemoteWebDriver.execute(RemoteWebDriver.java:569)
	at org.openqa.selenium.remote.ElementLocation$ElementFinder$2.findElement(ElementLocation.java:162)
	at org.openqa.selenium.remote.ElementLocation.findElement(ElementLocation.java:60)
	at org.openqa.selenium.remote.RemoteWebDriver.findElement(RemoteWebDriver.java:387)
	at org.openqa.selenium.remote.RemoteWebDriver.findElement(RemoteWebDriver.java:379)
	at org.openqa.selenium.support.pagefactory.DefaultElementLocator.findElement(DefaultElementLocator.java:70)
	at org.openqa.selenium.support.pagefactory.internal.LocatingElementHandler.invoke(LocatingElementHandler.java:39)
	at jdk.proxy2/jdk.proxy2.$Proxy17.isEnabled(Unknown Source)
	at com.supermarket1.utilities.GeneralUtility.is_Enabled(GeneralUtility.java:30)
	at com.supermarket1.pages.ManageCategoryPage.saveButton_Enabled(ManageCategoryPage.java:93)
	at com.supermarket1.tests.ManageCategoryTest.verify_SearchOption(ManageCategoryTest.java:42)
	at java.base/java.util.ArrayList.forEach(ArrayList.java:1511)
	at java.base/java.util.concurrent.FutureTask.run(FutureTask.java:264)
	at java.base/java.util.concurrent.ThreadPoolExecutor.runWorker(ThreadPoolExecutor.java:1136)
	at java.base/java.util.concurrent.ThreadPoolExecutor$Worker.run(ThreadPoolExecutor.java:635)
	at java.base/java.lang.Thread.run(Thread.java:833)
... Removed 23 stack frames
</div> <!-- stack-trace -->
                </div> <!-- method-content -->
              </div> <!-- method -->
              <div class="method">
                <div class="method-content">
                  <a name="verify_SearchOption(pastry)">
                  </a> <!-- verify_SearchOption(pastry) -->
                  <span class="method-name">verify_SearchOption</span>
                  <span class="parameters">(pastry)</span>
                  <div class="stack-trace">org.openqa.selenium.NoSuchElementException: no such element: Unable to locate element: {&quot;method&quot;:&quot;xpath&quot;,&quot;selector&quot;:&quot;//button[@class=&apos;btn btn-danger&apos;]&quot;}
  (Session info: chrome=107.0.5304.107)
For documentation on this error, please visit: https://selenium.dev/exceptions/#no_such_element
Build info: version: &apos;4.3.0&apos;, revision: &apos;a4995e2c09*&apos;
System info: host: &apos;LAPTOP-N7T8FIF4&apos;, ip: &apos;192.168.18.69&apos;, os.name: &apos;Windows 11&apos;, os.arch: &apos;amd64&apos;, os.version: &apos;10.0&apos;, java.version: &apos;17.0.3.1&apos;
Driver info: org.openqa.selenium.chrome.ChromeDriver
Command: [986aeedda15d8cb40ffafc14425c40e2, findElement {using=xpath, value=//button[@class=&apos;btn btn-danger&apos;]}]
Capabilities {acceptInsecureCerts: false, browserName: chrome, browserVersion: 107.0.5304.107, chrome: {chromedriverVersion: 107.0.5304.62 (1eec40d3a576..., userDataDir: C:\Users\lenovo\AppData\Loc...}, goog:chromeOptions: {debuggerAddress: localhost:55496}, networkConnectionEnabled: false, pageLoadStrategy: normal, platformName: WINDOWS, proxy: Proxy(), se:cdp: ws://localhost:55496/devtoo..., se:cdpVersion: 107.0.5304.107, setWindowRect: true, strictFileInteractability: false, timeouts: {implicit: 0, pageLoad: 300000, script: 30000}, unhandledPromptBehavior: dismiss and notify, webauthn:extension:credBlob: true, webauthn:extension:largeBlob: true, webauthn:virtualAuthenticators: true}
Session ID: 986aeedda15d8cb40ffafc14425c40e2
	at org.openqa.selenium.remote.codec.w3c.W3CHttpResponseCodec.createException(W3CHttpResponseCodec.java:200)
	at org.openqa.selenium.remote.codec.w3c.W3CHttpResponseCodec.decode(W3CHttpResponseCodec.java:133)
	at org.openqa.selenium.remote.codec.w3c.W3CHttpResponseCodec.decode(W3CHttpResponseCodec.java:53)
	at org.openqa.selenium.remote.HttpCommandExecutor.execute(HttpCommandExecutor.java:184)
	at org.openqa.selenium.remote.service.DriverCommandExecutor.invokeExecute(DriverCommandExecutor.java:167)
	at org.openqa.selenium.remote.service.DriverCommandExecutor.execute(DriverCommandExecutor.java:142)
	at org.openqa.selenium.remote.RemoteWebDriver.execute(RemoteWebDriver.java:569)
	at org.openqa.selenium.remote.ElementLocation$ElementFinder$2.findElement(ElementLocation.java:162)
	at org.openqa.selenium.remote.ElementLocation.findElement(ElementLocation.java:60)
	at org.openqa.selenium.remote.RemoteWebDriver.findElement(RemoteWebDriver.java:387)
	at org.openqa.selenium.remote.RemoteWebDriver.findElement(RemoteWebDriver.java:379)
	at org.openqa.selenium.support.pagefactory.DefaultElementLocator.findElement(DefaultElementLocator.java:70)
	at org.openqa.selenium.support.pagefactory.internal.LocatingElementHandler.invoke(LocatingElementHandler.java:39)
	at jdk.proxy2/jdk.proxy2.$Proxy17.isEnabled(Unknown Source)
	at com.supermarket1.utilities.GeneralUtility.is_Enabled(GeneralUtility.java:30)
	at com.supermarket1.pages.ManageCategoryPage.saveButton_Enabled(ManageCategoryPage.java:93)
	at com.supermarket1.tests.ManageCategoryTest.verify_SearchOption(ManageCategoryTest.java:42)
	at java.base/java.util.ArrayList.forEach(ArrayList.java:1511)
	at java.base/java.util.concurrent.FutureTask.run(FutureTask.java:264)
	at java.base/java.util.concurrent.ThreadPoolExecutor.runWorker(ThreadPoolExecutor.java:1136)
	at java.base/java.util.concurrent.ThreadPoolExecutor$Worker.run(ThreadPoolExecutor.java:635)
	at java.base/java.lang.Thread.run(Thread.java:833)
... Removed 23 stack frames
</div> <!-- stack-trace -->
                </div> <!-- method-content -->
              </div> <!-- method -->
              <div class="method">
                <div class="method-content">
                  <a name="verify_SearchOption(Diary&amp;Bakery)">
                  </a> <!-- verify_SearchOption(Diary&Bakery) -->
                  <span class="method-name">verify_SearchOption</span>
                  <span class="parameters">(Diary&Bakery)</span>
                  <div class="stack-trace">org.openqa.selenium.NoSuchElementException: no such element: Unable to locate element: {&quot;method&quot;:&quot;xpath&quot;,&quot;selector&quot;:&quot;//button[@class=&apos;btn btn-danger&apos;]&quot;}
  (Session info: chrome=107.0.5304.107)
For documentation on this error, please visit: https://selenium.dev/exceptions/#no_such_element
Build info: version: &apos;4.3.0&apos;, revision: &apos;a4995e2c09*&apos;
System info: host: &apos;LAPTOP-N7T8FIF4&apos;, ip: &apos;192.168.18.69&apos;, os.name: &apos;Windows 11&apos;, os.arch: &apos;amd64&apos;, os.version: &apos;10.0&apos;, java.version: &apos;17.0.3.1&apos;
Driver info: org.openqa.selenium.chrome.ChromeDriver
Command: [3179b628c4b0c6d6eeed785fa7c1de86, findElement {using=xpath, value=//button[@class=&apos;btn btn-danger&apos;]}]
Capabilities {acceptInsecureCerts: false, browserName: chrome, browserVersion: 107.0.5304.107, chrome: {chromedriverVersion: 107.0.5304.62 (1eec40d3a576..., userDataDir: C:\Users\lenovo\AppData\Loc...}, goog:chromeOptions: {debuggerAddress: localhost:55524}, networkConnectionEnabled: false, pageLoadStrategy: normal, platformName: WINDOWS, proxy: Proxy(), se:cdp: ws://localhost:55524/devtoo..., se:cdpVersion: 107.0.5304.107, setWindowRect: true, strictFileInteractability: false, timeouts: {implicit: 0, pageLoad: 300000, script: 30000}, unhandledPromptBehavior: dismiss and notify, webauthn:extension:credBlob: true, webauthn:extension:largeBlob: true, webauthn:virtualAuthenticators: true}
Session ID: 3179b628c4b0c6d6eeed785fa7c1de86
	at org.openqa.selenium.remote.codec.w3c.W3CHttpResponseCodec.createException(W3CHttpResponseCodec.java:200)
	at org.openqa.selenium.remote.codec.w3c.W3CHttpResponseCodec.decode(W3CHttpResponseCodec.java:133)
	at org.openqa.selenium.remote.codec.w3c.W3CHttpResponseCodec.decode(W3CHttpResponseCodec.java:53)
	at org.openqa.selenium.remote.HttpCommandExecutor.execute(HttpCommandExecutor.java:184)
	at org.openqa.selenium.remote.service.DriverCommandExecutor.invokeExecute(DriverCommandExecutor.java:167)
	at org.openqa.selenium.remote.service.DriverCommandExecutor.execute(DriverCommandExecutor.java:142)
	at org.openqa.selenium.remote.RemoteWebDriver.execute(RemoteWebDriver.java:569)
	at org.openqa.selenium.remote.ElementLocation$ElementFinder$2.findElement(ElementLocation.java:162)
	at org.openqa.selenium.remote.ElementLocation.findElement(ElementLocation.java:60)
	at org.openqa.selenium.remote.RemoteWebDriver.findElement(RemoteWebDriver.java:387)
	at org.openqa.selenium.remote.RemoteWebDriver.findElement(RemoteWebDriver.java:379)
	at org.openqa.selenium.support.pagefactory.DefaultElementLocator.findElement(DefaultElementLocator.java:70)
	at org.openqa.selenium.support.pagefactory.internal.LocatingElementHandler.invoke(LocatingElementHandler.java:39)
	at jdk.proxy2/jdk.proxy2.$Proxy17.isEnabled(Unknown Source)
	at com.supermarket1.utilities.GeneralUtility.is_Enabled(GeneralUtility.java:30)
	at com.supermarket1.pages.ManageCategoryPage.saveButton_Enabled(ManageCategoryPage.java:93)
	at com.supermarket1.tests.ManageCategoryTest.verify_SearchOption(ManageCategoryTest.java:42)
	at java.base/java.util.ArrayList.forEach(ArrayList.java:1511)
	at java.base/java.util.concurrent.FutureTask.run(FutureTask.java:264)
	at java.base/java.util.concurrent.ThreadPoolExecutor.runWorker(ThreadPoolExecutor.java:1136)
	at java.base/java.util.concurrent.ThreadPoolExecutor$Worker.run(ThreadPoolExecutor.java:635)
	at java.base/java.lang.Thread.run(Thread.java:833)
... Removed 23 stack frames
</div> <!-- stack-trace -->
                </div> <!-- method-content -->
              </div> <!-- method -->
            </div> <!-- main-panel-content rounded-window-bottom -->
          </div> <!-- suite-Regression_build_run-class-failed -->
          <div class="suite-Regression_build_run-class-failed">
            <div class="main-panel-header rounded-window-top">
              <img src="failed.png"/>
              <span class="class-name">com.supermarket1.tests.ManageOrderTest</span>
            </div> <!-- main-panel-header rounded-window-top -->
            <div class="main-panel-content rounded-window-bottom">
              <div class="method">
                <div class="method-content">
                  <a name="verify_DetailsOfOrderId406">
                  </a> <!-- verify_DetailsOfOrderId406 -->
                  <span class="method-name">verify_DetailsOfOrderId406</span>
                  <div class="stack-trace">java.lang.AssertionError: expected [406] but found [403]
	at com.supermarket1.tests.ManageOrderTest.verify_DetailsOfOrderId406(ManageOrderTest.java:64)
	at java.base/java.util.ArrayList.forEach(ArrayList.java:1511)
	at java.base/java.util.concurrent.FutureTask.run(FutureTask.java:264)
	at java.base/java.util.concurrent.ThreadPoolExecutor.runWorker(ThreadPoolExecutor.java:1136)
	at java.base/java.util.concurrent.ThreadPoolExecutor$Worker.run(ThreadPoolExecutor.java:635)
	at java.base/java.lang.Thread.run(Thread.java:833)
... Removed 24 stack frames
</div> <!-- stack-trace -->
                </div> <!-- method-content -->
              </div> <!-- method -->
            </div> <!-- main-panel-content rounded-window-bottom -->
          </div> <!-- suite-Regression_build_run-class-failed -->
          <div class="suite-Regression_build_run-class-failed">
            <div class="main-panel-header rounded-window-top">
              <img src="failed.png"/>
              <span class="class-name">com.supermarket1.tests.ManageContentTest</span>
            </div> <!-- main-panel-header rounded-window-top -->
            <div class="main-panel-content rounded-window-bottom">
              <div class="method">
                <div class="method-content">
                  <a name="verify_ManageNewsPage(Stock Clearance)">
                  </a> <!-- verify_ManageNewsPage(Stock Clearance) -->
                  <span class="method-name">verify_ManageNewsPage</span>
                  <span class="parameters">(Stock Clearance)</span>
                  <div class="stack-trace">org.openqa.selenium.NoSuchElementException: no such element: Unable to locate element: {&quot;method&quot;:&quot;xpath&quot;,&quot;selector&quot;:&quot;//a[@href= &apos;https://groceryapp.uniqassosiates.com/admin/news/add&apos;]&quot;}
  (Session info: chrome=107.0.5304.107)
For documentation on this error, please visit: https://selenium.dev/exceptions/#no_such_element
Build info: version: &apos;4.3.0&apos;, revision: &apos;a4995e2c09*&apos;
System info: host: &apos;LAPTOP-N7T8FIF4&apos;, ip: &apos;192.168.18.69&apos;, os.name: &apos;Windows 11&apos;, os.arch: &apos;amd64&apos;, os.version: &apos;10.0&apos;, java.version: &apos;17.0.3.1&apos;
Driver info: org.openqa.selenium.chrome.ChromeDriver
Command: [cd13049ffd5d67ea7633ded9527963fc, findElement {using=xpath, value=//a[@href= &apos;https://groceryapp.uniqassosiates.com/admin/news/add&apos;]}]
Capabilities {acceptInsecureCerts: false, browserName: chrome, browserVersion: 107.0.5304.107, chrome: {chromedriverVersion: 107.0.5304.62 (1eec40d3a576..., userDataDir: C:\Users\lenovo\AppData\Loc...}, goog:chromeOptions: {debuggerAddress: localhost:55064}, networkConnectionEnabled: false, pageLoadStrategy: normal, platformName: WINDOWS, proxy: Proxy(), se:cdp: ws://localhost:55064/devtoo..., se:cdpVersion: 107.0.5304.107, setWindowRect: true, strictFileInteractability: false, timeouts: {implicit: 0, pageLoad: 300000, script: 30000}, unhandledPromptBehavior: dismiss and notify, webauthn:extension:credBlob: true, webauthn:extension:largeBlob: true, webauthn:virtualAuthenticators: true}
Session ID: cd13049ffd5d67ea7633ded9527963fc
	at org.openqa.selenium.remote.codec.w3c.W3CHttpResponseCodec.createException(W3CHttpResponseCodec.java:200)
	at org.openqa.selenium.remote.codec.w3c.W3CHttpResponseCodec.decode(W3CHttpResponseCodec.java:133)
	at org.openqa.selenium.remote.codec.w3c.W3CHttpResponseCodec.decode(W3CHttpResponseCodec.java:53)
	at org.openqa.selenium.remote.HttpCommandExecutor.execute(HttpCommandExecutor.java:184)
	at org.openqa.selenium.remote.service.DriverCommandExecutor.invokeExecute(DriverCommandExecutor.java:167)
	at org.openqa.selenium.remote.service.DriverCommandExecutor.execute(DriverCommandExecutor.java:142)
	at org.openqa.selenium.remote.RemoteWebDriver.execute(RemoteWebDriver.java:569)
	at org.openqa.selenium.remote.ElementLocation$ElementFinder$2.findElement(ElementLocation.java:162)
	at org.openqa.selenium.remote.ElementLocation.findElement(ElementLocation.java:60)
	at org.openqa.selenium.remote.RemoteWebDriver.findElement(RemoteWebDriver.java:387)
	at org.openqa.selenium.remote.RemoteWebDriver.findElement(RemoteWebDriver.java:379)
	at org.openqa.selenium.support.pagefactory.DefaultElementLocator.findElement(DefaultElementLocator.java:70)
	at org.openqa.selenium.support.pagefactory.internal.LocatingElementHandler.invoke(LocatingElementHandler.java:39)
	at jdk.proxy2/jdk.proxy2.$Proxy17.click(Unknown Source)
	at com.supermarket1.pages.ManageContentPage.clickOn_NewNewsOption(ManageContentPage.java:120)
	at com.supermarket1.tests.ManageContentTest.verify_ManageNewsPage(ManageContentTest.java:79)
	at java.base/java.util.ArrayList.forEach(ArrayList.java:1511)
	at java.base/java.util.concurrent.FutureTask.run(FutureTask.java:264)
	at java.base/java.util.concurrent.ThreadPoolExecutor.runWorker(ThreadPoolExecutor.java:1136)
	at java.base/java.util.concurrent.ThreadPoolExecutor$Worker.run(ThreadPoolExecutor.java:635)
	at java.base/java.lang.Thread.run(Thread.java:833)
... Removed 23 stack frames
</div> <!-- stack-trace -->
                </div> <!-- method-content -->
              </div> <!-- method -->
              <div class="method">
                <div class="method-content">
                  <a name="verify_ManagePageAddList">
                  </a> <!-- verify_ManagePageAddList -->
                  <span class="method-name">verify_ManagePageAddList</span>
                  <div class="stack-trace">org.openqa.selenium.NoSuchElementException: no such element: Unable to locate element: {&quot;method&quot;:&quot;xpath&quot;,&quot;selector&quot;:&quot;//a[@href=&apos;https://groceryapp.uniqassosiates.com/admin/pages/add&apos;]&quot;}
  (Session info: chrome=107.0.5304.107)
For documentation on this error, please visit: https://selenium.dev/exceptions/#no_such_element
Build info: version: &apos;4.3.0&apos;, revision: &apos;a4995e2c09*&apos;
System info: host: &apos;LAPTOP-N7T8FIF4&apos;, ip: &apos;192.168.18.69&apos;, os.name: &apos;Windows 11&apos;, os.arch: &apos;amd64&apos;, os.version: &apos;10.0&apos;, java.version: &apos;17.0.3.1&apos;
Driver info: org.openqa.selenium.chrome.ChromeDriver
Command: [a5958720a572fe652aef1fae627f10c0, findElement {using=xpath, value=//a[@href=&apos;https://groceryapp.uniqassosiates.com/admin/pages/add&apos;]}]
Capabilities {acceptInsecureCerts: false, browserName: chrome, browserVersion: 107.0.5304.107, chrome: {chromedriverVersion: 107.0.5304.62 (1eec40d3a576..., userDataDir: C:\Users\lenovo\AppData\Loc...}, goog:chromeOptions: {debuggerAddress: localhost:55278}, networkConnectionEnabled: false, pageLoadStrategy: normal, platformName: WINDOWS, proxy: Proxy(), se:cdp: ws://localhost:55278/devtoo..., se:cdpVersion: 107.0.5304.107, setWindowRect: true, strictFileInteractability: false, timeouts: {implicit: 0, pageLoad: 300000, script: 30000}, unhandledPromptBehavior: dismiss and notify, webauthn:extension:credBlob: true, webauthn:extension:largeBlob: true, webauthn:virtualAuthenticators: true}
Session ID: a5958720a572fe652aef1fae627f10c0
	at org.openqa.selenium.remote.codec.w3c.W3CHttpResponseCodec.createException(W3CHttpResponseCodec.java:200)
	at org.openqa.selenium.remote.codec.w3c.W3CHttpResponseCodec.decode(W3CHttpResponseCodec.java:133)
	at org.openqa.selenium.remote.codec.w3c.W3CHttpResponseCodec.decode(W3CHttpResponseCodec.java:53)
	at org.openqa.selenium.remote.HttpCommandExecutor.execute(HttpCommandExecutor.java:184)
	at org.openqa.selenium.remote.service.DriverCommandExecutor.invokeExecute(DriverCommandExecutor.java:167)
	at org.openqa.selenium.remote.service.DriverCommandExecutor.execute(DriverCommandExecutor.java:142)
	at org.openqa.selenium.remote.RemoteWebDriver.execute(RemoteWebDriver.java:569)
	at org.openqa.selenium.remote.ElementLocation$ElementFinder$2.findElement(ElementLocation.java:162)
	at org.openqa.selenium.remote.ElementLocation.findElement(ElementLocation.java:60)
	at org.openqa.selenium.remote.RemoteWebDriver.findElement(RemoteWebDriver.java:387)
	at org.openqa.selenium.remote.RemoteWebDriver.findElement(RemoteWebDriver.java:379)
	at org.openqa.selenium.support.pagefactory.DefaultElementLocator.findElement(DefaultElementLocator.java:70)
	at org.openqa.selenium.support.pagefactory.internal.LocatingElementHandler.invoke(LocatingElementHandler.java:39)
	at jdk.proxy2/jdk.proxy2.$Proxy17.getCssValue(Unknown Source)
	at com.supermarket1.utilities.GeneralUtility.get_CssValue(GeneralUtility.java:59)
	at com.supermarket1.pages.ManageContentPage.get_BackGroundColorOfNewOption(ManageContentPage.java:138)
	at com.supermarket1.tests.ManageContentTest.verify_ManagePageAddList(ManageContentTest.java:34)
	at java.base/java.util.ArrayList.forEach(ArrayList.java:1511)
	at java.base/java.util.concurrent.FutureTask.run(FutureTask.java:264)
	at java.base/java.util.concurrent.ThreadPoolExecutor.runWorker(ThreadPoolExecutor.java:1136)
	at java.base/java.util.concurrent.ThreadPoolExecutor$Worker.run(ThreadPoolExecutor.java:635)
	at java.base/java.lang.Thread.run(Thread.java:833)
... Removed 23 stack frames
</div> <!-- stack-trace -->
                </div> <!-- method-content -->
              </div> <!-- method -->
            </div> <!-- main-panel-content rounded-window-bottom -->
          </div> <!-- suite-Regression_build_run-class-failed -->
          <div class="suite-Regression_build_run-class-failed">
            <div class="main-panel-header rounded-window-top">
              <img src="failed.png"/>
              <span class="class-name">com.supermarket1.tests.ManageUsersTest</span>
            </div> <!-- main-panel-header rounded-window-top -->
            <div class="main-panel-content rounded-window-bottom">
              <div class="method">
                <div class="method-content">
                  <a name="verify_ManageUserDeactivation">
                  </a> <!-- verify_ManageUserDeactivation -->
                  <span class="method-name">verify_ManageUserDeactivation</span>
                  <div class="stack-trace">java.lang.AssertionError: expected [getAttributeValue] but found [alert alert-success alert-dismissible]
	at com.supermarket1.tests.ManageUsersTest.verify_ManageUserDeactivation(ManageUsersTest.java:27)
	at java.base/java.util.ArrayList.forEach(ArrayList.java:1511)
	at java.base/java.util.concurrent.FutureTask.run(FutureTask.java:264)
	at java.base/java.util.concurrent.ThreadPoolExecutor.runWorker(ThreadPoolExecutor.java:1136)
	at java.base/java.util.concurrent.ThreadPoolExecutor$Worker.run(ThreadPoolExecutor.java:635)
	at java.base/java.lang.Thread.run(Thread.java:833)
... Removed 24 stack frames
</div> <!-- stack-trace -->
                </div> <!-- method-content -->
              </div> <!-- method -->
            </div> <!-- main-panel-content rounded-window-bottom -->
          </div> <!-- suite-Regression_build_run-class-failed -->
          <div class="suite-Regression_build_run-class-failed">
            <div class="main-panel-header rounded-window-top">
              <img src="failed.png"/>
              <span class="class-name">com.supermarket1.tests.MobileSliderTest</span>
            </div> <!-- main-panel-header rounded-window-top -->
            <div class="main-panel-content rounded-window-bottom">
              <div class="method">
                <div class="method-content">
                  <a name="verify_AddingNewListOfMobileSlider">
                  </a> <!-- verify_AddingNewListOfMobileSlider -->
                  <span class="method-name">verify_AddingNewListOfMobileSlider</span>
                  <div class="stack-trace">org.openqa.selenium.NoSuchElementException: no such element: Unable to locate element: {&quot;method&quot;:&quot;xpath&quot;,&quot;selector&quot;:&quot;//img[@src=&apos;https://groceryapp.uniqassosiates.com/public/uploads/small/1667726156_f3e737d7ac87f34c2e44.png&apos;]&quot;}
  (Session info: chrome=107.0.5304.107)
For documentation on this error, please visit: https://selenium.dev/exceptions/#no_such_element
Build info: version: &apos;4.3.0&apos;, revision: &apos;a4995e2c09*&apos;
System info: host: &apos;LAPTOP-N7T8FIF4&apos;, ip: &apos;192.168.18.69&apos;, os.name: &apos;Windows 11&apos;, os.arch: &apos;amd64&apos;, os.version: &apos;10.0&apos;, java.version: &apos;17.0.3.1&apos;
Driver info: org.openqa.selenium.chrome.ChromeDriver
Command: [5cac60ddb81868e7221db4dd0fca67b0, findElement {using=xpath, value=//img[@src=&apos;https://groceryapp.uniqassosiates.com/public/uploads/small/1667726156_f3e737d7ac87f34c2e44.png&apos;]}]
Capabilities {acceptInsecureCerts: false, browserName: chrome, browserVersion: 107.0.5304.107, chrome: {chromedriverVersion: 107.0.5304.62 (1eec40d3a576..., userDataDir: C:\Users\lenovo\AppData\Loc...}, goog:chromeOptions: {debuggerAddress: localhost:54925}, networkConnectionEnabled: false, pageLoadStrategy: normal, platformName: WINDOWS, proxy: Proxy(), se:cdp: ws://localhost:54925/devtoo..., se:cdpVersion: 107.0.5304.107, setWindowRect: true, strictFileInteractability: false, timeouts: {implicit: 0, pageLoad: 300000, script: 30000}, unhandledPromptBehavior: dismiss and notify, webauthn:extension:credBlob: true, webauthn:extension:largeBlob: true, webauthn:virtualAuthenticators: true}
Session ID: 5cac60ddb81868e7221db4dd0fca67b0
	at org.openqa.selenium.remote.codec.w3c.W3CHttpResponseCodec.createException(W3CHttpResponseCodec.java:200)
	at org.openqa.selenium.remote.codec.w3c.W3CHttpResponseCodec.decode(W3CHttpResponseCodec.java:133)
	at org.openqa.selenium.remote.codec.w3c.W3CHttpResponseCodec.decode(W3CHttpResponseCodec.java:53)
	at org.openqa.selenium.remote.HttpCommandExecutor.execute(HttpCommandExecutor.java:184)
	at org.openqa.selenium.remote.service.DriverCommandExecutor.invokeExecute(DriverCommandExecutor.java:167)
	at org.openqa.selenium.remote.service.DriverCommandExecutor.execute(DriverCommandExecutor.java:142)
	at org.openqa.selenium.remote.RemoteWebDriver.execute(RemoteWebDriver.java:569)
	at org.openqa.selenium.remote.ElementLocation$ElementFinder$2.findElement(ElementLocation.java:162)
	at org.openqa.selenium.remote.ElementLocation.findElement(ElementLocation.java:60)
	at org.openqa.selenium.remote.RemoteWebDriver.findElement(RemoteWebDriver.java:387)
	at org.openqa.selenium.remote.RemoteWebDriver.findElement(RemoteWebDriver.java:379)
	at org.openqa.selenium.support.pagefactory.DefaultElementLocator.findElement(DefaultElementLocator.java:70)
	at org.openqa.selenium.support.pagefactory.internal.LocatingElementHandler.invoke(LocatingElementHandler.java:39)
	at jdk.proxy2/jdk.proxy2.$Proxy17.isDisplayed(Unknown Source)
	at com.supermarket1.utilities.GeneralUtility.is_Displayed(GeneralUtility.java:22)
	at com.supermarket1.pages.MobileSliderPage.savedImage_Displayed(MobileSliderPage.java:62)
	at com.supermarket1.tests.MobileSliderTest.verify_AddingNewListOfMobileSlider(MobileSliderTest.java:28)
	at java.base/java.util.ArrayList.forEach(ArrayList.java:1511)
	at java.base/java.util.concurrent.FutureTask.run(FutureTask.java:264)
	at java.base/java.util.concurrent.ThreadPoolExecutor.runWorker(ThreadPoolExecutor.java:1136)
	at java.base/java.util.concurrent.ThreadPoolExecutor$Worker.run(ThreadPoolExecutor.java:635)
	at java.base/java.lang.Thread.run(Thread.java:833)
... Removed 23 stack frames
</div> <!-- stack-trace -->
                </div> <!-- method-content -->
              </div> <!-- method -->
              <div class="method">
                <div class="method-content">
                  <a name="verify_StatusOptionForListOfMobileSlider">
                  </a> <!-- verify_StatusOptionForListOfMobileSlider -->
                  <span class="method-name">verify_StatusOptionForListOfMobileSlider</span>
                  <div class="stack-trace">org.openqa.selenium.NoSuchElementException: no such element: Unable to locate element: {&quot;method&quot;:&quot;xpath&quot;,&quot;selector&quot;:&quot;//a[@href=&apos;https://groceryapp.uniqassosiates.com/admin/Mobileslider/status?id=206&amp;st=inactive&amp;page_ad=1&apos;]&quot;}
  (Session info: chrome=107.0.5304.107)
For documentation on this error, please visit: https://selenium.dev/exceptions/#no_such_element
Build info: version: &apos;4.3.0&apos;, revision: &apos;a4995e2c09*&apos;
System info: host: &apos;LAPTOP-N7T8FIF4&apos;, ip: &apos;192.168.18.69&apos;, os.name: &apos;Windows 11&apos;, os.arch: &apos;amd64&apos;, os.version: &apos;10.0&apos;, java.version: &apos;17.0.3.1&apos;
Driver info: org.openqa.selenium.chrome.ChromeDriver
Command: [a21aa760b309b5dd47c58b9fa0bc067f, findElement {using=xpath, value=//a[@href=&apos;https://groceryapp.uniqassosiates.com/admin/Mobileslider/status?id=206&amp;st=inactive&amp;page_ad=1&apos;]}]
Capabilities {acceptInsecureCerts: false, browserName: chrome, browserVersion: 107.0.5304.107, chrome: {chromedriverVersion: 107.0.5304.62 (1eec40d3a576..., userDataDir: C:\Users\lenovo\AppData\Loc...}, goog:chromeOptions: {debuggerAddress: localhost:55092}, networkConnectionEnabled: false, pageLoadStrategy: normal, platformName: WINDOWS, proxy: Proxy(), se:cdp: ws://localhost:55092/devtoo..., se:cdpVersion: 107.0.5304.107, setWindowRect: true, strictFileInteractability: false, timeouts: {implicit: 0, pageLoad: 300000, script: 30000}, unhandledPromptBehavior: dismiss and notify, webauthn:extension:credBlob: true, webauthn:extension:largeBlob: true, webauthn:virtualAuthenticators: true}
Session ID: a21aa760b309b5dd47c58b9fa0bc067f
	at org.openqa.selenium.remote.codec.w3c.W3CHttpResponseCodec.createException(W3CHttpResponseCodec.java:200)
	at org.openqa.selenium.remote.codec.w3c.W3CHttpResponseCodec.decode(W3CHttpResponseCodec.java:133)
	at org.openqa.selenium.remote.codec.w3c.W3CHttpResponseCodec.decode(W3CHttpResponseCodec.java:53)
	at org.openqa.selenium.remote.HttpCommandExecutor.execute(HttpCommandExecutor.java:184)
	at org.openqa.selenium.remote.service.DriverCommandExecutor.invokeExecute(DriverCommandExecutor.java:167)
	at org.openqa.selenium.remote.service.DriverCommandExecutor.execute(DriverCommandExecutor.java:142)
	at org.openqa.selenium.remote.RemoteWebDriver.execute(RemoteWebDriver.java:569)
	at org.openqa.selenium.remote.ElementLocation$ElementFinder$2.findElement(ElementLocation.java:162)
	at org.openqa.selenium.remote.ElementLocation.findElement(ElementLocation.java:60)
	at org.openqa.selenium.remote.RemoteWebDriver.findElement(RemoteWebDriver.java:387)
	at org.openqa.selenium.remote.RemoteWebDriver.findElement(RemoteWebDriver.java:379)
	at org.openqa.selenium.support.pagefactory.DefaultElementLocator.findElement(DefaultElementLocator.java:70)
	at org.openqa.selenium.support.pagefactory.internal.LocatingElementHandler.invoke(LocatingElementHandler.java:39)
	at jdk.proxy2/jdk.proxy2.$Proxy17.click(Unknown Source)
	at com.supermarket1.pages.MobileSliderPage.click_StatusOption(MobileSliderPage.java:66)
	at com.supermarket1.tests.MobileSliderTest.verify_StatusOptionForListOfMobileSlider(MobileSliderTest.java:37)
	at java.base/java.util.ArrayList.forEach(ArrayList.java:1511)
	at java.base/java.util.concurrent.FutureTask.run(FutureTask.java:264)
	at java.base/java.util.concurrent.ThreadPoolExecutor.runWorker(ThreadPoolExecutor.java:1136)
	at java.base/java.util.concurrent.ThreadPoolExecutor$Worker.run(ThreadPoolExecutor.java:635)
	at java.base/java.lang.Thread.run(Thread.java:833)
... Removed 23 stack frames
</div> <!-- stack-trace -->
                </div> <!-- method-content -->
              </div> <!-- method -->
            </div> <!-- main-panel-content rounded-window-bottom -->
          </div> <!-- suite-Regression_build_run-class-failed -->
          <div class="suite-Regression_build_run-class-failed">
            <div class="main-panel-header rounded-window-top">
              <img src="failed.png"/>
              <span class="class-name">com.supermarket1.tests.LogInTest</span>
            </div> <!-- main-panel-header rounded-window-top -->
            <div class="main-panel-content rounded-window-bottom">
              <div class="method">
                <div class="method-content">
                  <a name="verify_LogOut">
                  </a> <!-- verify_LogOut -->
                  <span class="method-name">verify_LogOut</span>
                  <div class="stack-trace">org.openqa.selenium.NoSuchElementException: no such element: Unable to locate element: {&quot;method&quot;:&quot;xpath&quot;,&quot;selector&quot;:&quot;//img[@class=&apos;img-circle&apos;]&quot;}
  (Session info: chrome=107.0.5304.107)
For documentation on this error, please visit: https://selenium.dev/exceptions/#no_such_element
Build info: version: &apos;4.3.0&apos;, revision: &apos;a4995e2c09*&apos;
System info: host: &apos;LAPTOP-N7T8FIF4&apos;, ip: &apos;192.168.18.69&apos;, os.name: &apos;Windows 11&apos;, os.arch: &apos;amd64&apos;, os.version: &apos;10.0&apos;, java.version: &apos;17.0.3.1&apos;
Driver info: org.openqa.selenium.chrome.ChromeDriver
Command: [320d4a675990d38181b52955f98499f2, findElement {using=xpath, value=//img[@class=&apos;img-circle&apos;]}]
Capabilities {acceptInsecureCerts: false, browserName: chrome, browserVersion: 107.0.5304.107, chrome: {chromedriverVersion: 107.0.5304.62 (1eec40d3a576..., userDataDir: C:\Users\lenovo\AppData\Loc...}, goog:chromeOptions: {debuggerAddress: localhost:55009}, networkConnectionEnabled: false, pageLoadStrategy: normal, platformName: WINDOWS, proxy: Proxy(), se:cdp: ws://localhost:55009/devtoo..., se:cdpVersion: 107.0.5304.107, setWindowRect: true, strictFileInteractability: false, timeouts: {implicit: 0, pageLoad: 300000, script: 30000}, unhandledPromptBehavior: dismiss and notify, webauthn:extension:credBlob: true, webauthn:extension:largeBlob: true, webauthn:virtualAuthenticators: true}
Session ID: 320d4a675990d38181b52955f98499f2
	at org.openqa.selenium.remote.codec.w3c.W3CHttpResponseCodec.createException(W3CHttpResponseCodec.java:200)
	at org.openqa.selenium.remote.codec.w3c.W3CHttpResponseCodec.decode(W3CHttpResponseCodec.java:133)
	at org.openqa.selenium.remote.codec.w3c.W3CHttpResponseCodec.decode(W3CHttpResponseCodec.java:53)
	at org.openqa.selenium.remote.HttpCommandExecutor.execute(HttpCommandExecutor.java:184)
	at org.openqa.selenium.remote.service.DriverCommandExecutor.invokeExecute(DriverCommandExecutor.java:167)
	at org.openqa.selenium.remote.service.DriverCommandExecutor.execute(DriverCommandExecutor.java:142)
	at org.openqa.selenium.remote.RemoteWebDriver.execute(RemoteWebDriver.java:569)
	at org.openqa.selenium.remote.ElementLocation$ElementFinder$2.findElement(ElementLocation.java:162)
	at org.openqa.selenium.remote.ElementLocation.findElement(ElementLocation.java:60)
	at org.openqa.selenium.remote.RemoteWebDriver.findElement(RemoteWebDriver.java:387)
	at org.openqa.selenium.remote.RemoteWebDriver.findElement(RemoteWebDriver.java:379)
	at org.openqa.selenium.support.pagefactory.DefaultElementLocator.findElement(DefaultElementLocator.java:70)
	at org.openqa.selenium.support.pagefactory.internal.LocatingElementHandler.invoke(LocatingElementHandler.java:39)
	at jdk.proxy2/jdk.proxy2.$Proxy17.isDisplayed(Unknown Source)
	at com.supermarket1.utilities.GeneralUtility.is_Displayed(GeneralUtility.java:22)
	at com.supermarket1.pages.LogInPage.is_profileImageDisplayed(LogInPage.java:74)
	at com.supermarket1.tests.LogInTest.verify_LogOut(LogInTest.java:53)
	at java.base/java.util.ArrayList.forEach(ArrayList.java:1511)
	at java.base/java.util.concurrent.FutureTask.run(FutureTask.java:264)
	at java.base/java.util.concurrent.ThreadPoolExecutor.runWorker(ThreadPoolExecutor.java:1136)
	at java.base/java.util.concurrent.ThreadPoolExecutor$Worker.run(ThreadPoolExecutor.java:635)
	at java.base/java.lang.Thread.run(Thread.java:833)
... Removed 23 stack frames
</div> <!-- stack-trace -->
                </div> <!-- method-content -->
              </div> <!-- method -->
            </div> <!-- main-panel-content rounded-window-bottom -->
          </div> <!-- suite-Regression_build_run-class-failed -->
          <div class="suite-Regression_build_run-class-failed">
            <div class="main-panel-header rounded-window-top">
              <img src="failed.png"/>
              <span class="class-name">com.supermarket1.tests.ManageDeliveryBoyTest</span>
            </div> <!-- main-panel-header rounded-window-top -->
            <div class="main-panel-content rounded-window-bottom">
              <div class="method">
                <div class="method-content">
                  <a name="verify_SearchNameManageDeliveryBoy">
                  </a> <!-- verify_SearchNameManageDeliveryBoy -->
                  <span class="method-name">verify_SearchNameManageDeliveryBoy</span>
                  <div class="stack-trace">java.lang.AssertionError: expected [Max08_11_2022_11_24_19] but found [Max10_11_2022_10_58_08]
	at com.supermarket1.tests.ManageDeliveryBoyTest.verify_SearchNameManageDeliveryBoy(ManageDeliveryBoyTest.java:85)
	at java.base/java.util.ArrayList.forEach(ArrayList.java:1511)
	at java.base/java.util.concurrent.FutureTask.run(FutureTask.java:264)
	at java.base/java.util.concurrent.ThreadPoolExecutor.runWorker(ThreadPoolExecutor.java:1136)
	at java.base/java.util.concurrent.ThreadPoolExecutor$Worker.run(ThreadPoolExecutor.java:635)
	at java.base/java.lang.Thread.run(Thread.java:833)
... Removed 24 stack frames
</div> <!-- stack-trace -->
                </div> <!-- method-content -->
              </div> <!-- method -->
            </div> <!-- main-panel-content rounded-window-bottom -->
          </div> <!-- suite-Regression_build_run-class-failed -->
          <div class="suite-Regression_build_run-class-failed">
            <div class="main-panel-header rounded-window-top">
              <img src="failed.png"/>
              <span class="class-name">com.supermarket1.tests.ManageOfferCodeTest</span>
            </div> <!-- main-panel-header rounded-window-top -->
            <div class="main-panel-content rounded-window-bottom">
              <div class="method">
                <div class="method-content">
                  <a name="verify_EnterOfferInformations">
                  </a> <!-- verify_EnterOfferInformations -->
                  <span class="method-name">verify_EnterOfferInformations</span>
                  <div class="stack-trace">org.openqa.selenium.NoSuchElementException: no such element: Unable to locate element: {&quot;method&quot;:&quot;xpath&quot;,&quot;selector&quot;:&quot;//div[@class=&apos;alert alert-success alert-dismissible&apos;]&quot;}
  (Session info: chrome=107.0.5304.107)
For documentation on this error, please visit: https://selenium.dev/exceptions/#no_such_element
Build info: version: &apos;4.3.0&apos;, revision: &apos;a4995e2c09*&apos;
System info: host: &apos;LAPTOP-N7T8FIF4&apos;, ip: &apos;192.168.18.69&apos;, os.name: &apos;Windows 11&apos;, os.arch: &apos;amd64&apos;, os.version: &apos;10.0&apos;, java.version: &apos;17.0.3.1&apos;
Driver info: org.openqa.selenium.chrome.ChromeDriver
Command: [2277cd19b09e38971d9b1bcadcbb4d45, findElement {using=xpath, value=//div[@class=&apos;alert alert-success alert-dismissible&apos;]}]
Capabilities {acceptInsecureCerts: false, browserName: chrome, browserVersion: 107.0.5304.107, chrome: {chromedriverVersion: 107.0.5304.62 (1eec40d3a576..., userDataDir: C:\Users\lenovo\AppData\Loc...}, goog:chromeOptions: {debuggerAddress: localhost:55990}, networkConnectionEnabled: false, pageLoadStrategy: normal, platformName: WINDOWS, proxy: Proxy(), se:cdp: ws://localhost:55990/devtoo..., se:cdpVersion: 107.0.5304.107, setWindowRect: true, strictFileInteractability: false, timeouts: {implicit: 0, pageLoad: 300000, script: 30000}, unhandledPromptBehavior: dismiss and notify, webauthn:extension:credBlob: true, webauthn:extension:largeBlob: true, webauthn:virtualAuthenticators: true}
Session ID: 2277cd19b09e38971d9b1bcadcbb4d45
	at org.openqa.selenium.remote.codec.w3c.W3CHttpResponseCodec.createException(W3CHttpResponseCodec.java:200)
	at org.openqa.selenium.remote.codec.w3c.W3CHttpResponseCodec.decode(W3CHttpResponseCodec.java:133)
	at org.openqa.selenium.remote.codec.w3c.W3CHttpResponseCodec.decode(W3CHttpResponseCodec.java:53)
	at org.openqa.selenium.remote.HttpCommandExecutor.execute(HttpCommandExecutor.java:184)
	at org.openqa.selenium.remote.service.DriverCommandExecutor.invokeExecute(DriverCommandExecutor.java:167)
	at org.openqa.selenium.remote.service.DriverCommandExecutor.execute(DriverCommandExecutor.java:142)
	at org.openqa.selenium.remote.RemoteWebDriver.execute(RemoteWebDriver.java:569)
	at org.openqa.selenium.remote.ElementLocation$ElementFinder$2.findElement(ElementLocation.java:162)
	at org.openqa.selenium.remote.ElementLocation.findElement(ElementLocation.java:60)
	at org.openqa.selenium.remote.RemoteWebDriver.findElement(RemoteWebDriver.java:387)
	at org.openqa.selenium.remote.RemoteWebDriver.findElement(RemoteWebDriver.java:379)
	at org.openqa.selenium.support.pagefactory.DefaultElementLocator.findElement(DefaultElementLocator.java:70)
	at org.openqa.selenium.support.pagefactory.internal.LocatingElementHandler.invoke(LocatingElementHandler.java:39)
	at jdk.proxy2/jdk.proxy2.$Proxy17.getAttribute(Unknown Source)
	at com.supermarket1.utilities.GeneralUtility.get_Attribute(GeneralUtility.java:63)
	at com.supermarket1.pages.ManageOfferCodePage.get_SucessAlert(ManageOfferCodePage.java:97)
	at com.supermarket1.tests.ManageOfferCodeTest.verify_EnterOfferInformations(ManageOfferCodeTest.java:41)
	at java.base/java.util.ArrayList.forEach(ArrayList.java:1511)
	at java.base/java.util.concurrent.FutureTask.run(FutureTask.java:264)
	at java.base/java.util.concurrent.ThreadPoolExecutor.runWorker(ThreadPoolExecutor.java:1136)
	at java.base/java.util.concurrent.ThreadPoolExecutor$Worker.run(ThreadPoolExecutor.java:635)
	at java.base/java.lang.Thread.run(Thread.java:833)
... Removed 23 stack frames
</div> <!-- stack-trace -->
                </div> <!-- method-content -->
              </div> <!-- method -->
            </div> <!-- main-panel-content rounded-window-bottom -->
          </div> <!-- suite-Regression_build_run-class-failed -->
          <div class="suite-Regression_build_run-class-failed">
            <div class="main-panel-header rounded-window-top">
              <img src="failed.png"/>
              <span class="class-name">com.supermarket1.tests.ManageLocationTest</span>
            </div> <!-- main-panel-header rounded-window-top -->
            <div class="main-panel-content rounded-window-bottom">
              <div class="method">
                <div class="method-content">
                  <a name="verify_DeleteOption">
                  </a> <!-- verify_DeleteOption -->
                  <span class="method-name">verify_DeleteOption</span>
                  <div class="stack-trace">org.openqa.selenium.NoSuchElementException: no such element: Unable to locate element: {&quot;method&quot;:&quot;xpath&quot;,&quot;selector&quot;:&quot;//tbody//tr[1]//a[@href=&apos;https://groceryapp.uniqassosiates.com/admin/Location/delete?del=662&amp;page_ad=1&apos;]&quot;}
  (Session info: chrome=107.0.5304.107)
For documentation on this error, please visit: https://selenium.dev/exceptions/#no_such_element
Build info: version: &apos;4.3.0&apos;, revision: &apos;a4995e2c09*&apos;
System info: host: &apos;LAPTOP-N7T8FIF4&apos;, ip: &apos;192.168.18.69&apos;, os.name: &apos;Windows 11&apos;, os.arch: &apos;amd64&apos;, os.version: &apos;10.0&apos;, java.version: &apos;17.0.3.1&apos;
Driver info: org.openqa.selenium.chrome.ChromeDriver
Command: [9c047bc1d1bba5b5f245db9d169154dd, findElement {using=xpath, value=//tbody//tr[1]//a[@href=&apos;https://groceryapp.uniqassosiates.com/admin/Location/delete?del=662&amp;page_ad=1&apos;]}]
Capabilities {acceptInsecureCerts: false, browserName: chrome, browserVersion: 107.0.5304.107, chrome: {chromedriverVersion: 107.0.5304.62 (1eec40d3a576..., userDataDir: C:\Users\lenovo\AppData\Loc...}, goog:chromeOptions: {debuggerAddress: localhost:55112}, networkConnectionEnabled: false, pageLoadStrategy: normal, platformName: WINDOWS, proxy: Proxy(), se:cdp: ws://localhost:55112/devtoo..., se:cdpVersion: 107.0.5304.107, setWindowRect: true, strictFileInteractability: false, timeouts: {implicit: 0, pageLoad: 300000, script: 30000}, unhandledPromptBehavior: dismiss and notify, webauthn:extension:credBlob: true, webauthn:extension:largeBlob: true, webauthn:virtualAuthenticators: true}
Session ID: 9c047bc1d1bba5b5f245db9d169154dd
	at org.openqa.selenium.remote.codec.w3c.W3CHttpResponseCodec.createException(W3CHttpResponseCodec.java:200)
	at org.openqa.selenium.remote.codec.w3c.W3CHttpResponseCodec.decode(W3CHttpResponseCodec.java:133)
	at org.openqa.selenium.remote.codec.w3c.W3CHttpResponseCodec.decode(W3CHttpResponseCodec.java:53)
	at org.openqa.selenium.remote.HttpCommandExecutor.execute(HttpCommandExecutor.java:184)
	at org.openqa.selenium.remote.service.DriverCommandExecutor.invokeExecute(DriverCommandExecutor.java:167)
	at org.openqa.selenium.remote.service.DriverCommandExecutor.execute(DriverCommandExecutor.java:142)
	at org.openqa.selenium.remote.RemoteWebDriver.execute(RemoteWebDriver.java:569)
	at org.openqa.selenium.remote.ElementLocation$ElementFinder$2.findElement(ElementLocation.java:162)
	at org.openqa.selenium.remote.ElementLocation.findElement(ElementLocation.java:60)
	at org.openqa.selenium.remote.RemoteWebDriver.findElement(RemoteWebDriver.java:387)
	at org.openqa.selenium.remote.RemoteWebDriver.findElement(RemoteWebDriver.java:379)
	at org.openqa.selenium.support.pagefactory.DefaultElementLocator.findElement(DefaultElementLocator.java:70)
	at org.openqa.selenium.support.pagefactory.internal.LocatingElementHandler.invoke(LocatingElementHandler.java:39)
	at jdk.proxy2/jdk.proxy2.$Proxy17.click(Unknown Source)
	at com.supermarket1.pages.ManageLocationPage.click_DeleteButton(ManageLocationPage.java:106)
	at com.supermarket1.tests.ManageLocationTest.verify_DeleteOption(ManageLocationTest.java:64)
	at java.base/java.util.ArrayList.forEach(ArrayList.java:1511)
	at java.base/java.util.concurrent.FutureTask.run(FutureTask.java:264)
	at java.base/java.util.concurrent.ThreadPoolExecutor.runWorker(ThreadPoolExecutor.java:1136)
	at java.base/java.util.concurrent.ThreadPoolExecutor$Worker.run(ThreadPoolExecutor.java:635)
	at java.base/java.lang.Thread.run(Thread.java:833)
... Removed 23 stack frames
</div> <!-- stack-trace -->
                </div> <!-- method-content -->
              </div> <!-- method -->
              <div class="method">
                <div class="method-content">
                  <a name="verify_StatusChangeOption">
                  </a> <!-- verify_StatusChangeOption -->
                  <span class="method-name">verify_StatusChangeOption</span>
                  <div class="stack-trace">org.openqa.selenium.NoSuchElementException: no such element: Unable to locate element: {&quot;method&quot;:&quot;xpath&quot;,&quot;selector&quot;:&quot;//tbody//tr[2]//td//a[@href=&apos;https://groceryapp.uniqassosiates.com/admin/Location/status?id=659&amp;st=inactive&amp;page_ad=1&apos;]&quot;}
  (Session info: chrome=107.0.5304.107)
For documentation on this error, please visit: https://selenium.dev/exceptions/#no_such_element
Build info: version: &apos;4.3.0&apos;, revision: &apos;a4995e2c09*&apos;
System info: host: &apos;LAPTOP-N7T8FIF4&apos;, ip: &apos;192.168.18.69&apos;, os.name: &apos;Windows 11&apos;, os.arch: &apos;amd64&apos;, os.version: &apos;10.0&apos;, java.version: &apos;17.0.3.1&apos;
Driver info: org.openqa.selenium.chrome.ChromeDriver
Command: [2fd957ba9f9040bdb5414b0f261a1553, findElement {using=xpath, value=//tbody//tr[2]//td//a[@href=&apos;https://groceryapp.uniqassosiates.com/admin/Location/status?id=659&amp;st=inactive&amp;page_ad=1&apos;]}]
Capabilities {acceptInsecureCerts: false, browserName: chrome, browserVersion: 107.0.5304.107, chrome: {chromedriverVersion: 107.0.5304.62 (1eec40d3a576..., userDataDir: C:\Users\lenovo\AppData\Loc...}, goog:chromeOptions: {debuggerAddress: localhost:55864}, networkConnectionEnabled: false, pageLoadStrategy: normal, platformName: WINDOWS, proxy: Proxy(), se:cdp: ws://localhost:55864/devtoo..., se:cdpVersion: 107.0.5304.107, setWindowRect: true, strictFileInteractability: false, timeouts: {implicit: 0, pageLoad: 300000, script: 30000}, unhandledPromptBehavior: dismiss and notify, webauthn:extension:credBlob: true, webauthn:extension:largeBlob: true, webauthn:virtualAuthenticators: true}
Session ID: 2fd957ba9f9040bdb5414b0f261a1553
	at org.openqa.selenium.remote.codec.w3c.W3CHttpResponseCodec.createException(W3CHttpResponseCodec.java:200)
	at org.openqa.selenium.remote.codec.w3c.W3CHttpResponseCodec.decode(W3CHttpResponseCodec.java:133)
	at org.openqa.selenium.remote.codec.w3c.W3CHttpResponseCodec.decode(W3CHttpResponseCodec.java:53)
	at org.openqa.selenium.remote.HttpCommandExecutor.execute(HttpCommandExecutor.java:184)
	at org.openqa.selenium.remote.service.DriverCommandExecutor.invokeExecute(DriverCommandExecutor.java:167)
	at org.openqa.selenium.remote.service.DriverCommandExecutor.execute(DriverCommandExecutor.java:142)
	at org.openqa.selenium.remote.RemoteWebDriver.execute(RemoteWebDriver.java:569)
	at org.openqa.selenium.remote.ElementLocation$ElementFinder$2.findElement(ElementLocation.java:162)
	at org.openqa.selenium.remote.ElementLocation.findElement(ElementLocation.java:60)
	at org.openqa.selenium.remote.RemoteWebDriver.findElement(RemoteWebDriver.java:387)
	at org.openqa.selenium.remote.RemoteWebDriver.findElement(RemoteWebDriver.java:379)
	at org.openqa.selenium.support.pagefactory.DefaultElementLocator.findElement(DefaultElementLocator.java:70)
	at org.openqa.selenium.support.pagefactory.internal.LocatingElementHandler.invoke(LocatingElementHandler.java:39)
	at jdk.proxy2/jdk.proxy2.$Proxy17.click(Unknown Source)
	at com.supermarket1.pages.ManageLocationPage.click_OnStatusOption(ManageLocationPage.java:102)
	at com.supermarket1.tests.ManageLocationTest.verify_StatusChangeOption(ManageLocationTest.java:53)
	at java.base/java.util.ArrayList.forEach(ArrayList.java:1511)
	at java.base/java.util.concurrent.FutureTask.run(FutureTask.java:264)
	at java.base/java.util.concurrent.ThreadPoolExecutor.runWorker(ThreadPoolExecutor.java:1136)
	at java.base/java.util.concurrent.ThreadPoolExecutor$Worker.run(ThreadPoolExecutor.java:635)
	at java.base/java.lang.Thread.run(Thread.java:833)
... Removed 23 stack frames
</div> <!-- stack-trace -->
                </div> <!-- method-content -->
              </div> <!-- method -->
              <div class="method">
                <div class="method-content">
                  <a name="verify_UpDateLocationInformations">
                  </a> <!-- verify_UpDateLocationInformations -->
                  <span class="method-name">verify_UpDateLocationInformations</span>
                  <div class="stack-trace">org.openqa.selenium.NoSuchElementException: no such element: Unable to locate element: {&quot;method&quot;:&quot;xpath&quot;,&quot;selector&quot;:&quot;//a[@href=&apos;https://groceryapp.uniqassosiates.com/admin/Location/edit?edit=655&amp;page_ad=1&apos;]&quot;}
  (Session info: chrome=107.0.5304.107)
For documentation on this error, please visit: https://selenium.dev/exceptions/#no_such_element
Build info: version: &apos;4.3.0&apos;, revision: &apos;a4995e2c09*&apos;
System info: host: &apos;LAPTOP-N7T8FIF4&apos;, ip: &apos;192.168.18.69&apos;, os.name: &apos;Windows 11&apos;, os.arch: &apos;amd64&apos;, os.version: &apos;10.0&apos;, java.version: &apos;17.0.3.1&apos;
Driver info: org.openqa.selenium.chrome.ChromeDriver
Command: [e187eb5dc36d8c559d9b49ceefddbdb8, findElement {using=xpath, value=//a[@href=&apos;https://groceryapp.uniqassosiates.com/admin/Location/edit?edit=655&amp;page_ad=1&apos;]}]
Capabilities {acceptInsecureCerts: false, browserName: chrome, browserVersion: 107.0.5304.107, chrome: {chromedriverVersion: 107.0.5304.62 (1eec40d3a576..., userDataDir: C:\Users\lenovo\AppData\Loc...}, goog:chromeOptions: {debuggerAddress: localhost:55938}, networkConnectionEnabled: false, pageLoadStrategy: normal, platformName: WINDOWS, proxy: Proxy(), se:cdp: ws://localhost:55938/devtoo..., se:cdpVersion: 107.0.5304.107, setWindowRect: true, strictFileInteractability: false, timeouts: {implicit: 0, pageLoad: 300000, script: 30000}, unhandledPromptBehavior: dismiss and notify, webauthn:extension:credBlob: true, webauthn:extension:largeBlob: true, webauthn:virtualAuthenticators: true}
Session ID: e187eb5dc36d8c559d9b49ceefddbdb8
	at org.openqa.selenium.remote.codec.w3c.W3CHttpResponseCodec.createException(W3CHttpResponseCodec.java:200)
	at org.openqa.selenium.remote.codec.w3c.W3CHttpResponseCodec.decode(W3CHttpResponseCodec.java:133)
	at org.openqa.selenium.remote.codec.w3c.W3CHttpResponseCodec.decode(W3CHttpResponseCodec.java:53)
	at org.openqa.selenium.remote.HttpCommandExecutor.execute(HttpCommandExecutor.java:184)
	at org.openqa.selenium.remote.service.DriverCommandExecutor.invokeExecute(DriverCommandExecutor.java:167)
	at org.openqa.selenium.remote.service.DriverCommandExecutor.execute(DriverCommandExecutor.java:142)
	at org.openqa.selenium.remote.RemoteWebDriver.execute(RemoteWebDriver.java:569)
	at org.openqa.selenium.remote.ElementLocation$ElementFinder$2.findElement(ElementLocation.java:162)
	at org.openqa.selenium.remote.ElementLocation.findElement(ElementLocation.java:60)
	at org.openqa.selenium.remote.RemoteWebDriver.findElement(RemoteWebDriver.java:387)
	at org.openqa.selenium.remote.RemoteWebDriver.findElement(RemoteWebDriver.java:379)
	at org.openqa.selenium.support.pagefactory.DefaultElementLocator.findElement(DefaultElementLocator.java:70)
	at org.openqa.selenium.support.pagefactory.internal.LocatingElementHandler.invoke(LocatingElementHandler.java:39)
	at jdk.proxy2/jdk.proxy2.$Proxy17.click(Unknown Source)
	at com.supermarket1.pages.ManageLocationPage.click_EditOption(ManageLocationPage.java:94)
	at com.supermarket1.tests.ManageLocationTest.verify_UpDateLocationInformations(ManageLocationTest.java:41)
	at java.base/java.util.ArrayList.forEach(ArrayList.java:1511)
	at java.base/java.util.concurrent.FutureTask.run(FutureTask.java:264)
	at java.base/java.util.concurrent.ThreadPoolExecutor.runWorker(ThreadPoolExecutor.java:1136)
	at java.base/java.util.concurrent.ThreadPoolExecutor$Worker.run(ThreadPoolExecutor.java:635)
	at java.base/java.lang.Thread.run(Thread.java:833)
... Removed 23 stack frames
</div> <!-- stack-trace -->
                </div> <!-- method-content -->
              </div> <!-- method -->
            </div> <!-- main-panel-content rounded-window-bottom -->
          </div> <!-- suite-Regression_build_run-class-failed -->
          <div class="suite-Regression_build_run-class-passed">
            <div class="main-panel-header rounded-window-top">
              <img src="passed.png"/>
              <span class="class-name">com.supermarket1.tests.ManageCategoryTest</span>
            </div> <!-- main-panel-header rounded-window-top -->
            <div class="main-panel-content rounded-window-bottom">
              <div class="method">
                <div class="method-content">
                  <a name="verify_AddCategoryInManageCategory">
                  </a> <!-- verify_AddCategoryInManageCategory -->
                  <span class="method-name">verify_AddCategoryInManageCategory</span>
                </div> <!-- method-content -->
              </div> <!-- method -->
              <div class="method">
                <div class="method-content">
                  <a name="verify_EnterSubCategoryInformation">
                  </a> <!-- verify_EnterSubCategoryInformation -->
                  <span class="method-name">verify_EnterSubCategoryInformation</span>
                </div> <!-- method-content -->
              </div> <!-- method -->
              <div class="method">
                <div class="method-content">
                  <a name="verify_UpDationOfSubCategoryInformation">
                  </a> <!-- verify_UpDationOfSubCategoryInformation -->
                  <span class="method-name">verify_UpDationOfSubCategoryInformation</span>
                </div> <!-- method-content -->
              </div> <!-- method -->
            </div> <!-- main-panel-content rounded-window-bottom -->
          </div> <!-- suite-Regression_build_run-class-passed -->
          <div class="suite-Regression_build_run-class-passed">
            <div class="main-panel-header rounded-window-top">
              <img src="passed.png"/>
              <span class="class-name">com.supermarket1.tests.ManageOrderTest</span>
            </div> <!-- main-panel-header rounded-window-top -->
            <div class="main-panel-content rounded-window-bottom">
              <div class="method">
                <div class="method-content">
                  <a name="verify_ResetListOrders">
                  </a> <!-- verify_ResetListOrders -->
                  <span class="method-name">verify_ResetListOrders</span>
                </div> <!-- method-content -->
              </div> <!-- method -->
              <div class="method">
                <div class="method-content">
                  <a name="verify_SearchListOrders">
                  </a> <!-- verify_SearchListOrders -->
                  <span class="method-name">verify_SearchListOrders</span>
                </div> <!-- method-content -->
              </div> <!-- method -->
              <div class="method">
                <div class="method-content">
                  <a name="verify_ViewOption">
                  </a> <!-- verify_ViewOption -->
                  <span class="method-name">verify_ViewOption</span>
                </div> <!-- method-content -->
              </div> <!-- method -->
            </div> <!-- main-panel-content rounded-window-bottom -->
          </div> <!-- suite-Regression_build_run-class-passed -->
          <div class="suite-Regression_build_run-class-passed">
            <div class="main-panel-header rounded-window-top">
              <img src="passed.png"/>
              <span class="class-name">com.supermarket1.tests.ManageContentTest</span>
            </div> <!-- main-panel-header rounded-window-top -->
            <div class="main-panel-content rounded-window-bottom">
              <div class="method">
                <div class="method-content">
                  <a name="verify_ManageNewsPage(Wishlist Items)">
                  </a> <!-- verify_ManageNewsPage(Wishlist Items) -->
                  <span class="method-name">verify_ManageNewsPage</span>
                  <span class="parameters">(Wishlist Items)</span>
                </div> <!-- method-content -->
              </div> <!-- method -->
              <div class="method">
                <div class="method-content">
                  <a name="verify_ManageNewsPage(Happy customer)">
                  </a> <!-- verify_ManageNewsPage(Happy customer) -->
                  <span class="method-name">verify_ManageNewsPage</span>
                  <span class="parameters">(Happy customer)</span>
                </div> <!-- method-content -->
              </div> <!-- method -->
              <div class="method">
                <div class="method-content">
                  <a name="verify_ResetOptionForManageFooterPage">
                  </a> <!-- verify_ResetOptionForManageFooterPage -->
                  <span class="method-name">verify_ResetOptionForManageFooterPage</span>
                </div> <!-- method-content -->
              </div> <!-- method -->
              <div class="method">
                <div class="method-content">
                  <a name="verify_UpDateOptionForManageFooterPage">
                  </a> <!-- verify_UpDateOptionForManageFooterPage -->
                  <span class="method-name">verify_UpDateOptionForManageFooterPage</span>
                </div> <!-- method-content -->
              </div> <!-- method -->
            </div> <!-- main-panel-content rounded-window-bottom -->
          </div> <!-- suite-Regression_build_run-class-passed -->
          <div class="suite-Regression_build_run-class-passed">
            <div class="main-panel-header rounded-window-top">
              <img src="passed.png"/>
              <span class="class-name">com.supermarket1.tests.PushNotificationTest</span>
            </div> <!-- main-panel-header rounded-window-top -->
            <div class="main-panel-content rounded-window-bottom">
              <div class="method">
                <div class="method-content">
                  <a name="verify_PushNotification">
                  </a> <!-- verify_PushNotification -->
                  <span class="method-name">verify_PushNotification</span>
                </div> <!-- method-content -->
              </div> <!-- method -->
            </div> <!-- main-panel-content rounded-window-bottom -->
          </div> <!-- suite-Regression_build_run-class-passed -->
          <div class="suite-Regression_build_run-class-passed">
            <div class="main-panel-header rounded-window-top">
              <img src="passed.png"/>
              <span class="class-name">com.supermarket1.tests.ManageDeliveryBoyTest</span>
            </div> <!-- main-panel-header rounded-window-top -->
            <div class="main-panel-content rounded-window-bottom">
              <div class="method">
                <div class="method-content">
                  <a name="verify_ManageDeliveryBoy">
                  </a> <!-- verify_ManageDeliveryBoy -->
                  <span class="method-name">verify_ManageDeliveryBoy</span>
                </div> <!-- method-content -->
              </div> <!-- method -->
            </div> <!-- main-panel-content rounded-window-bottom -->
          </div> <!-- suite-Regression_build_run-class-passed -->
          <div class="suite-Regression_build_run-class-passed">
            <div class="main-panel-header rounded-window-top">
              <img src="passed.png"/>
              <span class="class-name">com.supermarket1.tests.ManageOfferCodeTest</span>
            </div> <!-- main-panel-header rounded-window-top -->
            <div class="main-panel-content rounded-window-bottom">
              <div class="method">
                <div class="method-content">
                  <a name="verify_SearchOfferCodes(500)">
                  </a> <!-- verify_SearchOfferCodes(500) -->
                  <span class="method-name">verify_SearchOfferCodes</span>
                  <span class="parameters">(500)</span>
                </div> <!-- method-content -->
              </div> <!-- method -->
              <div class="method">
                <div class="method-content">
                  <a name="verify_SearchOfferCodes(102)">
                  </a> <!-- verify_SearchOfferCodes(102) -->
                  <span class="method-name">verify_SearchOfferCodes</span>
                  <span class="parameters">(102)</span>
                </div> <!-- method-content -->
              </div> <!-- method -->
              <div class="method">
                <div class="method-content">
                  <a name="verify_SearchOfferCodes(457)">
                  </a> <!-- verify_SearchOfferCodes(457) -->
                  <span class="method-name">verify_SearchOfferCodes</span>
                  <span class="parameters">(457)</span>
                </div> <!-- method-content -->
              </div> <!-- method -->
              <div class="method">
                <div class="method-content">
                  <a name="verify_SearchOfferCodes(107)">
                  </a> <!-- verify_SearchOfferCodes(107) -->
                  <span class="method-name">verify_SearchOfferCodes</span>
                  <span class="parameters">(107)</span>
                </div> <!-- method-content -->
              </div> <!-- method -->
            </div> <!-- main-panel-content rounded-window-bottom -->
          </div> <!-- suite-Regression_build_run-class-passed -->
          <div class="suite-Regression_build_run-class-passed">
            <div class="main-panel-header rounded-window-top">
              <img src="passed.png"/>
              <span class="class-name">com.supermarket1.tests.AdminusersTest</span>
            </div> <!-- main-panel-header rounded-window-top -->
            <div class="main-panel-content rounded-window-bottom">
              <div class="method">
                <div class="method-content">
                  <a name="verify_AdminUsersInformations">
                  </a> <!-- verify_AdminUsersInformations -->
                  <span class="method-name">verify_AdminUsersInformations</span>
                </div> <!-- method-content -->
              </div> <!-- method -->
              <div class="method">
                <div class="method-content">
                  <a name="verify_SearchAdminUsersInformations(max@08_11_2022_11_24_19)">
                  </a> <!-- verify_SearchAdminUsersInformations(max@08_11_2022_11_24_19) -->
                  <span class="method-name">verify_SearchAdminUsersInformations</span>
                  <span class="parameters">(max@08_11_2022_11_24_19)</span>
                </div> <!-- method-content -->
              </div> <!-- method -->
              <div class="method">
                <div class="method-content">
                  <a name="verify_SearchAdminUsersInformations(devi12308_11_2022_11_15_44)">
                  </a> <!-- verify_SearchAdminUsersInformations(devi12308_11_2022_11_15_44) -->
                  <span class="method-name">verify_SearchAdminUsersInformations</span>
                  <span class="parameters">(devi12308_11_2022_11_15_44)</span>
                </div> <!-- method-content -->
              </div> <!-- method -->
              <div class="method">
                <div class="method-content">
                  <a name="verify_SearchAdminUsersInformations(Fathi)">
                  </a> <!-- verify_SearchAdminUsersInformations(Fathi) -->
                  <span class="method-name">verify_SearchAdminUsersInformations</span>
                  <span class="parameters">(Fathi)</span>
                </div> <!-- method-content -->
              </div> <!-- method -->
            </div> <!-- main-panel-content rounded-window-bottom -->
          </div> <!-- suite-Regression_build_run-class-passed -->
          <div class="suite-Regression_build_run-class-passed">
            <div class="main-panel-header rounded-window-top">
              <img src="passed.png"/>
              <span class="class-name">com.supermarket1.tests.ManageLocationTest</span>
            </div> <!-- main-panel-header rounded-window-top -->
            <div class="main-panel-content rounded-window-bottom">
              <div class="method">
                <div class="method-content">
                  <a name="verify_EnterLocationInformations">
                  </a> <!-- verify_EnterLocationInformations -->
                  <span class="method-name">verify_EnterLocationInformations</span>
                </div> <!-- method-content -->
              </div> <!-- method -->
            </div> <!-- main-panel-content rounded-window-bottom -->
          </div> <!-- suite-Regression_build_run-class-passed -->
          <div class="suite-Regression_build_run-class-passed">
            <div class="main-panel-header rounded-window-top">
              <img src="passed.png"/>
              <span class="class-name">com.supermarket1.tests.ManageSliderTest</span>
            </div> <!-- main-panel-header rounded-window-top -->
            <div class="main-panel-content rounded-window-bottom">
              <div class="method">
                <div class="method-content">
                  <a name="verify_EnterLocationInformations">
                  </a> <!-- verify_EnterLocationInformations -->
                  <span class="method-name">verify_EnterLocationInformations</span>
                </div> <!-- method-content -->
              </div> <!-- method -->
            </div> <!-- main-panel-content rounded-window-bottom -->
          </div> <!-- suite-Regression_build_run-class-passed -->
          <div class="suite-Regression_build_run-class-passed">
            <div class="main-panel-header rounded-window-top">
              <img src="passed.png"/>
              <span class="class-name">com.supermarket1.tests.ManageExpenseTest</span>
            </div> <!-- main-panel-header rounded-window-top -->
            <div class="main-panel-content rounded-window-bottom">
              <div class="method">
                <div class="method-content">
                  <a name="verify_AddManageExpenseDetails">
                  </a> <!-- verify_AddManageExpenseDetails -->
                  <span class="method-name">verify_AddManageExpenseDetails</span>
                </div> <!-- method-content -->
              </div> <!-- method -->
              <div class="method">
                <div class="method-content">
                  <a name="verify_AddedItemToExpenseCategory">
                  </a> <!-- verify_AddedItemToExpenseCategory -->
                  <span class="method-name">verify_AddedItemToExpenseCategory</span>
                </div> <!-- method-content -->
              </div> <!-- method -->
              <div class="method">
                <div class="method-content">
                  <a name="verify_SearchOption(Chocolates)">
                  </a> <!-- verify_SearchOption(Chocolates) -->
                  <span class="method-name">verify_SearchOption</span>
                  <span class="parameters">(Chocolates)</span>
                </div> <!-- method-content -->
              </div> <!-- method -->
              <div class="method">
                <div class="method-content">
                  <a name="verify_SearchOption(Mango)">
                  </a> <!-- verify_SearchOption(Mango) -->
                  <span class="method-name">verify_SearchOption</span>
                  <span class="parameters">(Mango)</span>
                </div> <!-- method-content -->
              </div> <!-- method -->
              <div class="method">
                <div class="method-content">
                  <a name="verify_SearchOption(Vegetables)">
                  </a> <!-- verify_SearchOption(Vegetables) -->
                  <span class="method-name">verify_SearchOption</span>
                  <span class="parameters">(Vegetables)</span>
                </div> <!-- method-content -->
              </div> <!-- method -->
              <div class="method">
                <div class="method-content">
                  <a name="verify_SearchOption(Grocery)">
                  </a> <!-- verify_SearchOption(Grocery) -->
                  <span class="method-name">verify_SearchOption</span>
                  <span class="parameters">(Grocery)</span>
                </div> <!-- method-content -->
              </div> <!-- method -->
            </div> <!-- main-panel-content rounded-window-bottom -->
          </div> <!-- suite-Regression_build_run-class-passed -->
          <div class="suite-Regression_build_run-class-passed">
            <div class="main-panel-header rounded-window-top">
              <img src="passed.png"/>
              <span class="class-name">com.supermarket1.tests.DashBoardTest</span>
            </div> <!-- main-panel-header rounded-window-top -->
            <div class="main-panel-content rounded-window-bottom">
              <div class="method">
                <div class="method-content">
                  <a name="verify_BackGroundColor">
                  </a> <!-- verify_BackGroundColor -->
                  <span class="method-name">verify_BackGroundColor</span>
                </div> <!-- method-content -->
              </div> <!-- method -->
              <div class="method">
                <div class="method-content">
                  <a name="verify_FontSize">
                  </a> <!-- verify_FontSize -->
                  <span class="method-name">verify_FontSize</span>
                </div> <!-- method-content -->
              </div> <!-- method -->
              <div class="method">
                <div class="method-content">
                  <a name="verify_IConIsDisplayedOrNot">
                  </a> <!-- verify_IConIsDisplayedOrNot -->
                  <span class="method-name">verify_IConIsDisplayedOrNot</span>
                </div> <!-- method-content -->
              </div> <!-- method -->
            </div> <!-- main-panel-content rounded-window-bottom -->
          </div> <!-- suite-Regression_build_run-class-passed -->
          <div class="suite-Regression_build_run-class-passed">
            <div class="main-panel-header rounded-window-top">
              <img src="passed.png"/>
              <span class="class-name">com.supermarket1.tests.LogInTest</span>
            </div> <!-- main-panel-header rounded-window-top -->
            <div class="main-panel-content rounded-window-bottom">
              <div class="method">
                <div class="method-content">
                  <a name="Verify_RememberMeCheckBox">
                  </a> <!-- Verify_RememberMeCheckBox -->
                  <span class="method-name">Verify_RememberMeCheckBox</span>
                </div> <!-- method-content -->
              </div> <!-- method -->
              <div class="method">
                <div class="method-content">
                  <a name="verify_InvalidData">
                  </a> <!-- verify_InvalidData -->
                  <span class="method-name">verify_InvalidData</span>
                </div> <!-- method-content -->
              </div> <!-- method -->
              <div class="method">
                <div class="method-content">
                  <a name="verify_LogIn">
                  </a> <!-- verify_LogIn -->
                  <span class="method-name">verify_LogIn</span>
                </div> <!-- method-content -->
              </div> <!-- method -->
            </div> <!-- main-panel-content rounded-window-bottom -->
          </div> <!-- suite-Regression_build_run-class-passed -->
        </div> <!-- panel Regression_build_run -->
        <div panel-name="test-xml-Regression_build_run" class="panel">
          <div class="main-panel-header rounded-window-top">
            <span class="header-content">C:\Users\lenovo\git\com.supermarket1\com.supermarket1\src\main\resources\XmlFiles\RegressionSuite.xml</span>
          </div> <!-- main-panel-header rounded-window-top -->
          <div class="main-panel-content rounded-window-bottom">
            <pre>
&lt;?xml version=&quot;1.0&quot; encoding=&quot;UTF-8&quot;?&gt;
&lt;!DOCTYPE suite SYSTEM &quot;https://testng.org/testng-1.0.dtd&quot;&gt;
&lt;suite parallel=&quot;tests&quot; name=&quot;Regression build run&quot; guice-stage=&quot;DEVELOPMENT&quot;&gt;
  &lt;listeners&gt;
    &lt;listener class-name=&quot;com.supermarket1.Listeners.ExtentReporter1&quot;/&gt;
  &lt;/listeners&gt;
  &lt;test thread-count=&quot;5&quot; parallel=&quot;tests&quot; name=&quot;Run Module 1&quot;&gt;
    &lt;classes&gt;
      &lt;class name=&quot;com.supermarket1.tests.AdminusersTest&quot;/&gt;
      &lt;class name=&quot;com.supermarket1.tests.DashBoardTest&quot;/&gt;
      &lt;class name=&quot;com.supermarket1.tests.LogInTest&quot;/&gt;
      &lt;class name=&quot;com.supermarket1.tests.ManageCategoryTest&quot;/&gt;
      &lt;class name=&quot;com.supermarket1.tests.ManageContentTest&quot;/&gt;
    &lt;/classes&gt;
  &lt;/test&gt; &lt;!-- Run Module 1 --&gt;
  &lt;test thread-count=&quot;5&quot; parallel=&quot;tests&quot; name=&quot;Run Module 2&quot;&gt;
    &lt;classes&gt;
      &lt;class name=&quot;com.supermarket1.tests.ManageDeliveryBoyTest&quot;/&gt;
      &lt;class name=&quot;com.supermarket1.tests.ManageExpenseTest&quot;/&gt;
      &lt;class name=&quot;com.supermarket1.tests.ManageLocationTest&quot;/&gt;
      &lt;class name=&quot;com.supermarket1.tests.ManageOfferCodeTest&quot;/&gt;
      &lt;class name=&quot;com.supermarket1.tests.ManageOrderTest&quot;/&gt;
    &lt;/classes&gt;
  &lt;/test&gt; &lt;!-- Run Module 2 --&gt;
  &lt;test thread-count=&quot;5&quot; parallel=&quot;tests&quot; name=&quot;Run Module 3&quot;&gt;
    &lt;classes&gt;
      &lt;class name=&quot;com.supermarket1.tests.ManageSliderTest&quot;/&gt;
      &lt;class name=&quot;com.supermarket1.tests.ManageUsersTest&quot;/&gt;
      &lt;class name=&quot;com.supermarket1.tests.MobileSliderTest&quot;/&gt;
      &lt;class name=&quot;com.supermarket1.tests.PushNotificationTest&quot;/&gt;
    &lt;/classes&gt;
  &lt;/test&gt; &lt;!-- Run Module 3 --&gt;
&lt;/suite&gt; &lt;!-- Regression build run --&gt;
            </pre>
          </div> <!-- main-panel-content rounded-window-bottom -->
        </div> <!-- panel -->
        <div panel-name="testlist-Regression_build_run" class="panel">
          <div class="main-panel-header rounded-window-top">
            <span class="header-content">Tests for Regression build run</span>
          </div> <!-- main-panel-header rounded-window-top -->
          <div class="main-panel-content rounded-window-bottom">
            <ul>
              <li>
                <span class="test-name">Run Module 1 (5 classes)</span>
              </li>
              <li>
                <span class="test-name">Run Module 2 (5 classes)</span>
              </li>
              <li>
                <span class="test-name">Run Module 3 (4 classes)</span>
              </li>
            </ul>
          </div> <!-- main-panel-content rounded-window-bottom -->
        </div> <!-- panel -->
        <div panel-name="group-Regression_build_run" class="panel">
          <div class="main-panel-header rounded-window-top">
            <span class="header-content">Groups for Regression build run</span>
          </div> <!-- main-panel-header rounded-window-top -->
          <div class="main-panel-content rounded-window-bottom">
            <div class="test-group">
              <span class="test-group-name">sanity</span>
              <br/>
              <div class="method-in-group">
                <span class="method-in-group-name">Verify_RememberMeCheckBox</span>
                <br/>
              </div> <!-- method-in-group -->
              <div class="method-in-group">
                <span class="method-in-group-name">verify_AddingNewListOfMobileSlider</span>
                <br/>
              </div> <!-- method-in-group -->
              <div class="method-in-group">
                <span class="method-in-group-name">verify_EnterLocationInformations</span>
                <br/>
              </div> <!-- method-in-group -->
              <div class="method-in-group">
                <span class="method-in-group-name">verify_UpDateOptionForManageFooterPage</span>
                <br/>
              </div> <!-- method-in-group -->
            </div> <!-- test-group -->
            <div class="test-group">
              <span class="test-group-name">smoke</span>
              <br/>
              <div class="method-in-group">
                <span class="method-in-group-name">verify_EnterLocationInformations</span>
                <br/>
              </div> <!-- method-in-group -->
              <div class="method-in-group">
                <span class="method-in-group-name">verify_LogIn</span>
                <br/>
              </div> <!-- method-in-group -->
              <div class="method-in-group">
                <span class="method-in-group-name">verify_StatusOptionForListOfMobileSlider</span>
                <br/>
              </div> <!-- method-in-group -->
              <div class="method-in-group">
                <span class="method-in-group-name">verify_UpDateOptionForManageFooterPage</span>
                <br/>
              </div> <!-- method-in-group -->
            </div> <!-- test-group -->
          </div> <!-- main-panel-content rounded-window-bottom -->
        </div> <!-- panel -->
        <div panel-name="times-Regression_build_run" class="panel">
          <div class="main-panel-header rounded-window-top">
            <span class="header-content">Times for Regression build run</span>
          </div> <!-- main-panel-header rounded-window-top -->
          <div class="main-panel-content rounded-window-bottom">
            <div class="times-div">
              <script type="text/javascript">
suiteTableInitFunctions.push('tableData_Regression_build_run');
function tableData_Regression_build_run() {
var data = new google.visualization.DataTable();
data.addColumn('number', 'Number');
data.addColumn('string', 'Method');
data.addColumn('string', 'Class');
data.addColumn('number', 'Time (ms)');
data.addRows(51);
data.setCell(0, 0, 0)
data.setCell(0, 1, 'verify_EnterOfferInformations')
data.setCell(0, 2, 'com.supermarket1.tests.ManageOfferCodeTest')
data.setCell(0, 3, 15341);
data.setCell(1, 0, 1)
data.setCell(1, 1, 'verify_AddingNewListOfMobileSlider')
data.setCell(1, 2, 'com.supermarket1.tests.MobileSliderTest')
data.setCell(1, 3, 14933);
data.setCell(2, 0, 2)
data.setCell(2, 1, 'verify_DeleteFunctinalitySubCategoryInformation')
data.setCell(2, 2, 'com.supermarket1.tests.ManageCategoryTest')
data.setCell(2, 3, 13858);
data.setCell(3, 0, 3)
data.setCell(3, 1, 'verify_ManagePageAddList')
data.setCell(3, 2, 'com.supermarket1.tests.ManageContentTest')
data.setCell(3, 3, 13615);
data.setCell(4, 0, 4)
data.setCell(4, 1, 'verify_DeleteOption')
data.setCell(4, 2, 'com.supermarket1.tests.ManageExpenseTest')
data.setCell(4, 3, 13362);
data.setCell(5, 0, 5)
data.setCell(5, 1, 'verify_SearchOption')
data.setCell(5, 2, 'com.supermarket1.tests.ManageCategoryTest')
data.setCell(5, 3, 12999);
data.setCell(6, 0, 6)
data.setCell(6, 1, 'verify_SearchOption')
data.setCell(6, 2, 'com.supermarket1.tests.ManageCategoryTest')
data.setCell(6, 3, 12980);
data.setCell(7, 0, 7)
data.setCell(7, 1, 'verify_SearchOption')
data.setCell(7, 2, 'com.supermarket1.tests.ManageCategoryTest')
data.setCell(7, 3, 12688);
data.setCell(8, 0, 8)
data.setCell(8, 1, 'verify_ManageNewsPage')
data.setCell(8, 2, 'com.supermarket1.tests.ManageContentTest')
data.setCell(8, 3, 12203);
data.setCell(9, 0, 9)
data.setCell(9, 1, 'verify_StatusOptionForListOfMobileSlider')
data.setCell(9, 2, 'com.supermarket1.tests.MobileSliderTest')
data.setCell(9, 3, 12138);
data.setCell(10, 0, 10)
data.setCell(10, 1, 'verify_LogOut')
data.setCell(10, 2, 'com.supermarket1.tests.LogInTest')
data.setCell(10, 3, 11580);
data.setCell(11, 0, 11)
data.setCell(11, 1, 'verify_StatusChangeOption')
data.setCell(11, 2, 'com.supermarket1.tests.ManageLocationTest')
data.setCell(11, 3, 11553);
data.setCell(12, 0, 12)
data.setCell(12, 1, 'verify_DeleteOption')
data.setCell(12, 2, 'com.supermarket1.tests.ManageLocationTest')
data.setCell(12, 3, 11340);
data.setCell(13, 0, 13)
data.setCell(13, 1, 'verify_UpDateLocationInformations')
data.setCell(13, 2, 'com.supermarket1.tests.ManageLocationTest')
data.setCell(13, 3, 11302);
data.setCell(14, 0, 14)
data.setCell(14, 1, 'verify_AddManageExpenseDetails')
data.setCell(14, 2, 'com.supermarket1.tests.ManageExpenseTest')
data.setCell(14, 3, 6262);
data.setCell(15, 0, 15)
data.setCell(15, 1, 'verify_AddCategoryInManageCategory')
data.setCell(15, 2, 'com.supermarket1.tests.ManageCategoryTest')
data.setCell(15, 3, 5763);
data.setCell(16, 0, 16)
data.setCell(16, 1, 'verify_SearchNameManageDeliveryBoy')
data.setCell(16, 2, 'com.supermarket1.tests.ManageDeliveryBoyTest')
data.setCell(16, 3, 4940);
data.setCell(17, 0, 17)
data.setCell(17, 1, 'verify_ManageDeliveryBoy')
data.setCell(17, 2, 'com.supermarket1.tests.ManageDeliveryBoyTest')
data.setCell(17, 3, 4637);
data.setCell(18, 0, 18)
data.setCell(18, 1, 'verify_EnterSubCategoryInformation')
data.setCell(18, 2, 'com.supermarket1.tests.ManageCategoryTest')
data.setCell(18, 3, 4390);
data.setCell(19, 0, 19)
data.setCell(19, 1, 'verify_EnterLocationInformations')
data.setCell(19, 2, 'com.supermarket1.tests.ManageSliderTest')
data.setCell(19, 3, 4204);
data.setCell(20, 0, 20)
data.setCell(20, 1, 'verify_UpDationOfSubCategoryInformation')
data.setCell(20, 2, 'com.supermarket1.tests.ManageCategoryTest')
data.setCell(20, 3, 3880);
data.setCell(21, 0, 21)
data.setCell(21, 1, 'verify_ViewOption')
data.setCell(21, 2, 'com.supermarket1.tests.ManageOrderTest')
data.setCell(21, 3, 3756);
data.setCell(22, 0, 22)
data.setCell(22, 1, 'verify_EnterLocationInformations')
data.setCell(22, 2, 'com.supermarket1.tests.ManageLocationTest')
data.setCell(22, 3, 3712);
data.setCell(23, 0, 23)
data.setCell(23, 1, 'verify_ResetListOrders')
data.setCell(23, 2, 'com.supermarket1.tests.ManageOrderTest')
data.setCell(23, 3, 3580);
data.setCell(24, 0, 24)
data.setCell(24, 1, 'verify_PushNotification')
data.setCell(24, 2, 'com.supermarket1.tests.PushNotificationTest')
data.setCell(24, 3, 3563);
data.setCell(25, 0, 25)
data.setCell(25, 1, 'verify_SearchListOrders')
data.setCell(25, 2, 'com.supermarket1.tests.ManageOrderTest')
data.setCell(25, 3, 3529);
data.setCell(26, 0, 26)
data.setCell(26, 1, 'verify_ManageNewsPage')
data.setCell(26, 2, 'com.supermarket1.tests.ManageContentTest')
data.setCell(26, 3, 3462);
data.setCell(27, 0, 27)
data.setCell(27, 1, 'verify_ManageNewsPage')
data.setCell(27, 2, 'com.supermarket1.tests.ManageContentTest')
data.setCell(27, 3, 3457);
data.setCell(28, 0, 28)
data.setCell(28, 1, 'verify_UpDateOptionForManageFooterPage')
data.setCell(28, 2, 'com.supermarket1.tests.ManageContentTest')
data.setCell(28, 3, 3390);
data.setCell(29, 0, 29)
data.setCell(29, 1, 'verify_AddedItemToExpenseCategory')
data.setCell(29, 2, 'com.supermarket1.tests.ManageExpenseTest')
data.setCell(29, 3, 3211);
data.setCell(30, 0, 30)
data.setCell(30, 1, 'verify_ManageUserDeactivation')
data.setCell(30, 2, 'com.supermarket1.tests.ManageUsersTest')
data.setCell(30, 3, 2965);
data.setCell(31, 0, 31)
data.setCell(31, 1, 'verify_SearchAdminUsersInformations')
data.setCell(31, 2, 'com.supermarket1.tests.AdminusersTest')
data.setCell(31, 3, 2830);
data.setCell(32, 0, 32)
data.setCell(32, 1, 'verify_SearchOfferCodes')
data.setCell(32, 2, 'com.supermarket1.tests.ManageOfferCodeTest')
data.setCell(32, 3, 2721);
data.setCell(33, 0, 33)
data.setCell(33, 1, 'verify_ResetOptionForManageFooterPage')
data.setCell(33, 2, 'com.supermarket1.tests.ManageContentTest')
data.setCell(33, 3, 2694);
data.setCell(34, 0, 34)
data.setCell(34, 1, 'verify_SearchOfferCodes')
data.setCell(34, 2, 'com.supermarket1.tests.ManageOfferCodeTest')
data.setCell(34, 3, 2669);
data.setCell(35, 0, 35)
data.setCell(35, 1, 'verify_SearchOption')
data.setCell(35, 2, 'com.supermarket1.tests.ManageExpenseTest')
data.setCell(35, 3, 2534);
data.setCell(36, 0, 36)
data.setCell(36, 1, 'verify_SearchOfferCodes')
data.setCell(36, 2, 'com.supermarket1.tests.ManageOfferCodeTest')
data.setCell(36, 3, 2469);
data.setCell(37, 0, 37)
data.setCell(37, 1, 'verify_SearchAdminUsersInformations')
data.setCell(37, 2, 'com.supermarket1.tests.AdminusersTest')
data.setCell(37, 3, 2341);
data.setCell(38, 0, 38)
data.setCell(38, 1, 'verify_SearchOption')
data.setCell(38, 2, 'com.supermarket1.tests.ManageExpenseTest')
data.setCell(38, 3, 2325);
data.setCell(39, 0, 39)
data.setCell(39, 1, 'verify_SearchAdminUsersInformations')
data.setCell(39, 2, 'com.supermarket1.tests.AdminusersTest')
data.setCell(39, 3, 2319);
data.setCell(40, 0, 40)
data.setCell(40, 1, 'verify_AdminUsersInformations')
data.setCell(40, 2, 'com.supermarket1.tests.AdminusersTest')
data.setCell(40, 3, 2243);
data.setCell(41, 0, 41)
data.setCell(41, 1, 'verify_SearchOfferCodes')
data.setCell(41, 2, 'com.supermarket1.tests.ManageOfferCodeTest')
data.setCell(41, 3, 2222);
data.setCell(42, 0, 42)
data.setCell(42, 1, 'verify_SearchOption')
data.setCell(42, 2, 'com.supermarket1.tests.ManageExpenseTest')
data.setCell(42, 3, 2222);
data.setCell(43, 0, 43)
data.setCell(43, 1, 'verify_DetailsOfOrderId406')
data.setCell(43, 2, 'com.supermarket1.tests.ManageOrderTest')
data.setCell(43, 3, 2132);
data.setCell(44, 0, 44)
data.setCell(44, 1, 'verify_SearchOption')
data.setCell(44, 2, 'com.supermarket1.tests.ManageExpenseTest')
data.setCell(44, 3, 2109);
data.setCell(45, 0, 45)
data.setCell(45, 1, 'verify_BackGroundColor')
data.setCell(45, 2, 'com.supermarket1.tests.DashBoardTest')
data.setCell(45, 3, 763);
data.setCell(46, 0, 46)
data.setCell(46, 1, 'verify_LogIn')
data.setCell(46, 2, 'com.supermarket1.tests.LogInTest')
data.setCell(46, 3, 744);
data.setCell(47, 0, 47)
data.setCell(47, 1, 'verify_FontSize')
data.setCell(47, 2, 'com.supermarket1.tests.DashBoardTest')
data.setCell(47, 3, 718);
data.setCell(48, 0, 48)
data.setCell(48, 1, 'verify_IConIsDisplayedOrNot')
data.setCell(48, 2, 'com.supermarket1.tests.DashBoardTest')
data.setCell(48, 3, 643);
data.setCell(49, 0, 49)
data.setCell(49, 1, 'verify_InvalidData')
data.setCell(49, 2, 'com.supermarket1.tests.LogInTest')
data.setCell(49, 3, 591);
data.setCell(50, 0, 50)
data.setCell(50, 1, 'Verify_RememberMeCheckBox')
data.setCell(50, 2, 'com.supermarket1.tests.LogInTest')
data.setCell(50, 3, 238);
window.suiteTableData['Regression_build_run']= { tableData: data, tableDiv: 'times-div-Regression_build_run'}
return data;
}
              </script>
              <span class="suite-total-time">Total running time: 6 minutes</span>
              <div id="times-div-Regression_build_run">
              </div> <!-- times-div-Regression_build_run -->
            </div> <!-- times-div -->
          </div> <!-- main-panel-content rounded-window-bottom -->
        </div> <!-- panel -->
        <div panel-name="reporter-Regression_build_run" class="panel">
          <div class="main-panel-header rounded-window-top">
            <span class="header-content">Reporter output for Regression build run</span>
          </div> <!-- main-panel-header rounded-window-top -->
          <div class="main-panel-content rounded-window-bottom">
          </div> <!-- main-panel-content rounded-window-bottom -->
        </div> <!-- panel -->
        <div panel-name="ignored-methods-Regression_build_run" class="panel">
          <div class="main-panel-header rounded-window-top">
            <span class="header-content">0 ignored methods</span>
          </div> <!-- main-panel-header rounded-window-top -->
          <div class="main-panel-content rounded-window-bottom">
          </div> <!-- main-panel-content rounded-window-bottom -->
        </div> <!-- panel -->
        <div panel-name="chronological-Regression_build_run" class="panel">
          <div class="main-panel-header rounded-window-top">
            <span class="header-content">Methods in chronological order</span>
          </div> <!-- main-panel-header rounded-window-top -->
          <div class="main-panel-content rounded-window-bottom">
            <div class="chronological-class">
              <div class="chronological-class-name">com.supermarket1.tests.LogInTest</div> <!-- chronological-class-name -->
              <div class="configuration-method before">
                <span class="method-name">setUp</span>
                <span class="method-start">0 ms</span>
              </div> <!-- configuration-method before -->
            </div> <!-- chronological-class -->
            <div class="chronological-class">
              <div class="chronological-class-name">com.supermarket1.tests.ManageExpenseTest</div> <!-- chronological-class-name -->
              <div class="configuration-method before">
                <span class="method-name">setUp</span>
                <span class="method-start">0 ms</span>
              </div> <!-- configuration-method before -->
            </div> <!-- chronological-class -->
            <div class="chronological-class">
              <div class="chronological-class-name">com.supermarket1.tests.ManageSliderTest</div> <!-- chronological-class-name -->
              <div class="configuration-method before">
                <span class="method-name">setUp</span>
                <span class="method-start">0 ms</span>
              </div> <!-- configuration-method before -->
            </div> <!-- chronological-class -->
            <div class="chronological-class">
              <div class="chronological-class-name">com.supermarket1.tests.LogInTest</div> <!-- chronological-class-name -->
              <div class="test-method">
                <span class="method-name">Verify_RememberMeCheckBox</span>
                <span class="method-start">4322 ms</span>
              </div> <!-- test-method -->
              <div class="configuration-method after">
                <span class="method-name">tearDown([TestResult name=Verify_RememberMeCheckBox status=SUCCESS method=LogInTest.Verify_RememberMeCheckBox...)</span>
                <span class="method-start">4562 ms</span>
              </div> <!-- configuration-method after -->
            </div> <!-- chronological-class -->
            <div class="chronological-class">
              <div class="chronological-class-name">com.supermarket1.tests.ManageExpenseTest</div> <!-- chronological-class-name -->
              <div class="test-method">
                <span class="method-name">verify_AddManageExpenseDetails</span>
                <span class="method-start">10926 ms</span>
              </div> <!-- test-method -->
            </div> <!-- chronological-class -->
            <div class="chronological-class">
              <div class="chronological-class-name">com.supermarket1.tests.ManageSliderTest</div> <!-- chronological-class-name -->
              <div class="test-method">
                <span class="method-name">verify_EnterLocationInformations</span>
                <span class="method-start">10953 ms</span>
              </div> <!-- test-method -->
              <div class="configuration-method after">
                <span class="method-name">tearDown([TestResult name=verify_EnterLocationInformations status=SUCCESS method=ManageSliderTest.verify_Ente...)</span>
                <span class="method-start">15158 ms</span>
              </div> <!-- configuration-method after -->
            </div> <!-- chronological-class -->
            <div class="chronological-class">
              <div class="chronological-class-name">com.supermarket1.tests.ManageExpenseTest</div> <!-- chronological-class-name -->
              <div class="configuration-method after">
                <span class="method-name">tearDown([TestResult name=verify_AddManageExpenseDetails status=SUCCESS method=ManageExpenseTest.verify_AddMa...)</span>
                <span class="method-start">17190 ms</span>
              </div> <!-- configuration-method after -->
            </div> <!-- chronological-class -->
            <div class="chronological-class">
              <div class="chronological-class-name">com.supermarket1.tests.AdminusersTest</div> <!-- chronological-class-name -->
              <div class="configuration-method before">
                <span class="method-name">setUp</span>
                <span class="method-start">20757 ms</span>
              </div> <!-- configuration-method before -->
              <div class="test-method">
                <span class="method-name">verify_AdminUsersInformations</span>
                <span class="method-start">22464 ms</span>
              </div> <!-- test-method -->
              <div class="configuration-method after">
                <span class="method-name">tearDown([TestResult name=verify_AdminUsersInformations status=SUCCESS method=AdminusersTest.verify_AdminUser...)</span>
                <span class="method-start">24708 ms</span>
              </div> <!-- configuration-method after -->
            </div> <!-- chronological-class -->
            <div class="chronological-class">
              <div class="chronological-class-name">com.supermarket1.tests.ManageCategoryTest</div> <!-- chronological-class-name -->
              <div class="configuration-method before">
                <span class="method-name">setUp</span>
                <span class="method-start">24786 ms</span>
              </div> <!-- configuration-method before -->
              <div class="test-method">
                <img src="failed.png">
                </img>
                <span class="method-name">verify_DeleteFunctinalitySubCategoryInformation</span>
                <span class="method-start">26461 ms</span>
              </div> <!-- test-method -->
            </div> <!-- chronological-class -->
            <div class="chronological-class">
              <div class="chronological-class-name">com.supermarket1.tests.ManageUsersTest</div> <!-- chronological-class-name -->
              <div class="configuration-method before">
                <span class="method-name">setUp</span>
                <span class="method-start">31423 ms</span>
              </div> <!-- configuration-method before -->
              <div class="test-method">
                <img src="failed.png">
                </img>
                <span class="method-name">verify_ManageUserDeactivation</span>
                <span class="method-start">33188 ms</span>
              </div> <!-- test-method -->
            </div> <!-- chronological-class -->
            <div class="chronological-class">
              <div class="chronological-class-name">com.supermarket1.tests.ManageExpenseTest</div> <!-- chronological-class-name -->
              <div class="configuration-method before">
                <span class="method-name">setUp</span>
                <span class="method-start">33395 ms</span>
              </div> <!-- configuration-method before -->
              <div class="test-method">
                <span class="method-name">verify_AddedItemToExpenseCategory</span>
                <span class="method-start">35032 ms</span>
              </div> <!-- test-method -->
            </div> <!-- chronological-class -->
            <div class="chronological-class">
              <div class="chronological-class-name">com.supermarket1.tests.ManageUsersTest</div> <!-- chronological-class-name -->
              <div class="configuration-method after">
                <span class="method-name">tearDown([TestResult name=verify_ManageUserDeactivation status=FAILURE method=ManageUsersTest.verify_ManageUs...)</span>
                <span class="method-start">36153 ms</span>
              </div> <!-- configuration-method after -->
            </div> <!-- chronological-class -->
            <div class="chronological-class">
              <div class="chronological-class-name">com.supermarket1.tests.MobileSliderTest</div> <!-- chronological-class-name -->
              <div class="configuration-method before">
                <span class="method-name">setUp</span>
                <span class="method-start">36536 ms</span>
              </div> <!-- configuration-method before -->
              <div class="test-method">
                <img src="failed.png">
                </img>
                <span class="method-name">verify_AddingNewListOfMobileSlider</span>
                <span class="method-start">38179 ms</span>
              </div> <!-- test-method -->
            </div> <!-- chronological-class -->
            <div class="chronological-class">
              <div class="chronological-class-name">com.supermarket1.tests.ManageExpenseTest</div> <!-- chronological-class-name -->
              <div class="configuration-method after">
                <span class="method-name">tearDown([TestResult name=verify_AddedItemToExpenseCategory status=SUCCESS method=ManageExpenseTest.verify_Ad...)</span>
                <span class="method-start">38243 ms</span>
              </div> <!-- configuration-method after -->
              <div class="configuration-method before">
                <span class="method-name">setUp</span>
                <span class="method-start">38336 ms</span>
              </div> <!-- configuration-method before -->
              <div class="test-method">
                <img src="failed.png">
                </img>
                <span class="method-name">verify_DeleteOption</span>
                <span class="method-start">40125 ms</span>
              </div> <!-- test-method -->
            </div> <!-- chronological-class -->
            <div class="chronological-class">
              <div class="chronological-class-name">com.supermarket1.tests.ManageCategoryTest</div> <!-- chronological-class-name -->
              <div class="configuration-method after">
                <span class="method-name">tearDown([TestResult name=verify_DeleteFunctinalitySubCategoryInformation status=FAILURE method=ManageCategor...)</span>
                <span class="method-start">40335 ms</span>
              </div> <!-- configuration-method after -->
            </div> <!-- chronological-class -->
            <div class="chronological-class">
              <div class="chronological-class-name">com.supermarket1.tests.LogInTest</div> <!-- chronological-class-name -->
              <div class="configuration-method before">
                <span class="method-name">setUp</span>
                <span class="method-start">40673 ms</span>
              </div> <!-- configuration-method before -->
              <div class="test-method">
                <span class="method-name">verify_InvalidData</span>
                <span class="method-start">42500 ms</span>
              </div> <!-- test-method -->
              <div class="configuration-method after">
                <span class="method-name">tearDown([TestResult name=verify_InvalidData status=SUCCESS method=LogInTest.verify_InvalidData()[pri:0, inst...)</span>
                <span class="method-start">43091 ms</span>
              </div> <!-- configuration-method after -->
              <div class="configuration-method before">
                <span class="method-name">setUp</span>
                <span class="method-start">43184 ms</span>
              </div> <!-- configuration-method before -->
              <div class="test-method">
                <span class="method-name">verify_LogIn</span>
                <span class="method-start">44905 ms</span>
              </div> <!-- test-method -->
              <div class="configuration-method after">
                <span class="method-name">tearDown([TestResult name=verify_LogIn status=SUCCESS method=LogInTest.verify_LogIn()[pri:0, instance:com.sup...)</span>
                <span class="method-start">45649 ms</span>
              </div> <!-- configuration-method after -->
              <div class="configuration-method before">
                <span class="method-name">setUp</span>
                <span class="method-start">45925 ms</span>
              </div> <!-- configuration-method before -->
              <div class="test-method">
                <img src="failed.png">
                </img>
                <span class="method-name">verify_LogOut</span>
                <span class="method-start">47417 ms</span>
              </div> <!-- test-method -->
            </div> <!-- chronological-class -->
            <div class="chronological-class">
              <div class="chronological-class-name">com.supermarket1.tests.MobileSliderTest</div> <!-- chronological-class-name -->
              <div class="configuration-method after">
                <span class="method-name">tearDown([TestResult name=verify_AddingNewListOfMobileSlider status=FAILURE method=MobileSliderTest.verify_Ad...)</span>
                <span class="method-start">53112 ms</span>
              </div> <!-- configuration-method after -->
            </div> <!-- chronological-class -->
            <div class="chronological-class">
              <div class="chronological-class-name">com.supermarket1.tests.ManageExpenseTest</div> <!-- chronological-class-name -->
              <div class="configuration-method after">
                <span class="method-name">tearDown([TestResult name=verify_DeleteOption status=FAILURE method=ManageExpenseTest.verify_DeleteOption()[p...)</span>
                <span class="method-start">53487 ms</span>
              </div> <!-- configuration-method after -->
            </div> <!-- chronological-class -->
            <div class="chronological-class">
              <div class="chronological-class-name">com.supermarket1.tests.LogInTest</div> <!-- chronological-class-name -->
              <div class="configuration-method after">
                <span class="method-name">tearDown([TestResult name=verify_LogOut status=FAILURE method=LogInTest.verify_LogOut()[pri:0, instance:com.s...)</span>
                <span class="method-start">59012 ms</span>
              </div> <!-- configuration-method after -->
            </div> <!-- chronological-class -->
            <div class="chronological-class">
              <div class="chronological-class-name">com.supermarket1.tests.ManageContentTest</div> <!-- chronological-class-name -->
              <div class="configuration-method before">
                <span class="method-name">setUp</span>
                <span class="method-start">59288 ms</span>
              </div> <!-- configuration-method before -->
              <div class="test-method">
                <span class="method-name">verify_ManageNewsPage(Happy customer)</span>
                <span class="method-start">61185 ms</span>
              </div> <!-- test-method -->
              <div class="configuration-method after">
                <span class="method-name">tearDown([TestResult name=verify_ManageNewsPage status=SUCCESS method=ManageContentTest.verify_ManageNewsPage...)</span>
                <span class="method-start">64644 ms</span>
              </div> <!-- configuration-method after -->
              <div class="configuration-method before">
                <span class="method-name">setUp</span>
                <span class="method-start">64795 ms</span>
              </div> <!-- configuration-method before -->
              <div class="test-method">
                <img src="failed.png">
                </img>
                <span class="method-name">verify_ManageNewsPage(Stock Clearance)</span>
                <span class="method-start">66701 ms</span>
              </div> <!-- test-method -->
            </div> <!-- chronological-class -->
            <div class="chronological-class">
              <div class="chronological-class-name">com.supermarket1.tests.MobileSliderTest</div> <!-- chronological-class-name -->
              <div class="configuration-method before">
                <span class="method-name">setUp</span>
                <span class="method-start">69530 ms</span>
              </div> <!-- configuration-method before -->
            </div> <!-- chronological-class -->
            <div class="chronological-class">
              <div class="chronological-class-name">com.supermarket1.tests.ManageLocationTest</div> <!-- chronological-class-name -->
              <div class="configuration-method before">
                <span class="method-name">setUp</span>
                <span class="method-start">69920 ms</span>
              </div> <!-- configuration-method before -->
            </div> <!-- chronological-class -->
            <div class="chronological-class">
              <div class="chronological-class-name">com.supermarket1.tests.MobileSliderTest</div> <!-- chronological-class-name -->
              <div class="test-method">
                <img src="failed.png">
                </img>
                <span class="method-name">verify_StatusOptionForListOfMobileSlider</span>
                <span class="method-start">71482 ms</span>
              </div> <!-- test-method -->
            </div> <!-- chronological-class -->
            <div class="chronological-class">
              <div class="chronological-class-name">com.supermarket1.tests.ManageLocationTest</div> <!-- chronological-class-name -->
              <div class="test-method">
                <img src="failed.png">
                </img>
                <span class="method-name">verify_DeleteOption</span>
                <span class="method-start">72415 ms</span>
              </div> <!-- test-method -->
            </div> <!-- chronological-class -->
            <div class="chronological-class">
              <div class="chronological-class-name">com.supermarket1.tests.ManageContentTest</div> <!-- chronological-class-name -->
              <div class="configuration-method after">
                <span class="method-name">tearDown([TestResult name=verify_ManageNewsPage status=FAILURE method=ManageContentTest.verify_ManageNewsPage...)</span>
                <span class="method-start">78904 ms</span>
              </div> <!-- configuration-method after -->
            </div> <!-- chronological-class -->
            <div class="chronological-class">
              <div class="chronological-class-name">com.supermarket1.tests.MobileSliderTest</div> <!-- chronological-class-name -->
              <div class="configuration-method after">
                <span class="method-name">tearDown([TestResult name=verify_StatusOptionForListOfMobileSlider status=FAILURE method=MobileSliderTest.ver...)</span>
                <span class="method-start">83635 ms</span>
              </div> <!-- configuration-method after -->
            </div> <!-- chronological-class -->
            <div class="chronological-class">
              <div class="chronological-class-name">com.supermarket1.tests.ManageLocationTest</div> <!-- chronological-class-name -->
              <div class="configuration-method after">
                <span class="method-name">tearDown([TestResult name=verify_DeleteOption status=FAILURE method=ManageLocationTest.verify_DeleteOption()[...)</span>
                <span class="method-start">83755 ms</span>
              </div> <!-- configuration-method after -->
            </div> <!-- chronological-class -->
            <div class="chronological-class">
              <div class="chronological-class-name">com.supermarket1.tests.ManageOrderTest</div> <!-- chronological-class-name -->
              <div class="configuration-method before">
                <span class="method-name">setUp</span>
                <span class="method-start">84149 ms</span>
              </div> <!-- configuration-method before -->
              <div class="test-method">
                <img src="failed.png">
                </img>
                <span class="method-name">verify_DetailsOfOrderId406</span>
                <span class="method-start">85713 ms</span>
              </div> <!-- test-method -->
              <div class="configuration-method after">
                <span class="method-name">tearDown([TestResult name=verify_DetailsOfOrderId406 status=FAILURE method=ManageOrderTest.verify_DetailsOfOr...)</span>
                <span class="method-start">87845 ms</span>
              </div> <!-- configuration-method after -->
            </div> <!-- chronological-class -->
            <div class="chronological-class">
              <div class="chronological-class-name">com.supermarket1.tests.ManageLocationTest</div> <!-- chronological-class-name -->
              <div class="configuration-method before">
                <span class="method-name">setUp</span>
                <span class="method-start">88220 ms</span>
              </div> <!-- configuration-method before -->
              <div class="test-method">
                <span class="method-name">verify_EnterLocationInformations</span>
                <span class="method-start">89963 ms</span>
              </div> <!-- test-method -->
              <div class="configuration-method after">
                <span class="method-name">tearDown([TestResult name=verify_EnterLocationInformations status=SUCCESS method=ManageLocationTest.verify_En...)</span>
                <span class="method-start">93675 ms</span>
              </div> <!-- configuration-method after -->
            </div> <!-- chronological-class -->
            <div class="chronological-class">
              <div class="chronological-class-name">com.supermarket1.tests.ManageContentTest</div> <!-- chronological-class-name -->
              <div class="configuration-method before">
                <span class="method-name">setUp</span>
                <span class="method-start">95391 ms</span>
              </div> <!-- configuration-method before -->
              <div class="test-method">
                <span class="method-name">verify_ManageNewsPage(Wishlist Items)</span>
                <span class="method-start">97013 ms</span>
              </div> <!-- test-method -->
            </div> <!-- chronological-class -->
            <div class="chronological-class">
              <div class="chronological-class-name">com.supermarket1.tests.PushNotificationTest</div> <!-- chronological-class-name -->
              <div class="configuration-method before">
                <span class="method-name">setUp</span>
                <span class="method-start">100097 ms</span>
              </div> <!-- configuration-method before -->
            </div> <!-- chronological-class -->
            <div class="chronological-class">
              <div class="chronological-class-name">com.supermarket1.tests.ManageContentTest</div> <!-- chronological-class-name -->
              <div class="configuration-method after">
                <span class="method-name">tearDown([TestResult name=verify_ManageNewsPage status=SUCCESS method=ManageContentTest.verify_ManageNewsPage...)</span>
                <span class="method-start">100476 ms</span>
              </div> <!-- configuration-method after -->
            </div> <!-- chronological-class -->
            <div class="chronological-class">
              <div class="chronological-class-name">com.supermarket1.tests.PushNotificationTest</div> <!-- chronological-class-name -->
              <div class="test-method">
                <span class="method-name">verify_PushNotification</span>
                <span class="method-start">101962 ms</span>
              </div> <!-- test-method -->
              <div class="configuration-method after">
                <span class="method-name">tearDown([TestResult name=verify_PushNotification status=SUCCESS method=PushNotificationTest.verify_PushNotif...)</span>
                <span class="method-start">105526 ms</span>
              </div> <!-- configuration-method after -->
            </div> <!-- chronological-class -->
            <div class="chronological-class">
              <div class="chronological-class-name">com.supermarket1.tests.ManageDeliveryBoyTest</div> <!-- chronological-class-name -->
              <div class="configuration-method before">
                <span class="method-name">setUp</span>
                <span class="method-start">109920 ms</span>
              </div> <!-- configuration-method before -->
              <div class="test-method">
                <span class="method-name">verify_ManageDeliveryBoy</span>
                <span class="method-start">111876 ms</span>
              </div> <!-- test-method -->
              <div class="configuration-method after">
                <span class="method-name">tearDown([TestResult name=verify_ManageDeliveryBoy status=SUCCESS method=ManageDeliveryBoyTest.verify_ManageD...)</span>
                <span class="method-start">116521 ms</span>
              </div> <!-- configuration-method after -->
            </div> <!-- chronological-class -->
            <div class="chronological-class">
              <div class="chronological-class-name">com.supermarket1.tests.ManageContentTest</div> <!-- chronological-class-name -->
              <div class="configuration-method before">
                <span class="method-name">setUp</span>
                <span class="method-start">116722 ms</span>
              </div> <!-- configuration-method before -->
              <div class="test-method">
                <img src="failed.png">
                </img>
                <span class="method-name">verify_ManagePageAddList</span>
                <span class="method-start">118508 ms</span>
              </div> <!-- test-method -->
              <div class="configuration-method after">
                <span class="method-name">tearDown([TestResult name=verify_ManagePageAddList status=FAILURE method=ManageContentTest.verify_ManagePageA...)</span>
                <span class="method-start">132138 ms</span>
              </div> <!-- configuration-method after -->
            </div> <!-- chronological-class -->
            <div class="chronological-class">
              <div class="chronological-class-name">com.supermarket1.tests.ManageOrderTest</div> <!-- chronological-class-name -->
              <div class="configuration-method before">
                <span class="method-name">setUp</span>
                <span class="method-start">132737 ms</span>
              </div> <!-- configuration-method before -->
              <div class="test-method">
                <span class="method-name">verify_ResetListOrders</span>
                <span class="method-start">134762 ms</span>
              </div> <!-- test-method -->
              <div class="configuration-method after">
                <span class="method-name">tearDown([TestResult name=verify_ResetListOrders status=SUCCESS method=ManageOrderTest.verify_ResetListOrders...)</span>
                <span class="method-start">138342 ms</span>
              </div> <!-- configuration-method after -->
            </div> <!-- chronological-class -->
            <div class="chronological-class">
              <div class="chronological-class-name">com.supermarket1.tests.ManageContentTest</div> <!-- chronological-class-name -->
              <div class="configuration-method before">
                <span class="method-name">setUp</span>
                <span class="method-start">148595 ms</span>
              </div> <!-- configuration-method before -->
              <div class="test-method">
                <span class="method-name">verify_ResetOptionForManageFooterPage</span>
                <span class="method-start">150385 ms</span>
              </div> <!-- test-method -->
              <div class="configuration-method after">
                <span class="method-name">tearDown([TestResult name=verify_ResetOptionForManageFooterPage status=SUCCESS method=ManageContentTest.verif...)</span>
                <span class="method-start">153080 ms</span>
              </div> <!-- configuration-method after -->
            </div> <!-- chronological-class -->
            <div class="chronological-class">
              <div class="chronological-class-name">com.supermarket1.tests.AdminusersTest</div> <!-- chronological-class-name -->
              <div class="configuration-method before">
                <span class="method-name">setUp</span>
                <span class="method-start">153281 ms</span>
              </div> <!-- configuration-method before -->
            </div> <!-- chronological-class -->
            <div class="chronological-class">
              <div class="chronological-class-name">com.supermarket1.tests.ManageOrderTest</div> <!-- chronological-class-name -->
              <div class="configuration-method before">
                <span class="method-name">setUp</span>
                <span class="method-start">154576 ms</span>
              </div> <!-- configuration-method before -->
            </div> <!-- chronological-class -->
            <div class="chronological-class">
              <div class="chronological-class-name">com.supermarket1.tests.AdminusersTest</div> <!-- chronological-class-name -->
              <div class="test-method">
                <span class="method-name">verify_SearchAdminUsersInformations(max@08_11_2022_11_24_19)</span>
                <span class="method-start">155201 ms</span>
              </div> <!-- test-method -->
            </div> <!-- chronological-class -->
            <div class="chronological-class">
              <div class="chronological-class-name">com.supermarket1.tests.ManageOrderTest</div> <!-- chronological-class-name -->
              <div class="test-method">
                <span class="method-name">verify_SearchListOrders</span>
                <span class="method-start">156377 ms</span>
              </div> <!-- test-method -->
            </div> <!-- chronological-class -->
            <div class="chronological-class">
              <div class="chronological-class-name">com.supermarket1.tests.AdminusersTest</div> <!-- chronological-class-name -->
              <div class="configuration-method after">
                <span class="method-name">tearDown([TestResult name=verify_SearchAdminUsersInformations status=SUCCESS method=AdminusersTest.verify_Sea...)</span>
                <span class="method-start">158032 ms</span>
              </div> <!-- configuration-method after -->
              <div class="configuration-method before">
                <span class="method-name">setUp</span>
                <span class="method-start">158186 ms</span>
              </div> <!-- configuration-method before -->
              <div class="test-method">
                <span class="method-name">verify_SearchAdminUsersInformations(devi12308_11_2022_11_15_44)</span>
                <span class="method-start">159833 ms</span>
              </div> <!-- test-method -->
            </div> <!-- chronological-class -->
            <div class="chronological-class">
              <div class="chronological-class-name">com.supermarket1.tests.ManageOrderTest</div> <!-- chronological-class-name -->
              <div class="configuration-method after">
                <span class="method-name">tearDown([TestResult name=verify_SearchListOrders status=SUCCESS method=ManageOrderTest.verify_SearchListOrde...)</span>
                <span class="method-start">159906 ms</span>
              </div> <!-- configuration-method after -->
            </div> <!-- chronological-class -->
            <div class="chronological-class">
              <div class="chronological-class-name">com.supermarket1.tests.AdminusersTest</div> <!-- chronological-class-name -->
              <div class="configuration-method after">
                <span class="method-name">tearDown([TestResult name=verify_SearchAdminUsersInformations status=SUCCESS method=AdminusersTest.verify_Sea...)</span>
                <span class="method-start">162174 ms</span>
              </div> <!-- configuration-method after -->
              <div class="configuration-method before">
                <span class="method-name">setUp</span>
                <span class="method-start">162299 ms</span>
              </div> <!-- configuration-method before -->
              <div class="test-method">
                <span class="method-name">verify_SearchAdminUsersInformations(Fathi)</span>
                <span class="method-start">164251 ms</span>
              </div> <!-- test-method -->
              <div class="configuration-method after">
                <span class="method-name">tearDown([TestResult name=verify_SearchAdminUsersInformations status=SUCCESS method=AdminusersTest.verify_Sea...)</span>
                <span class="method-start">166570 ms</span>
              </div> <!-- configuration-method after -->
            </div> <!-- chronological-class -->
            <div class="chronological-class">
              <div class="chronological-class-name">com.supermarket1.tests.ManageDeliveryBoyTest</div> <!-- chronological-class-name -->
              <div class="configuration-method before">
                <span class="method-name">setUp</span>
                <span class="method-start">176156 ms</span>
              </div> <!-- configuration-method before -->
              <div class="test-method">
                <img src="failed.png">
                </img>
                <span class="method-name">verify_SearchNameManageDeliveryBoy</span>
                <span class="method-start">177550 ms</span>
              </div> <!-- test-method -->
              <div class="configuration-method after">
                <span class="method-name">tearDown([TestResult name=verify_SearchNameManageDeliveryBoy status=FAILURE method=ManageDeliveryBoyTest.veri...)</span>
                <span class="method-start">182490 ms</span>
              </div> <!-- configuration-method after -->
            </div> <!-- chronological-class -->
            <div class="chronological-class">
              <div class="chronological-class-name">com.supermarket1.tests.ManageCategoryTest</div> <!-- chronological-class-name -->
              <div class="configuration-method before">
                <span class="method-name">setUp</span>
                <span class="method-start">182810 ms</span>
              </div> <!-- configuration-method before -->
              <div class="test-method">
                <img src="failed.png">
                </img>
                <span class="method-name">verify_SearchOption(pastry)</span>
                <span class="method-start">184473 ms</span>
              </div> <!-- test-method -->
              <div class="configuration-method after">
                <span class="method-name">tearDown([TestResult name=verify_SearchOption status=FAILURE method=ManageCategoryTest.verify_SearchOption(ja...)</span>
                <span class="method-start">197161 ms</span>
              </div> <!-- configuration-method after -->
              <div class="configuration-method before">
                <span class="method-name">setUp</span>
                <span class="method-start">197457 ms</span>
              </div> <!-- configuration-method before -->
            </div> <!-- chronological-class -->
            <div class="chronological-class">
              <div class="chronological-class-name">com.supermarket1.tests.ManageOfferCodeTest</div> <!-- chronological-class-name -->
              <div class="configuration-method before">
                <span class="method-name">setUp</span>
                <span class="method-start">198876 ms</span>
              </div> <!-- configuration-method before -->
            </div> <!-- chronological-class -->
            <div class="chronological-class">
              <div class="chronological-class-name">com.supermarket1.tests.ManageCategoryTest</div> <!-- chronological-class-name -->
              <div class="test-method">
                <img src="failed.png">
                </img>
                <span class="method-name">verify_SearchOption(Diary&Bakery)</span>
                <span class="method-start">199050 ms</span>
              </div> <!-- test-method -->
            </div> <!-- chronological-class -->
            <div class="chronological-class">
              <div class="chronological-class-name">com.supermarket1.tests.ManageOfferCodeTest</div> <!-- chronological-class-name -->
              <div class="test-method">
                <span class="method-name">verify_SearchOfferCodes(500)</span>
                <span class="method-start">200528 ms</span>
              </div> <!-- test-method -->
              <div class="configuration-method after">
                <span class="method-name">tearDown([TestResult name=verify_SearchOfferCodes status=SUCCESS method=ManageOfferCodeTest.verify_SearchOffe...)</span>
                <span class="method-start">203249 ms</span>
              </div> <!-- configuration-method after -->
              <div class="configuration-method before">
                <span class="method-name">setUp</span>
                <span class="method-start">203389 ms</span>
              </div> <!-- configuration-method before -->
              <div class="test-method">
                <span class="method-name">verify_SearchOfferCodes(457)</span>
                <span class="method-start">205168 ms</span>
              </div> <!-- test-method -->
              <div class="configuration-method after">
                <span class="method-name">tearDown([TestResult name=verify_SearchOfferCodes status=SUCCESS method=ManageOfferCodeTest.verify_SearchOffe...)</span>
                <span class="method-start">207390 ms</span>
              </div> <!-- configuration-method after -->
            </div> <!-- chronological-class -->
            <div class="chronological-class">
              <div class="chronological-class-name">com.supermarket1.tests.ManageCategoryTest</div> <!-- chronological-class-name -->
              <div class="configuration-method after">
                <span class="method-name">tearDown([TestResult name=verify_SearchOption status=FAILURE method=ManageCategoryTest.verify_SearchOption(ja...)</span>
                <span class="method-start">212049 ms</span>
              </div> <!-- configuration-method after -->
              <div class="configuration-method before">
                <span class="method-name">setUp</span>
                <span class="method-start">212370 ms</span>
              </div> <!-- configuration-method before -->
              <div class="test-method">
                <img src="failed.png">
                </img>
                <span class="method-name">verify_SearchOption(DryFruits)</span>
                <span class="method-start">214045 ms</span>
              </div> <!-- test-method -->
            </div> <!-- chronological-class -->
            <div class="chronological-class">
              <div class="chronological-class-name">com.supermarket1.tests.ManageOfferCodeTest</div> <!-- chronological-class-name -->
              <div class="configuration-method before">
                <span class="method-name">setUp</span>
                <span class="method-start">223595 ms</span>
              </div> <!-- configuration-method before -->
              <div class="test-method">
                <span class="method-name">verify_SearchOfferCodes(107)</span>
                <span class="method-start">225106 ms</span>
              </div> <!-- test-method -->
            </div> <!-- chronological-class -->
            <div class="chronological-class">
              <div class="chronological-class-name">com.supermarket1.tests.ManageCategoryTest</div> <!-- chronological-class-name -->
              <div class="configuration-method after">
                <span class="method-name">tearDown([TestResult name=verify_SearchOption status=FAILURE method=ManageCategoryTest.verify_SearchOption(ja...)</span>
                <span class="method-start">227025 ms</span>
              </div> <!-- configuration-method after -->
            </div> <!-- chronological-class -->
            <div class="chronological-class">
              <div class="chronological-class-name">com.supermarket1.tests.ManageContentTest</div> <!-- chronological-class-name -->
              <div class="configuration-method before">
                <span class="method-name">setUp</span>
                <span class="method-start">227346 ms</span>
              </div> <!-- configuration-method before -->
            </div> <!-- chronological-class -->
            <div class="chronological-class">
              <div class="chronological-class-name">com.supermarket1.tests.ManageOfferCodeTest</div> <!-- chronological-class-name -->
              <div class="configuration-method after">
                <span class="method-name">tearDown([TestResult name=verify_SearchOfferCodes status=SUCCESS method=ManageOfferCodeTest.verify_SearchOffe...)</span>
                <span class="method-start">227575 ms</span>
              </div> <!-- configuration-method after -->
              <div class="configuration-method before">
                <span class="method-name">setUp</span>
                <span class="method-start">227677 ms</span>
              </div> <!-- configuration-method before -->
            </div> <!-- chronological-class -->
            <div class="chronological-class">
              <div class="chronological-class-name">com.supermarket1.tests.ManageContentTest</div> <!-- chronological-class-name -->
              <div class="test-method">
                <span class="method-name">verify_UpDateOptionForManageFooterPage</span>
                <span class="method-start">229221 ms</span>
              </div> <!-- test-method -->
            </div> <!-- chronological-class -->
            <div class="chronological-class">
              <div class="chronological-class-name">com.supermarket1.tests.ManageOfferCodeTest</div> <!-- chronological-class-name -->
              <div class="test-method">
                <span class="method-name">verify_SearchOfferCodes(102)</span>
                <span class="method-start">229547 ms</span>
              </div> <!-- test-method -->
              <div class="configuration-method after">
                <span class="method-name">tearDown([TestResult name=verify_SearchOfferCodes status=SUCCESS method=ManageOfferCodeTest.verify_SearchOffe...)</span>
                <span class="method-start">232216 ms</span>
              </div> <!-- configuration-method after -->
            </div> <!-- chronological-class -->
            <div class="chronological-class">
              <div class="chronological-class-name">com.supermarket1.tests.ManageExpenseTest</div> <!-- chronological-class-name -->
              <div class="configuration-method before">
                <span class="method-name">setUp</span>
                <span class="method-start">232392 ms</span>
              </div> <!-- configuration-method before -->
            </div> <!-- chronological-class -->
            <div class="chronological-class">
              <div class="chronological-class-name">com.supermarket1.tests.ManageContentTest</div> <!-- chronological-class-name -->
              <div class="configuration-method after">
                <span class="method-name">tearDown([TestResult name=verify_UpDateOptionForManageFooterPage status=SUCCESS method=ManageContentTest.veri...)</span>
                <span class="method-start">232611 ms</span>
              </div> <!-- configuration-method after -->
            </div> <!-- chronological-class -->
            <div class="chronological-class">
              <div class="chronological-class-name">com.supermarket1.tests.ManageExpenseTest</div> <!-- chronological-class-name -->
              <div class="test-method">
                <span class="method-name">verify_SearchOption(Mango)</span>
                <span class="method-start">234109 ms</span>
              </div> <!-- test-method -->
              <div class="configuration-method after">
                <span class="method-name">tearDown([TestResult name=verify_SearchOption status=SUCCESS method=ManageExpenseTest.verify_SearchOption(jav...)</span>
                <span class="method-start">236434 ms</span>
              </div> <!-- configuration-method after -->
              <div class="configuration-method before">
                <span class="method-name">setUp</span>
                <span class="method-start">236494 ms</span>
              </div> <!-- configuration-method before -->
              <div class="test-method">
                <span class="method-name">verify_SearchOption(Chocolates)</span>
                <span class="method-start">238281 ms</span>
              </div> <!-- test-method -->
              <div class="configuration-method after">
                <span class="method-name">tearDown([TestResult name=verify_SearchOption status=SUCCESS method=ManageExpenseTest.verify_SearchOption(jav...)</span>
                <span class="method-start">240392 ms</span>
              </div> <!-- configuration-method after -->
              <div class="configuration-method before">
                <span class="method-name">setUp</span>
                <span class="method-start">240544 ms</span>
              </div> <!-- configuration-method before -->
              <div class="test-method">
                <span class="method-name">verify_SearchOption(Vegetables)</span>
                <span class="method-start">242411 ms</span>
              </div> <!-- test-method -->
              <div class="configuration-method after">
                <span class="method-name">tearDown([TestResult name=verify_SearchOption status=SUCCESS method=ManageExpenseTest.verify_SearchOption(jav...)</span>
                <span class="method-start">244633 ms</span>
              </div> <!-- configuration-method after -->
            </div> <!-- chronological-class -->
            <div class="chronological-class">
              <div class="chronological-class-name">com.supermarket1.tests.ManageCategoryTest</div> <!-- chronological-class-name -->
              <div class="configuration-method before">
                <span class="method-name">setUp</span>
                <span class="method-start">248838 ms</span>
              </div> <!-- configuration-method before -->
              <div class="test-method">
                <span class="method-name">verify_UpDationOfSubCategoryInformation</span>
                <span class="method-start">250437 ms</span>
              </div> <!-- test-method -->
              <div class="configuration-method after">
                <span class="method-name">tearDown([TestResult name=verify_UpDationOfSubCategoryInformation status=SUCCESS method=ManageCategoryTest.ve...)</span>
                <span class="method-start">254318 ms</span>
              </div> <!-- configuration-method after -->
              <div class="configuration-method before">
                <span class="method-name">setUp</span>
                <span class="method-start">254515 ms</span>
              </div> <!-- configuration-method before -->
              <div class="test-method">
                <span class="method-name">verify_AddCategoryInManageCategory</span>
                <span class="method-start">256214 ms</span>
              </div> <!-- test-method -->
            </div> <!-- chronological-class -->
            <div class="chronological-class">
              <div class="chronological-class-name">com.supermarket1.tests.ManageExpenseTest</div> <!-- chronological-class-name -->
              <div class="configuration-method before">
                <span class="method-name">setUp</span>
                <span class="method-start">260842 ms</span>
              </div> <!-- configuration-method before -->
            </div> <!-- chronological-class -->
            <div class="chronological-class">
              <div class="chronological-class-name">com.supermarket1.tests.ManageCategoryTest</div> <!-- chronological-class-name -->
              <div class="configuration-method after">
                <span class="method-name">tearDown([TestResult name=verify_AddCategoryInManageCategory status=SUCCESS method=ManageCategoryTest.verify_...)</span>
                <span class="method-start">261977 ms</span>
              </div> <!-- configuration-method after -->
            </div> <!-- chronological-class -->
            <div class="chronological-class">
              <div class="chronological-class-name">com.supermarket1.tests.ManageExpenseTest</div> <!-- chronological-class-name -->
              <div class="test-method">
                <span class="method-name">verify_SearchOption(Grocery)</span>
                <span class="method-start">262957 ms</span>
              </div> <!-- test-method -->
              <div class="configuration-method after">
                <span class="method-name">tearDown([TestResult name=verify_SearchOption status=SUCCESS method=ManageExpenseTest.verify_SearchOption(jav...)</span>
                <span class="method-start">265491 ms</span>
              </div> <!-- configuration-method after -->
            </div> <!-- chronological-class -->
            <div class="chronological-class">
              <div class="chronological-class-name">com.supermarket1.tests.DashBoardTest</div> <!-- chronological-class-name -->
              <div class="configuration-method before">
                <span class="method-name">setUp</span>
                <span class="method-start">278232 ms</span>
              </div> <!-- configuration-method before -->
              <div class="test-method">
                <span class="method-name">verify_BackGroundColor</span>
                <span class="method-start">279839 ms</span>
              </div> <!-- test-method -->
              <div class="configuration-method after">
                <span class="method-name">tearDown([TestResult name=verify_BackGroundColor status=SUCCESS method=DashBoardTest.verify_BackGroundColor()...)</span>
                <span class="method-start">280603 ms</span>
              </div> <!-- configuration-method after -->
            </div> <!-- chronological-class -->
            <div class="chronological-class">
              <div class="chronological-class-name">com.supermarket1.tests.ManageCategoryTest</div> <!-- chronological-class-name -->
              <div class="configuration-method before">
                <span class="method-name">setUp</span>
                <span class="method-start">280864 ms</span>
              </div> <!-- configuration-method before -->
            </div> <!-- chronological-class -->
            <div class="chronological-class">
              <div class="chronological-class-name">com.supermarket1.tests.ManageLocationTest</div> <!-- chronological-class-name -->
              <div class="configuration-method before">
                <span class="method-name">setUp</span>
                <span class="method-start">281687 ms</span>
              </div> <!-- configuration-method before -->
            </div> <!-- chronological-class -->
            <div class="chronological-class">
              <div class="chronological-class-name">com.supermarket1.tests.ManageCategoryTest</div> <!-- chronological-class-name -->
              <div class="test-method">
                <span class="method-name">verify_EnterSubCategoryInformation</span>
                <span class="method-start">282779 ms</span>
              </div> <!-- test-method -->
            </div> <!-- chronological-class -->
            <div class="chronological-class">
              <div class="chronological-class-name">com.supermarket1.tests.ManageLocationTest</div> <!-- chronological-class-name -->
              <div class="test-method">
                <img src="failed.png">
                </img>
                <span class="method-name">verify_StatusChangeOption</span>
                <span class="method-start">283263 ms</span>
              </div> <!-- test-method -->
            </div> <!-- chronological-class -->
            <div class="chronological-class">
              <div class="chronological-class-name">com.supermarket1.tests.ManageCategoryTest</div> <!-- chronological-class-name -->
              <div class="configuration-method after">
                <span class="method-name">tearDown([TestResult name=verify_EnterSubCategoryInformation status=SUCCESS method=ManageCategoryTest.verify_...)</span>
                <span class="method-start">287169 ms</span>
              </div> <!-- configuration-method after -->
            </div> <!-- chronological-class -->
            <div class="chronological-class">
              <div class="chronological-class-name">com.supermarket1.tests.DashBoardTest</div> <!-- chronological-class-name -->
              <div class="configuration-method before">
                <span class="method-name">setUp</span>
                <span class="method-start">287256 ms</span>
              </div> <!-- configuration-method before -->
              <div class="test-method">
                <span class="method-name">verify_IConIsDisplayedOrNot</span>
                <span class="method-start">288687 ms</span>
              </div> <!-- test-method -->
              <div class="configuration-method after">
                <span class="method-name">tearDown([TestResult name=verify_IConIsDisplayedOrNot status=SUCCESS method=DashBoardTest.verify_IConIsDispla...)</span>
                <span class="method-start">289330 ms</span>
              </div> <!-- configuration-method after -->
              <div class="configuration-method before">
                <span class="method-name">setUp</span>
                <span class="method-start">289528 ms</span>
              </div> <!-- configuration-method before -->
              <div class="test-method">
                <span class="method-name">verify_FontSize</span>
                <span class="method-start">290986 ms</span>
              </div> <!-- test-method -->
              <div class="configuration-method after">
                <span class="method-name">tearDown([TestResult name=verify_FontSize status=SUCCESS method=DashBoardTest.verify_FontSize()[pri:3, instan...)</span>
                <span class="method-start">291704 ms</span>
              </div> <!-- configuration-method after -->
            </div> <!-- chronological-class -->
            <div class="chronological-class">
              <div class="chronological-class-name">com.supermarket1.tests.ManageLocationTest</div> <!-- chronological-class-name -->
              <div class="configuration-method after">
                <span class="method-name">tearDown([TestResult name=verify_StatusChangeOption status=FAILURE method=ManageLocationTest.verify_StatusCha...)</span>
                <span class="method-start">294831 ms</span>
              </div> <!-- configuration-method after -->
              <div class="configuration-method before">
                <span class="method-name">setUp</span>
                <span class="method-start">311307 ms</span>
              </div> <!-- configuration-method before -->
              <div class="test-method">
                <img src="failed.png">
                </img>
                <span class="method-name">verify_UpDateLocationInformations</span>
                <span class="method-start">312974 ms</span>
              </div> <!-- test-method -->
              <div class="configuration-method after">
                <span class="method-name">tearDown([TestResult name=verify_UpDateLocationInformations status=FAILURE method=ManageLocationTest.verify_U...)</span>
                <span class="method-start">324292 ms</span>
              </div> <!-- configuration-method after -->
            </div> <!-- chronological-class -->
            <div class="chronological-class">
              <div class="chronological-class-name">com.supermarket1.tests.ManageOrderTest</div> <!-- chronological-class-name -->
              <div class="configuration-method before">
                <span class="method-name">setUp</span>
                <span class="method-start">340777 ms</span>
              </div> <!-- configuration-method before -->
              <div class="test-method">
                <span class="method-name">verify_ViewOption</span>
                <span class="method-start">342427 ms</span>
              </div> <!-- test-method -->
              <div class="configuration-method after">
                <span class="method-name">tearDown([TestResult name=verify_ViewOption status=SUCCESS method=ManageOrderTest.verify_ViewOption()[pri:0, ...)</span>
                <span class="method-start">346185 ms</span>
              </div> <!-- configuration-method after -->
            </div> <!-- chronological-class -->
            <div class="chronological-class">
              <div class="chronological-class-name">com.supermarket1.tests.ManageOfferCodeTest</div> <!-- chronological-class-name -->
              <div class="configuration-method before">
                <span class="method-name">setUp</span>
                <span class="method-start">346337 ms</span>
              </div> <!-- configuration-method before -->
              <div class="test-method">
                <img src="failed.png">
                </img>
                <span class="method-name">verify_EnterOfferInformations</span>
                <span class="method-start">348136 ms</span>
              </div> <!-- test-method -->
              <div class="configuration-method after">
                <span class="method-name">tearDown([TestResult name=verify_EnterOfferInformations status=FAILURE method=ManageOfferCodeTest.verify_Ente...)</span>
                <span class="method-start">363477 ms</span>
              </div> <!-- configuration-method after -->
          </div> <!-- main-panel-content rounded-window-bottom -->
        </div> <!-- panel -->
      </div> <!-- main-panel-root -->
    </div> <!-- wrapper -->
  </body>
<script type="text/javascript" src="testng-reports2.js"></script>
</html>
