<?xml version="1.0" encoding="UTF-8"?>
<testng-results ignored="0" total="51" passed="34" failed="17" skipped="0">
  <reporter-output>
  </reporter-output>
  <suite started-at="2022-11-10T10:55:11 IST" name="Regression build run" finished-at="2022-11-10T11:01:31 IST" duration-ms="380011">
    <groups>
      <group name="smoke">
        <method signature="LogInTest.verify_LogIn()[pri:0, instance:com.supermarket1.tests.LogInTest@5b7a5baa]" name="verify_LogIn" class="com.supermarket1.tests.LogInTest"/>
        <method signature="ManageContentTest.verify_UpDateOptionForManageFooterPage()[pri:0, instance:com.supermarket1.tests.ManageContentTest@7c7a06ec]" name="verify_UpDateOptionForManageFooterPage" class="com.supermarket1.tests.ManageContentTest"/>
        <method signature="ManageSliderTest.verify_EnterLocationInformations()[pri:0, instance:com.supermarket1.tests.ManageSliderTest@1ce24091]" name="verify_EnterLocationInformations" class="com.supermarket1.tests.ManageSliderTest"/>
        <method signature="MobileSliderTest.verify_StatusOptionForListOfMobileSlider()[pri:0, instance:com.supermarket1.tests.MobileSliderTest@7a8c8dcf]" name="verify_StatusOptionForListOfMobileSlider" class="com.supermarket1.tests.MobileSliderTest"/>
      </group> <!-- smoke -->
      <group name="sanity">
        <method signature="LogInTest.Verify_RememberMeCheckBox()[pri:0, instance:com.supermarket1.tests.LogInTest@5b7a5baa]" name="Verify_RememberMeCheckBox" class="com.supermarket1.tests.LogInTest"/>
        <method signature="ManageContentTest.verify_UpDateOptionForManageFooterPage()[pri:0, instance:com.supermarket1.tests.ManageContentTest@7c7a06ec]" name="verify_UpDateOptionForManageFooterPage" class="com.supermarket1.tests.ManageContentTest"/>
        <method signature="ManageLocationTest.verify_EnterLocationInformations()[pri:0, instance:com.supermarket1.tests.ManageLocationTest@4d1c00d0]" name="verify_EnterLocationInformations" class="com.supermarket1.tests.ManageLocationTest"/>
        <method signature="MobileSliderTest.verify_AddingNewListOfMobileSlider()[pri:0, instance:com.supermarket1.tests.MobileSliderTest@7a8c8dcf]" name="verify_AddingNewListOfMobileSlider" class="com.supermarket1.tests.MobileSliderTest"/>
      </group> <!-- sanity -->
    </groups>
    <test started-at="2022-11-10T10:55:11 IST" name="Run Module 3" finished-at="2022-11-10T10:56:56 IST" duration-ms="105669">
      <class name="com.supermarket1.tests.PushNotificationTest">
        <test-method is-config="true" signature="setUp()[pri:0, instance:com.supermarket1.tests.PushNotificationTest@24269709]" started-at="2022-11-10T10:56:51 IST" name="setUp" finished-at="2022-11-10T10:56:53 IST" duration-ms="1865" status="PASS">
          <reporter-output>
          </reporter-output>
        </test-method> <!-- setUp -->
        <test-method signature="verify_PushNotification()[pri:0, instance:com.supermarket1.tests.PushNotificationTest@24269709]" started-at="2022-11-10T10:56:53 IST" name="verify_PushNotification" finished-at="2022-11-10T10:56:56 IST" duration-ms="3563" status="PASS">
          <reporter-output>
          </reporter-output>
        </test-method> <!-- verify_PushNotification -->
        <test-method is-config="true" signature="tearDown(org.testng.ITestResult)[pri:0, instance:com.supermarket1.tests.PushNotificationTest@24269709]" started-at="2022-11-10T10:56:56 IST" name="tearDown" finished-at="2022-11-10T10:56:56 IST" duration-ms="93" status="PASS">
          <params>
            <param index="0">
              <value>
                <![CDATA[[TestResult name=verify_PushNotification status=SUCCESS method=PushNotificationTest.verify_PushNotification()[pri:0, instance:com.supermarket1.tests.PushNotificationTest@24269709] output={null}]]]>
              </value>
            </param>
          </params>
          <reporter-output>
          </reporter-output>
        </test-method> <!-- tearDown -->
      </class> <!-- com.supermarket1.tests.PushNotificationTest -->
      <class name="com.supermarket1.tests.MobileSliderTest">
        <test-method is-config="true" signature="setUp()[pri:0, instance:com.supermarket1.tests.MobileSliderTest@7a8c8dcf]" started-at="2022-11-10T10:55:47 IST" name="setUp" finished-at="2022-11-10T10:55:49 IST" duration-ms="1643" status="PASS">
          <reporter-output>
          </reporter-output>
        </test-method> <!-- setUp -->
        <test-method signature="verify_AddingNewListOfMobileSlider()[pri:0, instance:com.supermarket1.tests.MobileSliderTest@7a8c8dcf]" started-at="2022-11-10T10:55:49 IST" name="verify_AddingNewListOfMobileSlider" finished-at="2022-11-10T10:56:04 IST" duration-ms="14933" status="FAIL">
          <exception class="org.openqa.selenium.NoSuchElementException">
            <message>
              <![CDATA[no such element: Unable to locate element: {"method":"xpath","selector":"//img[@src='https://groceryapp.uniqassosiates.com/public/uploads/small/1667726156_f3e737d7ac87f34c2e44.png']"}
  (Session info: chrome=107.0.5304.107)
For documentation on this error, please visit: https://selenium.dev/exceptions/#no_such_element
Build info: version: '4.3.0', revision: 'a4995e2c09*'
System info: host: 'LAPTOP-N7T8FIF4', ip: '192.168.18.69', os.name: 'Windows 11', os.arch: 'amd64', os.version: '10.0', java.version: '17.0.3.1'
Driver info: org.openqa.selenium.chrome.ChromeDriver
Command: [5cac60ddb81868e7221db4dd0fca67b0, findElement {using=xpath, value=//img[@src='https://groceryapp.uniqassosiates.com/public/uploads/small/1667726156_f3e737d7ac87f34c2e44.png']}]
Capabilities {acceptInsecureCerts: false, browserName: chrome, browserVersion: 107.0.5304.107, chrome: {chromedriverVersion: 107.0.5304.62 (1eec40d3a576..., userDataDir: C:\Users\lenovo\AppData\Loc...}, goog:chromeOptions: {debuggerAddress: localhost:54925}, networkConnectionEnabled: false, pageLoadStrategy: normal, platformName: WINDOWS, proxy: Proxy(), se:cdp: ws://localhost:54925/devtoo..., se:cdpVersion: 107.0.5304.107, setWindowRect: true, strictFileInteractability: false, timeouts: {implicit: 0, pageLoad: 300000, script: 30000}, unhandledPromptBehavior: dismiss and notify, webauthn:extension:credBlob: true, webauthn:extension:largeBlob: true, webauthn:virtualAuthenticators: true}
Session ID: 5cac60ddb81868e7221db4dd0fca67b0]]>
            </message>
            <full-stacktrace>
              <![CDATA[org.openqa.selenium.NoSuchElementException: no such element: Unable to locate element: {"method":"xpath","selector":"//img[@src='https://groceryapp.uniqassosiates.com/public/uploads/small/1667726156_f3e737d7ac87f34c2e44.png']"}
  (Session info: chrome=107.0.5304.107)
For documentation on this error, please visit: https://selenium.dev/exceptions/#no_such_element
Build info: version: '4.3.0', revision: 'a4995e2c09*'
System info: host: 'LAPTOP-N7T8FIF4', ip: '192.168.18.69', os.name: 'Windows 11', os.arch: 'amd64', os.version: '10.0', java.version: '17.0.3.1'
Driver info: org.openqa.selenium.chrome.ChromeDriver
Command: [5cac60ddb81868e7221db4dd0fca67b0, findElement {using=xpath, value=//img[@src='https://groceryapp.uniqassosiates.com/public/uploads/small/1667726156_f3e737d7ac87f34c2e44.png']}]
Capabilities {acceptInsecureCerts: false, browserName: chrome, browserVersion: 107.0.5304.107, chrome: {chromedriverVersion: 107.0.5304.62 (1eec40d3a576..., userDataDir: C:\Users\lenovo\AppData\Loc...}, goog:chromeOptions: {debuggerAddress: localhost:54925}, networkConnectionEnabled: false, pageLoadStrategy: normal, platformName: WINDOWS, proxy: Proxy(), se:cdp: ws://localhost:54925/devtoo..., se:cdpVersion: 107.0.5304.107, setWindowRect: true, strictFileInteractability: false, timeouts: {implicit: 0, pageLoad: 300000, script: 30000}, unhandledPromptBehavior: dismiss and notify, webauthn:extension:credBlob: true, webauthn:extension:largeBlob: true, webauthn:virtualAuthenticators: true}
Session ID: 5cac60ddb81868e7221db4dd0fca67b0
at java.base/jdk.internal.reflect.NativeConstructorAccessorImpl.newInstance0(Native Method)
at java.base/jdk.internal.reflect.NativeConstructorAccessorImpl.newInstance(NativeConstructorAccessorImpl.java:77)
at java.base/jdk.internal.reflect.DelegatingConstructorAccessorImpl.newInstance(DelegatingConstructorAccessorImpl.java:45)
at java.base/java.lang.reflect.Constructor.newInstanceWithCaller(Constructor.java:499)
at java.base/java.lang.reflect.Constructor.newInstance(Constructor.java:480)
at org.openqa.selenium.remote.codec.w3c.W3CHttpResponseCodec.createException(W3CHttpResponseCodec.java:200)
at org.openqa.selenium.remote.codec.w3c.W3CHttpResponseCodec.decode(W3CHttpResponseCodec.java:133)
at org.openqa.selenium.remote.codec.w3c.W3CHttpResponseCodec.decode(W3CHttpResponseCodec.java:53)
at org.openqa.selenium.remote.HttpCommandExecutor.execute(HttpCommandExecutor.java:184)
at org.openqa.selenium.remote.service.DriverCommandExecutor.invokeExecute(DriverCommandExecutor.java:167)
at org.openqa.selenium.remote.service.DriverCommandExecutor.execute(DriverCommandExecutor.java:142)
at org.openqa.selenium.remote.RemoteWebDriver.execute(RemoteWebDriver.java:569)
at org.openqa.selenium.remote.ElementLocation$ElementFinder$2.findElement(ElementLocation.java:162)
at org.openqa.selenium.remote.ElementLocation.findElement(ElementLocation.java:60)
at org.openqa.selenium.remote.RemoteWebDriver.findElement(RemoteWebDriver.java:387)
at org.openqa.selenium.remote.RemoteWebDriver.findElement(RemoteWebDriver.java:379)
at org.openqa.selenium.support.pagefactory.DefaultElementLocator.findElement(DefaultElementLocator.java:70)
at org.openqa.selenium.support.pagefactory.internal.LocatingElementHandler.invoke(LocatingElementHandler.java:39)
at jdk.proxy2/jdk.proxy2.$Proxy17.isDisplayed(Unknown Source)
at com.supermarket1.utilities.GeneralUtility.is_Displayed(GeneralUtility.java:22)
at com.supermarket1.pages.MobileSliderPage.savedImage_Displayed(MobileSliderPage.java:62)
at com.supermarket1.tests.MobileSliderTest.verify_AddingNewListOfMobileSlider(MobileSliderTest.java:28)
at java.base/jdk.internal.reflect.NativeMethodAccessorImpl.invoke0(Native Method)
at java.base/jdk.internal.reflect.NativeMethodAccessorImpl.invoke(NativeMethodAccessorImpl.java:77)
at java.base/jdk.internal.reflect.DelegatingMethodAccessorImpl.invoke(DelegatingMethodAccessorImpl.java:43)
at java.base/java.lang.reflect.Method.invoke(Method.java:568)
at org.testng.internal.MethodInvocationHelper.invokeMethod(MethodInvocationHelper.java:133)
at org.testng.internal.TestInvoker.invokeMethod(TestInvoker.java:598)
at org.testng.internal.TestInvoker.invokeTestMethod(TestInvoker.java:173)
at org.testng.internal.MethodRunner.runInSequence(MethodRunner.java:46)
at org.testng.internal.TestInvoker$MethodInvocationAgent.invoke(TestInvoker.java:824)
at org.testng.internal.TestInvoker.invokeTestMethods(TestInvoker.java:146)
at org.testng.internal.TestMethodWorker.invokeTestMethods(TestMethodWorker.java:146)
at org.testng.internal.TestMethodWorker.run(TestMethodWorker.java:128)
at java.base/java.util.ArrayList.forEach(ArrayList.java:1511)
at org.testng.TestRunner.privateRun(TestRunner.java:794)
at org.testng.TestRunner.run(TestRunner.java:596)
at org.testng.SuiteRunner.runTest(SuiteRunner.java:377)
at org.testng.SuiteRunner.access$000(SuiteRunner.java:28)
at org.testng.SuiteRunner$SuiteWorker.run(SuiteRunner.java:418)
at org.testng.internal.thread.ThreadUtil.lambda$execute$0(ThreadUtil.java:64)
at java.base/java.util.concurrent.FutureTask.run(FutureTask.java:264)
at java.base/java.util.concurrent.ThreadPoolExecutor.runWorker(ThreadPoolExecutor.java:1136)
at java.base/java.util.concurrent.ThreadPoolExecutor$Worker.run(ThreadPoolExecutor.java:635)
at java.base/java.lang.Thread.run(Thread.java:833)
]]>
            </full-stacktrace>
          </exception> <!-- org.openqa.selenium.NoSuchElementException -->
          <reporter-output>
          </reporter-output>
        </test-method> <!-- verify_AddingNewListOfMobileSlider -->
        <test-method is-config="true" signature="tearDown(org.testng.ITestResult)[pri:0, instance:com.supermarket1.tests.MobileSliderTest@7a8c8dcf]" started-at="2022-11-10T10:56:04 IST" name="tearDown" finished-at="2022-11-10T10:56:20 IST" duration-ms="16418" status="PASS">
          <params>
            <param index="0">
              <value>
                <![CDATA[[TestResult name=verify_AddingNewListOfMobileSlider status=FAILURE method=MobileSliderTest.verify_AddingNewListOfMobileSlider()[pri:0, instance:com.supermarket1.tests.MobileSliderTest@7a8c8dcf] output={null}]]]>
              </value>
            </param>
          </params>
          <reporter-output>
          </reporter-output>
        </test-method> <!-- tearDown -->
        <test-method is-config="true" signature="setUp()[pri:0, instance:com.supermarket1.tests.MobileSliderTest@7a8c8dcf]" started-at="2022-11-10T10:56:20 IST" name="setUp" finished-at="2022-11-10T10:56:22 IST" duration-ms="1952" status="PASS">
          <reporter-output>
          </reporter-output>
        </test-method> <!-- setUp -->
        <test-method signature="verify_StatusOptionForListOfMobileSlider()[pri:0, instance:com.supermarket1.tests.MobileSliderTest@7a8c8dcf]" started-at="2022-11-10T10:56:22 IST" name="verify_StatusOptionForListOfMobileSlider" finished-at="2022-11-10T10:56:34 IST" duration-ms="12138" status="FAIL">
          <exception class="org.openqa.selenium.NoSuchElementException">
            <message>
              <![CDATA[no such element: Unable to locate element: {"method":"xpath","selector":"//a[@href='https://groceryapp.uniqassosiates.com/admin/Mobileslider/status?id=206&st=inactive&page_ad=1']"}
  (Session info: chrome=107.0.5304.107)
For documentation on this error, please visit: https://selenium.dev/exceptions/#no_such_element
Build info: version: '4.3.0', revision: 'a4995e2c09*'
System info: host: 'LAPTOP-N7T8FIF4', ip: '192.168.18.69', os.name: 'Windows 11', os.arch: 'amd64', os.version: '10.0', java.version: '17.0.3.1'
Driver info: org.openqa.selenium.chrome.ChromeDriver
Command: [a21aa760b309b5dd47c58b9fa0bc067f, findElement {using=xpath, value=//a[@href='https://groceryapp.uniqassosiates.com/admin/Mobileslider/status?id=206&st=inactive&page_ad=1']}]
Capabilities {acceptInsecureCerts: false, browserName: chrome, browserVersion: 107.0.5304.107, chrome: {chromedriverVersion: 107.0.5304.62 (1eec40d3a576..., userDataDir: C:\Users\lenovo\AppData\Loc...}, goog:chromeOptions: {debuggerAddress: localhost:55092}, networkConnectionEnabled: false, pageLoadStrategy: normal, platformName: WINDOWS, proxy: Proxy(), se:cdp: ws://localhost:55092/devtoo..., se:cdpVersion: 107.0.5304.107, setWindowRect: true, strictFileInteractability: false, timeouts: {implicit: 0, pageLoad: 300000, script: 30000}, unhandledPromptBehavior: dismiss and notify, webauthn:extension:credBlob: true, webauthn:extension:largeBlob: true, webauthn:virtualAuthenticators: true}
Session ID: a21aa760b309b5dd47c58b9fa0bc067f]]>
            </message>
            <full-stacktrace>
              <![CDATA[org.openqa.selenium.NoSuchElementException: no such element: Unable to locate element: {"method":"xpath","selector":"//a[@href='https://groceryapp.uniqassosiates.com/admin/Mobileslider/status?id=206&st=inactive&page_ad=1']"}
  (Session info: chrome=107.0.5304.107)
For documentation on this error, please visit: https://selenium.dev/exceptions/#no_such_element
Build info: version: '4.3.0', revision: 'a4995e2c09*'
System info: host: 'LAPTOP-N7T8FIF4', ip: '192.168.18.69', os.name: 'Windows 11', os.arch: 'amd64', os.version: '10.0', java.version: '17.0.3.1'
Driver info: org.openqa.selenium.chrome.ChromeDriver
Command: [a21aa760b309b5dd47c58b9fa0bc067f, findElement {using=xpath, value=//a[@href='https://groceryapp.uniqassosiates.com/admin/Mobileslider/status?id=206&st=inactive&page_ad=1']}]
Capabilities {acceptInsecureCerts: false, browserName: chrome, browserVersion: 107.0.5304.107, chrome: {chromedriverVersion: 107.0.5304.62 (1eec40d3a576..., userDataDir: C:\Users\lenovo\AppData\Loc...}, goog:chromeOptions: {debuggerAddress: localhost:55092}, networkConnectionEnabled: false, pageLoadStrategy: normal, platformName: WINDOWS, proxy: Proxy(), se:cdp: ws://localhost:55092/devtoo..., se:cdpVersion: 107.0.5304.107, setWindowRect: true, strictFileInteractability: false, timeouts: {implicit: 0, pageLoad: 300000, script: 30000}, unhandledPromptBehavior: dismiss and notify, webauthn:extension:credBlob: true, webauthn:extension:largeBlob: true, webauthn:virtualAuthenticators: true}
Session ID: a21aa760b309b5dd47c58b9fa0bc067f
at java.base/jdk.internal.reflect.NativeConstructorAccessorImpl.newInstance0(Native Method)
at java.base/jdk.internal.reflect.NativeConstructorAccessorImpl.newInstance(NativeConstructorAccessorImpl.java:77)
at java.base/jdk.internal.reflect.DelegatingConstructorAccessorImpl.newInstance(DelegatingConstructorAccessorImpl.java:45)
at java.base/java.lang.reflect.Constructor.newInstanceWithCaller(Constructor.java:499)
at java.base/java.lang.reflect.Constructor.newInstance(Constructor.java:480)
at org.openqa.selenium.remote.codec.w3c.W3CHttpResponseCodec.createException(W3CHttpResponseCodec.java:200)
at org.openqa.selenium.remote.codec.w3c.W3CHttpResponseCodec.decode(W3CHttpResponseCodec.java:133)
at org.openqa.selenium.remote.codec.w3c.W3CHttpResponseCodec.decode(W3CHttpResponseCodec.java:53)
at org.openqa.selenium.remote.HttpCommandExecutor.execute(HttpCommandExecutor.java:184)
at org.openqa.selenium.remote.service.DriverCommandExecutor.invokeExecute(DriverCommandExecutor.java:167)
at org.openqa.selenium.remote.service.DriverCommandExecutor.execute(DriverCommandExecutor.java:142)
at org.openqa.selenium.remote.RemoteWebDriver.execute(RemoteWebDriver.java:569)
at org.openqa.selenium.remote.ElementLocation$ElementFinder$2.findElement(ElementLocation.java:162)
at org.openqa.selenium.remote.ElementLocation.findElement(ElementLocation.java:60)
at org.openqa.selenium.remote.RemoteWebDriver.findElement(RemoteWebDriver.java:387)
at org.openqa.selenium.remote.RemoteWebDriver.findElement(RemoteWebDriver.java:379)
at org.openqa.selenium.support.pagefactory.DefaultElementLocator.findElement(DefaultElementLocator.java:70)
at org.openqa.selenium.support.pagefactory.internal.LocatingElementHandler.invoke(LocatingElementHandler.java:39)
at jdk.proxy2/jdk.proxy2.$Proxy17.click(Unknown Source)
at com.supermarket1.pages.MobileSliderPage.click_StatusOption(MobileSliderPage.java:66)
at com.supermarket1.tests.MobileSliderTest.verify_StatusOptionForListOfMobileSlider(MobileSliderTest.java:37)
at java.base/jdk.internal.reflect.NativeMethodAccessorImpl.invoke0(Native Method)
at java.base/jdk.internal.reflect.NativeMethodAccessorImpl.invoke(NativeMethodAccessorImpl.java:77)
at java.base/jdk.internal.reflect.DelegatingMethodAccessorImpl.invoke(DelegatingMethodAccessorImpl.java:43)
at java.base/java.lang.reflect.Method.invoke(Method.java:568)
at org.testng.internal.MethodInvocationHelper.invokeMethod(MethodInvocationHelper.java:133)
at org.testng.internal.TestInvoker.invokeMethod(TestInvoker.java:598)
at org.testng.internal.TestInvoker.invokeTestMethod(TestInvoker.java:173)
at org.testng.internal.MethodRunner.runInSequence(MethodRunner.java:46)
at org.testng.internal.TestInvoker$MethodInvocationAgent.invoke(TestInvoker.java:824)
at org.testng.internal.TestInvoker.invokeTestMethods(TestInvoker.java:146)
at org.testng.internal.TestMethodWorker.invokeTestMethods(TestMethodWorker.java:146)
at org.testng.internal.TestMethodWorker.run(TestMethodWorker.java:128)
at java.base/java.util.ArrayList.forEach(ArrayList.java:1511)
at org.testng.TestRunner.privateRun(TestRunner.java:794)
at org.testng.TestRunner.run(TestRunner.java:596)
at org.testng.SuiteRunner.runTest(SuiteRunner.java:377)
at org.testng.SuiteRunner.access$000(SuiteRunner.java:28)
at org.testng.SuiteRunner$SuiteWorker.run(SuiteRunner.java:418)
at org.testng.internal.thread.ThreadUtil.lambda$execute$0(ThreadUtil.java:64)
at java.base/java.util.concurrent.FutureTask.run(FutureTask.java:264)
at java.base/java.util.concurrent.ThreadPoolExecutor.runWorker(ThreadPoolExecutor.java:1136)
at java.base/java.util.concurrent.ThreadPoolExecutor$Worker.run(ThreadPoolExecutor.java:635)
at java.base/java.lang.Thread.run(Thread.java:833)
]]>
            </full-stacktrace>
          </exception> <!-- org.openqa.selenium.NoSuchElementException -->
          <reporter-output>
          </reporter-output>
        </test-method> <!-- verify_StatusOptionForListOfMobileSlider -->
        <test-method is-config="true" signature="tearDown(org.testng.ITestResult)[pri:0, instance:com.supermarket1.tests.MobileSliderTest@7a8c8dcf]" started-at="2022-11-10T10:56:34 IST" name="tearDown" finished-at="2022-11-10T10:56:51 IST" duration-ms="16461" status="PASS">
          <params>
            <param index="0">
              <value>
                <![CDATA[[TestResult name=verify_StatusOptionForListOfMobileSlider status=FAILURE method=MobileSliderTest.verify_StatusOptionForListOfMobileSlider()[pri:0, instance:com.supermarket1.tests.MobileSliderTest@7a8c8dcf] output={null}]]]>
              </value>
            </param>
          </params>
          <reporter-output>
          </reporter-output>
        </test-method> <!-- tearDown -->
      </class> <!-- com.supermarket1.tests.MobileSliderTest -->
      <class name="com.supermarket1.tests.ManageUsersTest">
        <test-method is-config="true" signature="setUp()[pri:0, instance:com.supermarket1.tests.ManageUsersTest@5dda768f]" started-at="2022-11-10T10:55:42 IST" name="setUp" finished-at="2022-11-10T10:55:44 IST" duration-ms="1765" status="PASS">
          <reporter-output>
          </reporter-output>
        </test-method> <!-- setUp -->
        <test-method signature="verify_ManageUserDeactivation()[pri:0, instance:com.supermarket1.tests.ManageUsersTest@5dda768f]" started-at="2022-11-10T10:55:44 IST" name="verify_ManageUserDeactivation" finished-at="2022-11-10T10:55:47 IST" duration-ms="2965" status="FAIL">
          <exception class="java.lang.AssertionError">
            <message>
              <![CDATA[expected [getAttributeValue] but found [alert alert-success alert-dismissible]]]>
            </message>
            <full-stacktrace>
              <![CDATA[java.lang.AssertionError: expected [getAttributeValue] but found [alert alert-success alert-dismissible]
at org.testng.Assert.fail(Assert.java:99)
at org.testng.Assert.failNotEquals(Assert.java:1037)
at org.testng.Assert.assertEqualsImpl(Assert.java:140)
at org.testng.Assert.assertEquals(Assert.java:122)
at org.testng.Assert.assertEquals(Assert.java:629)
at org.testng.Assert.assertEquals(Assert.java:639)
at com.supermarket1.tests.ManageUsersTest.verify_ManageUserDeactivation(ManageUsersTest.java:27)
at java.base/jdk.internal.reflect.NativeMethodAccessorImpl.invoke0(Native Method)
at java.base/jdk.internal.reflect.NativeMethodAccessorImpl.invoke(NativeMethodAccessorImpl.java:77)
at java.base/jdk.internal.reflect.DelegatingMethodAccessorImpl.invoke(DelegatingMethodAccessorImpl.java:43)
at java.base/java.lang.reflect.Method.invoke(Method.java:568)
at org.testng.internal.MethodInvocationHelper.invokeMethod(MethodInvocationHelper.java:133)
at org.testng.internal.TestInvoker.invokeMethod(TestInvoker.java:598)
at org.testng.internal.TestInvoker.invokeTestMethod(TestInvoker.java:173)
at org.testng.internal.MethodRunner.runInSequence(MethodRunner.java:46)
at org.testng.internal.TestInvoker$MethodInvocationAgent.invoke(TestInvoker.java:824)
at org.testng.internal.TestInvoker.invokeTestMethods(TestInvoker.java:146)
at org.testng.internal.TestMethodWorker.invokeTestMethods(TestMethodWorker.java:146)
at org.testng.internal.TestMethodWorker.run(TestMethodWorker.java:128)
at java.base/java.util.ArrayList.forEach(ArrayList.java:1511)
at org.testng.TestRunner.privateRun(TestRunner.java:794)
at org.testng.TestRunner.run(TestRunner.java:596)
at org.testng.SuiteRunner.runTest(SuiteRunner.java:377)
at org.testng.SuiteRunner.access$000(SuiteRunner.java:28)
at org.testng.SuiteRunner$SuiteWorker.run(SuiteRunner.java:418)
at org.testng.internal.thread.ThreadUtil.lambda$execute$0(ThreadUtil.java:64)
at java.base/java.util.concurrent.FutureTask.run(FutureTask.java:264)
at java.base/java.util.concurrent.ThreadPoolExecutor.runWorker(ThreadPoolExecutor.java:1136)
at java.base/java.util.concurrent.ThreadPoolExecutor$Worker.run(ThreadPoolExecutor.java:635)
at java.base/java.lang.Thread.run(Thread.java:833)
]]>
            </full-stacktrace>
          </exception> <!-- java.lang.AssertionError -->
          <reporter-output>
          </reporter-output>
        </test-method> <!-- verify_ManageUserDeactivation -->
        <test-method is-config="true" signature="tearDown(org.testng.ITestResult)[pri:0, instance:com.supermarket1.tests.ManageUsersTest@5dda768f]" started-at="2022-11-10T10:55:47 IST" name="tearDown" finished-at="2022-11-10T10:55:47 IST" duration-ms="383" status="PASS">
          <params>
            <param index="0">
              <value>
                <![CDATA[[TestResult name=verify_ManageUserDeactivation status=FAILURE method=ManageUsersTest.verify_ManageUserDeactivation()[pri:0, instance:com.supermarket1.tests.ManageUsersTest@5dda768f] output={null}]]]>
              </value>
            </param>
          </params>
          <reporter-output>
          </reporter-output>
        </test-method> <!-- tearDown -->
      </class> <!-- com.supermarket1.tests.ManageUsersTest -->
      <class name="com.supermarket1.tests.ManageSliderTest">
        <test-method is-config="true" signature="setUp()[pri:0, instance:com.supermarket1.tests.ManageSliderTest@1ce24091]" started-at="2022-11-10T10:55:11 IST" name="setUp" finished-at="2022-11-10T10:55:22 IST" duration-ms="10952" status="PASS">
          <reporter-output>
          </reporter-output>
        </test-method> <!-- setUp -->
        <test-method signature="verify_EnterLocationInformations()[pri:0, instance:com.supermarket1.tests.ManageSliderTest@1ce24091]" started-at="2022-11-10T10:55:22 IST" name="verify_EnterLocationInformations" finished-at="2022-11-10T10:55:26 IST" duration-ms="4204" status="PASS">
          <reporter-output>
          </reporter-output>
        </test-method> <!-- verify_EnterLocationInformations -->
        <test-method is-config="true" signature="tearDown(org.testng.ITestResult)[pri:0, instance:com.supermarket1.tests.ManageSliderTest@1ce24091]" started-at="2022-11-10T10:55:26 IST" name="tearDown" finished-at="2022-11-10T10:55:42 IST" duration-ms="16263" status="PASS">
          <params>
            <param index="0">
              <value>
                <![CDATA[[TestResult name=verify_EnterLocationInformations status=SUCCESS method=ManageSliderTest.verify_EnterLocationInformations()[pri:0, instance:com.supermarket1.tests.ManageSliderTest@1ce24091] output={null}]]]>
              </value>
            </param>
          </params>
          <reporter-output>
          </reporter-output>
        </test-method> <!-- tearDown -->
      </class> <!-- com.supermarket1.tests.ManageSliderTest -->
    </test> <!-- Run Module 3 -->
    <test started-at="2022-11-10T10:55:11 IST" name="Run Module 1" finished-at="2022-11-10T11:00:03 IST" duration-ms="291975">
      <class name="com.supermarket1.tests.DashBoardTest">
        <test-method is-config="true" signature="setUp()[pri:0, instance:com.supermarket1.tests.DashBoardTest@4afcd809]" started-at="2022-11-10T10:59:49 IST" name="setUp" finished-at="2022-11-10T10:59:51 IST" duration-ms="1607" status="PASS">
          <reporter-output>
          </reporter-output>
        </test-method> <!-- setUp -->
        <test-method signature="verify_BackGroundColor()[pri:1, instance:com.supermarket1.tests.DashBoardTest@4afcd809]" started-at="2022-11-10T10:59:51 IST" name="verify_BackGroundColor" finished-at="2022-11-10T10:59:51 IST" duration-ms="763" status="PASS">
          <reporter-output>
          </reporter-output>
        </test-method> <!-- verify_BackGroundColor -->
        <test-method is-config="true" signature="tearDown(org.testng.ITestResult)[pri:0, instance:com.supermarket1.tests.DashBoardTest@4afcd809]" started-at="2022-11-10T10:59:51 IST" name="tearDown" finished-at="2022-11-10T10:59:52 IST" duration-ms="261" status="PASS">
          <params>
            <param index="0">
              <value>
                <![CDATA[[TestResult name=verify_BackGroundColor status=SUCCESS method=DashBoardTest.verify_BackGroundColor()[pri:1, instance:com.supermarket1.tests.DashBoardTest@4afcd809] output={null}]]]>
              </value>
            </param>
          </params>
          <reporter-output>
          </reporter-output>
        </test-method> <!-- tearDown -->
        <test-method is-config="true" signature="setUp()[pri:0, instance:com.supermarket1.tests.DashBoardTest@4afcd809]" started-at="2022-11-10T10:59:58 IST" name="setUp" finished-at="2022-11-10T10:59:59 IST" duration-ms="1431" status="PASS">
          <reporter-output>
          </reporter-output>
        </test-method> <!-- setUp -->
        <test-method signature="verify_IConIsDisplayedOrNot()[pri:2, instance:com.supermarket1.tests.DashBoardTest@4afcd809]" started-at="2022-11-10T10:59:59 IST" name="verify_IConIsDisplayedOrNot" finished-at="2022-11-10T11:00:00 IST" duration-ms="643" status="PASS">
          <reporter-output>
          </reporter-output>
        </test-method> <!-- verify_IConIsDisplayedOrNot -->
        <test-method is-config="true" signature="tearDown(org.testng.ITestResult)[pri:0, instance:com.supermarket1.tests.DashBoardTest@4afcd809]" started-at="2022-11-10T11:00:00 IST" name="tearDown" finished-at="2022-11-10T11:00:00 IST" duration-ms="198" status="PASS">
          <params>
            <param index="0">
              <value>
                <![CDATA[[TestResult name=verify_IConIsDisplayedOrNot status=SUCCESS method=DashBoardTest.verify_IConIsDisplayedOrNot()[pri:2, instance:com.supermarket1.tests.DashBoardTest@4afcd809] output={null}]]]>
              </value>
            </param>
          </params>
          <reporter-output>
          </reporter-output>
        </test-method> <!-- tearDown -->
        <test-method is-config="true" signature="setUp()[pri:0, instance:com.supermarket1.tests.DashBoardTest@4afcd809]" started-at="2022-11-10T11:00:00 IST" name="setUp" finished-at="2022-11-10T11:00:02 IST" duration-ms="1458" status="PASS">
          <reporter-output>
          </reporter-output>
        </test-method> <!-- setUp -->
        <test-method signature="verify_FontSize()[pri:3, instance:com.supermarket1.tests.DashBoardTest@4afcd809]" started-at="2022-11-10T11:00:02 IST" name="verify_FontSize" finished-at="2022-11-10T11:00:02 IST" duration-ms="718" status="PASS">
          <reporter-output>
          </reporter-output>
        </test-method> <!-- verify_FontSize -->
        <test-method is-config="true" signature="tearDown(org.testng.ITestResult)[pri:0, instance:com.supermarket1.tests.DashBoardTest@4afcd809]" started-at="2022-11-10T11:00:02 IST" name="tearDown" finished-at="2022-11-10T11:00:03 IST" duration-ms="221" status="PASS">
          <params>
            <param index="0">
              <value>
                <![CDATA[[TestResult name=verify_FontSize status=SUCCESS method=DashBoardTest.verify_FontSize()[pri:3, instance:com.supermarket1.tests.DashBoardTest@4afcd809] output={null}]]]>
              </value>
            </param>
          </params>
          <reporter-output>
          </reporter-output>
        </test-method> <!-- tearDown -->
      </class> <!-- com.supermarket1.tests.DashBoardTest -->
      <class name="com.supermarket1.tests.ManageCategoryTest">
        <test-method is-config="true" signature="setUp()[pri:0, instance:com.supermarket1.tests.ManageCategoryTest@776aec5c]" started-at="2022-11-10T10:55:35 IST" name="setUp" finished-at="2022-11-10T10:55:37 IST" duration-ms="1675" status="PASS">
          <reporter-output>
          </reporter-output>
        </test-method> <!-- setUp -->
        <test-method signature="verify_DeleteFunctinalitySubCategoryInformation()[pri:0, instance:com.supermarket1.tests.ManageCategoryTest@776aec5c]" started-at="2022-11-10T10:55:37 IST" name="verify_DeleteFunctinalitySubCategoryInformation" finished-at="2022-11-10T10:55:51 IST" duration-ms="13858" status="FAIL">
          <exception class="org.openqa.selenium.NoSuchElementException">
            <message>
              <![CDATA[no such element: Unable to locate element: {"method":"xpath","selector":"//a[@href='https://groceryapp.uniqassosiates.com/admin/Subcategory/delete?del=108&page_ad=1']"}
  (Session info: chrome=107.0.5304.107)
For documentation on this error, please visit: https://selenium.dev/exceptions/#no_such_element
Build info: version: '4.3.0', revision: 'a4995e2c09*'
System info: host: 'LAPTOP-N7T8FIF4', ip: '192.168.18.69', os.name: 'Windows 11', os.arch: 'amd64', os.version: '10.0', java.version: '17.0.3.1'
Driver info: org.openqa.selenium.chrome.ChromeDriver
Command: [b0ab7b07e105aa7a45f8ace3eea3bbab, findElement {using=xpath, value=//a[@href='https://groceryapp.uniqassosiates.com/admin/Subcategory/delete?del=108&page_ad=1']}]
Capabilities {acceptInsecureCerts: false, browserName: chrome, browserVersion: 107.0.5304.107, chrome: {chromedriverVersion: 107.0.5304.62 (1eec40d3a576..., userDataDir: C:\Users\lenovo\AppData\Loc...}, goog:chromeOptions: {debuggerAddress: localhost:54858}, networkConnectionEnabled: false, pageLoadStrategy: normal, platformName: WINDOWS, proxy: Proxy(), se:cdp: ws://localhost:54858/devtoo..., se:cdpVersion: 107.0.5304.107, setWindowRect: true, strictFileInteractability: false, timeouts: {implicit: 0, pageLoad: 300000, script: 30000}, unhandledPromptBehavior: dismiss and notify, webauthn:extension:credBlob: true, webauthn:extension:largeBlob: true, webauthn:virtualAuthenticators: true}
Session ID: b0ab7b07e105aa7a45f8ace3eea3bbab]]>
            </message>
            <full-stacktrace>
              <![CDATA[org.openqa.selenium.NoSuchElementException: no such element: Unable to locate element: {"method":"xpath","selector":"//a[@href='https://groceryapp.uniqassosiates.com/admin/Subcategory/delete?del=108&page_ad=1']"}
  (Session info: chrome=107.0.5304.107)
For documentation on this error, please visit: https://selenium.dev/exceptions/#no_such_element
Build info: version: '4.3.0', revision: 'a4995e2c09*'
System info: host: 'LAPTOP-N7T8FIF4', ip: '192.168.18.69', os.name: 'Windows 11', os.arch: 'amd64', os.version: '10.0', java.version: '17.0.3.1'
Driver info: org.openqa.selenium.chrome.ChromeDriver
Command: [b0ab7b07e105aa7a45f8ace3eea3bbab, findElement {using=xpath, value=//a[@href='https://groceryapp.uniqassosiates.com/admin/Subcategory/delete?del=108&page_ad=1']}]
Capabilities {acceptInsecureCerts: false, browserName: chrome, browserVersion: 107.0.5304.107, chrome: {chromedriverVersion: 107.0.5304.62 (1eec40d3a576..., userDataDir: C:\Users\lenovo\AppData\Loc...}, goog:chromeOptions: {debuggerAddress: localhost:54858}, networkConnectionEnabled: false, pageLoadStrategy: normal, platformName: WINDOWS, proxy: Proxy(), se:cdp: ws://localhost:54858/devtoo..., se:cdpVersion: 107.0.5304.107, setWindowRect: true, strictFileInteractability: false, timeouts: {implicit: 0, pageLoad: 300000, script: 30000}, unhandledPromptBehavior: dismiss and notify, webauthn:extension:credBlob: true, webauthn:extension:largeBlob: true, webauthn:virtualAuthenticators: true}
Session ID: b0ab7b07e105aa7a45f8ace3eea3bbab
at java.base/jdk.internal.reflect.NativeConstructorAccessorImpl.newInstance0(Native Method)
at java.base/jdk.internal.reflect.NativeConstructorAccessorImpl.newInstance(NativeConstructorAccessorImpl.java:77)
at java.base/jdk.internal.reflect.DelegatingConstructorAccessorImpl.newInstance(DelegatingConstructorAccessorImpl.java:45)
at java.base/java.lang.reflect.Constructor.newInstanceWithCaller(Constructor.java:499)
at java.base/java.lang.reflect.Constructor.newInstance(Constructor.java:480)
at org.openqa.selenium.remote.codec.w3c.W3CHttpResponseCodec.createException(W3CHttpResponseCodec.java:200)
at org.openqa.selenium.remote.codec.w3c.W3CHttpResponseCodec.decode(W3CHttpResponseCodec.java:133)
at org.openqa.selenium.remote.codec.w3c.W3CHttpResponseCodec.decode(W3CHttpResponseCodec.java:53)
at org.openqa.selenium.remote.HttpCommandExecutor.execute(HttpCommandExecutor.java:184)
at org.openqa.selenium.remote.service.DriverCommandExecutor.invokeExecute(DriverCommandExecutor.java:167)
at org.openqa.selenium.remote.service.DriverCommandExecutor.execute(DriverCommandExecutor.java:142)
at org.openqa.selenium.remote.RemoteWebDriver.execute(RemoteWebDriver.java:569)
at org.openqa.selenium.remote.ElementLocation$ElementFinder$2.findElement(ElementLocation.java:162)
at org.openqa.selenium.remote.ElementLocation.findElement(ElementLocation.java:60)
at org.openqa.selenium.remote.RemoteWebDriver.findElement(RemoteWebDriver.java:387)
at org.openqa.selenium.remote.RemoteWebDriver.findElement(RemoteWebDriver.java:379)
at org.openqa.selenium.support.pagefactory.DefaultElementLocator.findElement(DefaultElementLocator.java:70)
at org.openqa.selenium.support.pagefactory.internal.LocatingElementHandler.invoke(LocatingElementHandler.java:39)
at jdk.proxy2/jdk.proxy2.$Proxy17.click(Unknown Source)
at com.supermarket1.pages.ManageCategoryPage.click_DeleteButton(ManageCategoryPage.java:148)
at com.supermarket1.tests.ManageCategoryTest.verify_DeleteFunctinalitySubCategoryInformation(ManageCategoryTest.java:82)
at java.base/jdk.internal.reflect.NativeMethodAccessorImpl.invoke0(Native Method)
at java.base/jdk.internal.reflect.NativeMethodAccessorImpl.invoke(NativeMethodAccessorImpl.java:77)
at java.base/jdk.internal.reflect.DelegatingMethodAccessorImpl.invoke(DelegatingMethodAccessorImpl.java:43)
at java.base/java.lang.reflect.Method.invoke(Method.java:568)
at org.testng.internal.MethodInvocationHelper.invokeMethod(MethodInvocationHelper.java:133)
at org.testng.internal.TestInvoker.invokeMethod(TestInvoker.java:598)
at org.testng.internal.TestInvoker.invokeTestMethod(TestInvoker.java:173)
at org.testng.internal.MethodRunner.runInSequence(MethodRunner.java:46)
at org.testng.internal.TestInvoker$MethodInvocationAgent.invoke(TestInvoker.java:824)
at org.testng.internal.TestInvoker.invokeTestMethods(TestInvoker.java:146)
at org.testng.internal.TestMethodWorker.invokeTestMethods(TestMethodWorker.java:146)
at org.testng.internal.TestMethodWorker.run(TestMethodWorker.java:128)
at java.base/java.util.ArrayList.forEach(ArrayList.java:1511)
at org.testng.TestRunner.privateRun(TestRunner.java:794)
at org.testng.TestRunner.run(TestRunner.java:596)
at org.testng.SuiteRunner.runTest(SuiteRunner.java:377)
at org.testng.SuiteRunner.access$000(SuiteRunner.java:28)
at org.testng.SuiteRunner$SuiteWorker.run(SuiteRunner.java:418)
at org.testng.internal.thread.ThreadUtil.lambda$execute$0(ThreadUtil.java:64)
at java.base/java.util.concurrent.FutureTask.run(FutureTask.java:264)
at java.base/java.util.concurrent.ThreadPoolExecutor.runWorker(ThreadPoolExecutor.java:1136)
at java.base/java.util.concurrent.ThreadPoolExecutor$Worker.run(ThreadPoolExecutor.java:635)
at java.base/java.lang.Thread.run(Thread.java:833)
]]>
            </full-stacktrace>
          </exception> <!-- org.openqa.selenium.NoSuchElementException -->
          <reporter-output>
          </reporter-output>
        </test-method> <!-- verify_DeleteFunctinalitySubCategoryInformation -->
        <test-method is-config="true" signature="tearDown(org.testng.ITestResult)[pri:0, instance:com.supermarket1.tests.ManageCategoryTest@776aec5c]" started-at="2022-11-10T10:55:51 IST" name="tearDown" finished-at="2022-11-10T10:55:51 IST" duration-ms="337" status="PASS">
          <params>
            <param index="0">
              <value>
                <![CDATA[[TestResult name=verify_DeleteFunctinalitySubCategoryInformation status=FAILURE method=ManageCategoryTest.verify_DeleteFunctinalitySubCategoryInformation()[pri:0, instance:com.supermarket1.tests.ManageCategoryTest@776aec5c] output={null}]]]>
              </value>
            </param>
          </params>
          <reporter-output>
          </reporter-output>
        </test-method> <!-- tearDown -->
        <test-method is-config="true" signature="setUp()[pri:0, instance:com.supermarket1.tests.ManageCategoryTest@776aec5c]" started-at="2022-11-10T10:58:14 IST" name="setUp" finished-at="2022-11-10T10:58:15 IST" duration-ms="1663" status="PASS">
          <reporter-output>
          </reporter-output>
        </test-method> <!-- setUp -->
        <test-method signature="verify_SearchOption(java.lang.String)[pri:0, instance:com.supermarket1.tests.ManageCategoryTest@776aec5c]" started-at="2022-11-10T10:58:15 IST" name="verify_SearchOption" data-provider="searchlists" finished-at="2022-11-10T10:58:28 IST" duration-ms="12688" status="FAIL">
          <params>
            <param index="0">
              <value>
                <![CDATA[pastry]]>
              </value>
            </param>
          </params>
          <exception class="org.openqa.selenium.NoSuchElementException">
            <message>
              <![CDATA[no such element: Unable to locate element: {"method":"xpath","selector":"//button[@class='btn btn-danger']"}
  (Session info: chrome=107.0.5304.107)
For documentation on this error, please visit: https://selenium.dev/exceptions/#no_such_element
Build info: version: '4.3.0', revision: 'a4995e2c09*'
System info: host: 'LAPTOP-N7T8FIF4', ip: '192.168.18.69', os.name: 'Windows 11', os.arch: 'amd64', os.version: '10.0', java.version: '17.0.3.1'
Driver info: org.openqa.selenium.chrome.ChromeDriver
Command: [986aeedda15d8cb40ffafc14425c40e2, findElement {using=xpath, value=//button[@class='btn btn-danger']}]
Capabilities {acceptInsecureCerts: false, browserName: chrome, browserVersion: 107.0.5304.107, chrome: {chromedriverVersion: 107.0.5304.62 (1eec40d3a576..., userDataDir: C:\Users\lenovo\AppData\Loc...}, goog:chromeOptions: {debuggerAddress: localhost:55496}, networkConnectionEnabled: false, pageLoadStrategy: normal, platformName: WINDOWS, proxy: Proxy(), se:cdp: ws://localhost:55496/devtoo..., se:cdpVersion: 107.0.5304.107, setWindowRect: true, strictFileInteractability: false, timeouts: {implicit: 0, pageLoad: 300000, script: 30000}, unhandledPromptBehavior: dismiss and notify, webauthn:extension:credBlob: true, webauthn:extension:largeBlob: true, webauthn:virtualAuthenticators: true}
Session ID: 986aeedda15d8cb40ffafc14425c40e2]]>
            </message>
            <full-stacktrace>
              <![CDATA[org.openqa.selenium.NoSuchElementException: no such element: Unable to locate element: {"method":"xpath","selector":"//button[@class='btn btn-danger']"}
  (Session info: chrome=107.0.5304.107)
For documentation on this error, please visit: https://selenium.dev/exceptions/#no_such_element
Build info: version: '4.3.0', revision: 'a4995e2c09*'
System info: host: 'LAPTOP-N7T8FIF4', ip: '192.168.18.69', os.name: 'Windows 11', os.arch: 'amd64', os.version: '10.0', java.version: '17.0.3.1'
Driver info: org.openqa.selenium.chrome.ChromeDriver
Command: [986aeedda15d8cb40ffafc14425c40e2, findElement {using=xpath, value=//button[@class='btn btn-danger']}]
Capabilities {acceptInsecureCerts: false, browserName: chrome, browserVersion: 107.0.5304.107, chrome: {chromedriverVersion: 107.0.5304.62 (1eec40d3a576..., userDataDir: C:\Users\lenovo\AppData\Loc...}, goog:chromeOptions: {debuggerAddress: localhost:55496}, networkConnectionEnabled: false, pageLoadStrategy: normal, platformName: WINDOWS, proxy: Proxy(), se:cdp: ws://localhost:55496/devtoo..., se:cdpVersion: 107.0.5304.107, setWindowRect: true, strictFileInteractability: false, timeouts: {implicit: 0, pageLoad: 300000, script: 30000}, unhandledPromptBehavior: dismiss and notify, webauthn:extension:credBlob: true, webauthn:extension:largeBlob: true, webauthn:virtualAuthenticators: true}
Session ID: 986aeedda15d8cb40ffafc14425c40e2
at java.base/jdk.internal.reflect.NativeConstructorAccessorImpl.newInstance0(Native Method)
at java.base/jdk.internal.reflect.NativeConstructorAccessorImpl.newInstance(NativeConstructorAccessorImpl.java:77)
at java.base/jdk.internal.reflect.DelegatingConstructorAccessorImpl.newInstance(DelegatingConstructorAccessorImpl.java:45)
at java.base/java.lang.reflect.Constructor.newInstanceWithCaller(Constructor.java:499)
at java.base/java.lang.reflect.Constructor.newInstance(Constructor.java:480)
at org.openqa.selenium.remote.codec.w3c.W3CHttpResponseCodec.createException(W3CHttpResponseCodec.java:200)
at org.openqa.selenium.remote.codec.w3c.W3CHttpResponseCodec.decode(W3CHttpResponseCodec.java:133)
at org.openqa.selenium.remote.codec.w3c.W3CHttpResponseCodec.decode(W3CHttpResponseCodec.java:53)
at org.openqa.selenium.remote.HttpCommandExecutor.execute(HttpCommandExecutor.java:184)
at org.openqa.selenium.remote.service.DriverCommandExecutor.invokeExecute(DriverCommandExecutor.java:167)
at org.openqa.selenium.remote.service.DriverCommandExecutor.execute(DriverCommandExecutor.java:142)
at org.openqa.selenium.remote.RemoteWebDriver.execute(RemoteWebDriver.java:569)
at org.openqa.selenium.remote.ElementLocation$ElementFinder$2.findElement(ElementLocation.java:162)
at org.openqa.selenium.remote.ElementLocation.findElement(ElementLocation.java:60)
at org.openqa.selenium.remote.RemoteWebDriver.findElement(RemoteWebDriver.java:387)
at org.openqa.selenium.remote.RemoteWebDriver.findElement(RemoteWebDriver.java:379)
at org.openqa.selenium.support.pagefactory.DefaultElementLocator.findElement(DefaultElementLocator.java:70)
at org.openqa.selenium.support.pagefactory.internal.LocatingElementHandler.invoke(LocatingElementHandler.java:39)
at jdk.proxy2/jdk.proxy2.$Proxy17.isEnabled(Unknown Source)
at com.supermarket1.utilities.GeneralUtility.is_Enabled(GeneralUtility.java:30)
at com.supermarket1.pages.ManageCategoryPage.saveButton_Enabled(ManageCategoryPage.java:93)
at com.supermarket1.tests.ManageCategoryTest.verify_SearchOption(ManageCategoryTest.java:42)
at java.base/jdk.internal.reflect.NativeMethodAccessorImpl.invoke0(Native Method)
at java.base/jdk.internal.reflect.NativeMethodAccessorImpl.invoke(NativeMethodAccessorImpl.java:77)
at java.base/jdk.internal.reflect.DelegatingMethodAccessorImpl.invoke(DelegatingMethodAccessorImpl.java:43)
at java.base/java.lang.reflect.Method.invoke(Method.java:568)
at org.testng.internal.MethodInvocationHelper.invokeMethod(MethodInvocationHelper.java:133)
at org.testng.internal.TestInvoker.invokeMethod(TestInvoker.java:598)
at org.testng.internal.TestInvoker.invokeTestMethod(TestInvoker.java:173)
at org.testng.internal.MethodRunner.runInSequence(MethodRunner.java:46)
at org.testng.internal.TestInvoker$MethodInvocationAgent.invoke(TestInvoker.java:824)
at org.testng.internal.TestInvoker.invokeTestMethods(TestInvoker.java:146)
at org.testng.internal.TestMethodWorker.invokeTestMethods(TestMethodWorker.java:146)
at org.testng.internal.TestMethodWorker.run(TestMethodWorker.java:128)
at java.base/java.util.ArrayList.forEach(ArrayList.java:1511)
at org.testng.TestRunner.privateRun(TestRunner.java:794)
at org.testng.TestRunner.run(TestRunner.java:596)
at org.testng.SuiteRunner.runTest(SuiteRunner.java:377)
at org.testng.SuiteRunner.access$000(SuiteRunner.java:28)
at org.testng.SuiteRunner$SuiteWorker.run(SuiteRunner.java:418)
at org.testng.internal.thread.ThreadUtil.lambda$execute$0(ThreadUtil.java:64)
at java.base/java.util.concurrent.FutureTask.run(FutureTask.java:264)
at java.base/java.util.concurrent.ThreadPoolExecutor.runWorker(ThreadPoolExecutor.java:1136)
at java.base/java.util.concurrent.ThreadPoolExecutor$Worker.run(ThreadPoolExecutor.java:635)
at java.base/java.lang.Thread.run(Thread.java:833)
]]>
            </full-stacktrace>
          </exception> <!-- org.openqa.selenium.NoSuchElementException -->
          <reporter-output>
          </reporter-output>
        </test-method> <!-- verify_SearchOption -->
        <test-method is-config="true" signature="tearDown(org.testng.ITestResult)[pri:0, instance:com.supermarket1.tests.ManageCategoryTest@776aec5c]" started-at="2022-11-10T10:58:28 IST" name="tearDown" finished-at="2022-11-10T10:58:28 IST" duration-ms="296" status="PASS">
          <params>
            <param index="0">
              <value>
                <![CDATA[[TestResult name=verify_SearchOption status=FAILURE method=ManageCategoryTest.verify_SearchOption(java.lang.String)[pri:0, instance:com.supermarket1.tests.ManageCategoryTest@776aec5c] output={null}]]]>
              </value>
            </param>
          </params>
          <reporter-output>
          </reporter-output>
        </test-method> <!-- tearDown -->
        <test-method is-config="true" signature="setUp()[pri:0, instance:com.supermarket1.tests.ManageCategoryTest@776aec5c]" started-at="2022-11-10T10:58:28 IST" name="setUp" finished-at="2022-11-10T10:58:30 IST" duration-ms="1593" status="PASS">
          <reporter-output>
          </reporter-output>
        </test-method> <!-- setUp -->
        <test-method signature="verify_SearchOption(java.lang.String)[pri:0, instance:com.supermarket1.tests.ManageCategoryTest@776aec5c]" started-at="2022-11-10T10:58:30 IST" name="verify_SearchOption" data-provider="searchlists" finished-at="2022-11-10T10:58:43 IST" duration-ms="12999" status="FAIL">
          <params>
            <param index="0">
              <value>
                <![CDATA[Diary&Bakery]]>
              </value>
            </param>
          </params>
          <exception class="org.openqa.selenium.NoSuchElementException">
            <message>
              <![CDATA[no such element: Unable to locate element: {"method":"xpath","selector":"//button[@class='btn btn-danger']"}
  (Session info: chrome=107.0.5304.107)
For documentation on this error, please visit: https://selenium.dev/exceptions/#no_such_element
Build info: version: '4.3.0', revision: 'a4995e2c09*'
System info: host: 'LAPTOP-N7T8FIF4', ip: '192.168.18.69', os.name: 'Windows 11', os.arch: 'amd64', os.version: '10.0', java.version: '17.0.3.1'
Driver info: org.openqa.selenium.chrome.ChromeDriver
Command: [3179b628c4b0c6d6eeed785fa7c1de86, findElement {using=xpath, value=//button[@class='btn btn-danger']}]
Capabilities {acceptInsecureCerts: false, browserName: chrome, browserVersion: 107.0.5304.107, chrome: {chromedriverVersion: 107.0.5304.62 (1eec40d3a576..., userDataDir: C:\Users\lenovo\AppData\Loc...}, goog:chromeOptions: {debuggerAddress: localhost:55524}, networkConnectionEnabled: false, pageLoadStrategy: normal, platformName: WINDOWS, proxy: Proxy(), se:cdp: ws://localhost:55524/devtoo..., se:cdpVersion: 107.0.5304.107, setWindowRect: true, strictFileInteractability: false, timeouts: {implicit: 0, pageLoad: 300000, script: 30000}, unhandledPromptBehavior: dismiss and notify, webauthn:extension:credBlob: true, webauthn:extension:largeBlob: true, webauthn:virtualAuthenticators: true}
Session ID: 3179b628c4b0c6d6eeed785fa7c1de86]]>
            </message>
            <full-stacktrace>
              <![CDATA[org.openqa.selenium.NoSuchElementException: no such element: Unable to locate element: {"method":"xpath","selector":"//button[@class='btn btn-danger']"}
  (Session info: chrome=107.0.5304.107)
For documentation on this error, please visit: https://selenium.dev/exceptions/#no_such_element
Build info: version: '4.3.0', revision: 'a4995e2c09*'
System info: host: 'LAPTOP-N7T8FIF4', ip: '192.168.18.69', os.name: 'Windows 11', os.arch: 'amd64', os.version: '10.0', java.version: '17.0.3.1'
Driver info: org.openqa.selenium.chrome.ChromeDriver
Command: [3179b628c4b0c6d6eeed785fa7c1de86, findElement {using=xpath, value=//button[@class='btn btn-danger']}]
Capabilities {acceptInsecureCerts: false, browserName: chrome, browserVersion: 107.0.5304.107, chrome: {chromedriverVersion: 107.0.5304.62 (1eec40d3a576..., userDataDir: C:\Users\lenovo\AppData\Loc...}, goog:chromeOptions: {debuggerAddress: localhost:55524}, networkConnectionEnabled: false, pageLoadStrategy: normal, platformName: WINDOWS, proxy: Proxy(), se:cdp: ws://localhost:55524/devtoo..., se:cdpVersion: 107.0.5304.107, setWindowRect: true, strictFileInteractability: false, timeouts: {implicit: 0, pageLoad: 300000, script: 30000}, unhandledPromptBehavior: dismiss and notify, webauthn:extension:credBlob: true, webauthn:extension:largeBlob: true, webauthn:virtualAuthenticators: true}
Session ID: 3179b628c4b0c6d6eeed785fa7c1de86
at java.base/jdk.internal.reflect.NativeConstructorAccessorImpl.newInstance0(Native Method)
at java.base/jdk.internal.reflect.NativeConstructorAccessorImpl.newInstance(NativeConstructorAccessorImpl.java:77)
at java.base/jdk.internal.reflect.DelegatingConstructorAccessorImpl.newInstance(DelegatingConstructorAccessorImpl.java:45)
at java.base/java.lang.reflect.Constructor.newInstanceWithCaller(Constructor.java:499)
at java.base/java.lang.reflect.Constructor.newInstance(Constructor.java:480)
at org.openqa.selenium.remote.codec.w3c.W3CHttpResponseCodec.createException(W3CHttpResponseCodec.java:200)
at org.openqa.selenium.remote.codec.w3c.W3CHttpResponseCodec.decode(W3CHttpResponseCodec.java:133)
at org.openqa.selenium.remote.codec.w3c.W3CHttpResponseCodec.decode(W3CHttpResponseCodec.java:53)
at org.openqa.selenium.remote.HttpCommandExecutor.execute(HttpCommandExecutor.java:184)
at org.openqa.selenium.remote.service.DriverCommandExecutor.invokeExecute(DriverCommandExecutor.java:167)
at org.openqa.selenium.remote.service.DriverCommandExecutor.execute(DriverCommandExecutor.java:142)
at org.openqa.selenium.remote.RemoteWebDriver.execute(RemoteWebDriver.java:569)
at org.openqa.selenium.remote.ElementLocation$ElementFinder$2.findElement(ElementLocation.java:162)
at org.openqa.selenium.remote.ElementLocation.findElement(ElementLocation.java:60)
at org.openqa.selenium.remote.RemoteWebDriver.findElement(RemoteWebDriver.java:387)
at org.openqa.selenium.remote.RemoteWebDriver.findElement(RemoteWebDriver.java:379)
at org.openqa.selenium.support.pagefactory.DefaultElementLocator.findElement(DefaultElementLocator.java:70)
at org.openqa.selenium.support.pagefactory.internal.LocatingElementHandler.invoke(LocatingElementHandler.java:39)
at jdk.proxy2/jdk.proxy2.$Proxy17.isEnabled(Unknown Source)
at com.supermarket1.utilities.GeneralUtility.is_Enabled(GeneralUtility.java:30)
at com.supermarket1.pages.ManageCategoryPage.saveButton_Enabled(ManageCategoryPage.java:93)
at com.supermarket1.tests.ManageCategoryTest.verify_SearchOption(ManageCategoryTest.java:42)
at java.base/jdk.internal.reflect.NativeMethodAccessorImpl.invoke0(Native Method)
at java.base/jdk.internal.reflect.NativeMethodAccessorImpl.invoke(NativeMethodAccessorImpl.java:77)
at java.base/jdk.internal.reflect.DelegatingMethodAccessorImpl.invoke(DelegatingMethodAccessorImpl.java:43)
at java.base/java.lang.reflect.Method.invoke(Method.java:568)
at org.testng.internal.MethodInvocationHelper.invokeMethod(MethodInvocationHelper.java:133)
at org.testng.internal.TestInvoker.invokeMethod(TestInvoker.java:598)
at org.testng.internal.TestInvoker.invokeTestMethod(TestInvoker.java:173)
at org.testng.internal.MethodRunner.runInSequence(MethodRunner.java:46)
at org.testng.internal.TestInvoker$MethodInvocationAgent.invoke(TestInvoker.java:824)
at org.testng.internal.TestInvoker.invokeTestMethods(TestInvoker.java:146)
at org.testng.internal.TestMethodWorker.invokeTestMethods(TestMethodWorker.java:146)
at org.testng.internal.TestMethodWorker.run(TestMethodWorker.java:128)
at java.base/java.util.ArrayList.forEach(ArrayList.java:1511)
at org.testng.TestRunner.privateRun(TestRunner.java:794)
at org.testng.TestRunner.run(TestRunner.java:596)
at org.testng.SuiteRunner.runTest(SuiteRunner.java:377)
at org.testng.SuiteRunner.access$000(SuiteRunner.java:28)
at org.testng.SuiteRunner$SuiteWorker.run(SuiteRunner.java:418)
at org.testng.internal.thread.ThreadUtil.lambda$execute$0(ThreadUtil.java:64)
at java.base/java.util.concurrent.FutureTask.run(FutureTask.java:264)
at java.base/java.util.concurrent.ThreadPoolExecutor.runWorker(ThreadPoolExecutor.java:1136)
at java.base/java.util.concurrent.ThreadPoolExecutor$Worker.run(ThreadPoolExecutor.java:635)
at java.base/java.lang.Thread.run(Thread.java:833)
]]>
            </full-stacktrace>
          </exception> <!-- org.openqa.selenium.NoSuchElementException -->
          <reporter-output>
          </reporter-output>
        </test-method> <!-- verify_SearchOption -->
        <test-method is-config="true" signature="tearDown(org.testng.ITestResult)[pri:0, instance:com.supermarket1.tests.ManageCategoryTest@776aec5c]" started-at="2022-11-10T10:58:43 IST" name="tearDown" finished-at="2022-11-10T10:58:43 IST" duration-ms="321" status="PASS">
          <params>
            <param index="0">
              <value>
                <![CDATA[[TestResult name=verify_SearchOption status=FAILURE method=ManageCategoryTest.verify_SearchOption(java.lang.String)[pri:0, instance:com.supermarket1.tests.ManageCategoryTest@776aec5c] output={null}]]]>
              </value>
            </param>
          </params>
          <reporter-output>
          </reporter-output>
        </test-method> <!-- tearDown -->
        <test-method is-config="true" signature="setUp()[pri:0, instance:com.supermarket1.tests.ManageCategoryTest@776aec5c]" started-at="2022-11-10T10:58:43 IST" name="setUp" finished-at="2022-11-10T10:58:45 IST" duration-ms="1675" status="PASS">
          <reporter-output>
          </reporter-output>
        </test-method> <!-- setUp -->
        <test-method signature="verify_SearchOption(java.lang.String)[pri:0, instance:com.supermarket1.tests.ManageCategoryTest@776aec5c]" started-at="2022-11-10T10:58:45 IST" name="verify_SearchOption" data-provider="searchlists" finished-at="2022-11-10T10:58:58 IST" duration-ms="12980" status="FAIL">
          <params>
            <param index="0">
              <value>
                <![CDATA[DryFruits]]>
              </value>
            </param>
          </params>
          <exception class="org.openqa.selenium.NoSuchElementException">
            <message>
              <![CDATA[no such element: Unable to locate element: {"method":"xpath","selector":"//button[@class='btn btn-danger']"}
  (Session info: chrome=107.0.5304.107)
For documentation on this error, please visit: https://selenium.dev/exceptions/#no_such_element
Build info: version: '4.3.0', revision: 'a4995e2c09*'
System info: host: 'LAPTOP-N7T8FIF4', ip: '192.168.18.69', os.name: 'Windows 11', os.arch: 'amd64', os.version: '10.0', java.version: '17.0.3.1'
Driver info: org.openqa.selenium.chrome.ChromeDriver
Command: [698ceb2f91295ef40951e608151044c5, findElement {using=xpath, value=//button[@class='btn btn-danger']}]
Capabilities {acceptInsecureCerts: false, browserName: chrome, browserVersion: 107.0.5304.107, chrome: {chromedriverVersion: 107.0.5304.62 (1eec40d3a576..., userDataDir: C:\Users\lenovo\AppData\Loc...}, goog:chromeOptions: {debuggerAddress: localhost:55590}, networkConnectionEnabled: false, pageLoadStrategy: normal, platformName: WINDOWS, proxy: Proxy(), se:cdp: ws://localhost:55590/devtoo..., se:cdpVersion: 107.0.5304.107, setWindowRect: true, strictFileInteractability: false, timeouts: {implicit: 0, pageLoad: 300000, script: 30000}, unhandledPromptBehavior: dismiss and notify, webauthn:extension:credBlob: true, webauthn:extension:largeBlob: true, webauthn:virtualAuthenticators: true}
Session ID: 698ceb2f91295ef40951e608151044c5]]>
            </message>
            <full-stacktrace>
              <![CDATA[org.openqa.selenium.NoSuchElementException: no such element: Unable to locate element: {"method":"xpath","selector":"//button[@class='btn btn-danger']"}
  (Session info: chrome=107.0.5304.107)
For documentation on this error, please visit: https://selenium.dev/exceptions/#no_such_element
Build info: version: '4.3.0', revision: 'a4995e2c09*'
System info: host: 'LAPTOP-N7T8FIF4', ip: '192.168.18.69', os.name: 'Windows 11', os.arch: 'amd64', os.version: '10.0', java.version: '17.0.3.1'
Driver info: org.openqa.selenium.chrome.ChromeDriver
Command: [698ceb2f91295ef40951e608151044c5, findElement {using=xpath, value=//button[@class='btn btn-danger']}]
Capabilities {acceptInsecureCerts: false, browserName: chrome, browserVersion: 107.0.5304.107, chrome: {chromedriverVersion: 107.0.5304.62 (1eec40d3a576..., userDataDir: C:\Users\lenovo\AppData\Loc...}, goog:chromeOptions: {debuggerAddress: localhost:55590}, networkConnectionEnabled: false, pageLoadStrategy: normal, platformName: WINDOWS, proxy: Proxy(), se:cdp: ws://localhost:55590/devtoo..., se:cdpVersion: 107.0.5304.107, setWindowRect: true, strictFileInteractability: false, timeouts: {implicit: 0, pageLoad: 300000, script: 30000}, unhandledPromptBehavior: dismiss and notify, webauthn:extension:credBlob: true, webauthn:extension:largeBlob: true, webauthn:virtualAuthenticators: true}
Session ID: 698ceb2f91295ef40951e608151044c5
at java.base/jdk.internal.reflect.NativeConstructorAccessorImpl.newInstance0(Native Method)
at java.base/jdk.internal.reflect.NativeConstructorAccessorImpl.newInstance(NativeConstructorAccessorImpl.java:77)
at java.base/jdk.internal.reflect.DelegatingConstructorAccessorImpl.newInstance(DelegatingConstructorAccessorImpl.java:45)
at java.base/java.lang.reflect.Constructor.newInstanceWithCaller(Constructor.java:499)
at java.base/java.lang.reflect.Constructor.newInstance(Constructor.java:480)
at org.openqa.selenium.remote.codec.w3c.W3CHttpResponseCodec.createException(W3CHttpResponseCodec.java:200)
at org.openqa.selenium.remote.codec.w3c.W3CHttpResponseCodec.decode(W3CHttpResponseCodec.java:133)
at org.openqa.selenium.remote.codec.w3c.W3CHttpResponseCodec.decode(W3CHttpResponseCodec.java:53)
at org.openqa.selenium.remote.HttpCommandExecutor.execute(HttpCommandExecutor.java:184)
at org.openqa.selenium.remote.service.DriverCommandExecutor.invokeExecute(DriverCommandExecutor.java:167)
at org.openqa.selenium.remote.service.DriverCommandExecutor.execute(DriverCommandExecutor.java:142)
at org.openqa.selenium.remote.RemoteWebDriver.execute(RemoteWebDriver.java:569)
at org.openqa.selenium.remote.ElementLocation$ElementFinder$2.findElement(ElementLocation.java:162)
at org.openqa.selenium.remote.ElementLocation.findElement(ElementLocation.java:60)
at org.openqa.selenium.remote.RemoteWebDriver.findElement(RemoteWebDriver.java:387)
at org.openqa.selenium.remote.RemoteWebDriver.findElement(RemoteWebDriver.java:379)
at org.openqa.selenium.support.pagefactory.DefaultElementLocator.findElement(DefaultElementLocator.java:70)
at org.openqa.selenium.support.pagefactory.internal.LocatingElementHandler.invoke(LocatingElementHandler.java:39)
at jdk.proxy2/jdk.proxy2.$Proxy17.isEnabled(Unknown Source)
at com.supermarket1.utilities.GeneralUtility.is_Enabled(GeneralUtility.java:30)
at com.supermarket1.pages.ManageCategoryPage.saveButton_Enabled(ManageCategoryPage.java:93)
at com.supermarket1.tests.ManageCategoryTest.verify_SearchOption(ManageCategoryTest.java:42)
at java.base/jdk.internal.reflect.NativeMethodAccessorImpl.invoke0(Native Method)
at java.base/jdk.internal.reflect.NativeMethodAccessorImpl.invoke(NativeMethodAccessorImpl.java:77)
at java.base/jdk.internal.reflect.DelegatingMethodAccessorImpl.invoke(DelegatingMethodAccessorImpl.java:43)
at java.base/java.lang.reflect.Method.invoke(Method.java:568)
at org.testng.internal.MethodInvocationHelper.invokeMethod(MethodInvocationHelper.java:133)
at org.testng.internal.TestInvoker.invokeMethod(TestInvoker.java:598)
at org.testng.internal.TestInvoker.invokeTestMethod(TestInvoker.java:173)
at org.testng.internal.MethodRunner.runInSequence(MethodRunner.java:46)
at org.testng.internal.TestInvoker$MethodInvocationAgent.invoke(TestInvoker.java:824)
at org.testng.internal.TestInvoker.invokeTestMethods(TestInvoker.java:146)
at org.testng.internal.TestMethodWorker.invokeTestMethods(TestMethodWorker.java:146)
at org.testng.internal.TestMethodWorker.run(TestMethodWorker.java:128)
at java.base/java.util.ArrayList.forEach(ArrayList.java:1511)
at org.testng.TestRunner.privateRun(TestRunner.java:794)
at org.testng.TestRunner.run(TestRunner.java:596)
at org.testng.SuiteRunner.runTest(SuiteRunner.java:377)
at org.testng.SuiteRunner.access$000(SuiteRunner.java:28)
at org.testng.SuiteRunner$SuiteWorker.run(SuiteRunner.java:418)
at org.testng.internal.thread.ThreadUtil.lambda$execute$0(ThreadUtil.java:64)
at java.base/java.util.concurrent.FutureTask.run(FutureTask.java:264)
at java.base/java.util.concurrent.ThreadPoolExecutor.runWorker(ThreadPoolExecutor.java:1136)
at java.base/java.util.concurrent.ThreadPoolExecutor$Worker.run(ThreadPoolExecutor.java:635)
at java.base/java.lang.Thread.run(Thread.java:833)
]]>
            </full-stacktrace>
          </exception> <!-- org.openqa.selenium.NoSuchElementException -->
          <reporter-output>
          </reporter-output>
        </test-method> <!-- verify_SearchOption -->
        <test-method is-config="true" signature="tearDown(org.testng.ITestResult)[pri:0, instance:com.supermarket1.tests.ManageCategoryTest@776aec5c]" started-at="2022-11-10T10:58:58 IST" name="tearDown" finished-at="2022-11-10T10:58:58 IST" duration-ms="321" status="PASS">
          <params>
            <param index="0">
              <value>
                <![CDATA[[TestResult name=verify_SearchOption status=FAILURE method=ManageCategoryTest.verify_SearchOption(java.lang.String)[pri:0, instance:com.supermarket1.tests.ManageCategoryTest@776aec5c] output={null}]]]>
              </value>
            </param>
          </params>
          <reporter-output>
          </reporter-output>
        </test-method> <!-- tearDown -->
        <test-method is-config="true" signature="setUp()[pri:0, instance:com.supermarket1.tests.ManageCategoryTest@776aec5c]" started-at="2022-11-10T10:59:20 IST" name="setUp" finished-at="2022-11-10T10:59:21 IST" duration-ms="1599" status="PASS">
          <reporter-output>
          </reporter-output>
        </test-method> <!-- setUp -->
        <test-method signature="verify_UpDationOfSubCategoryInformation()[pri:0, instance:com.supermarket1.tests.ManageCategoryTest@776aec5c]" started-at="2022-11-10T10:59:21 IST" name="verify_UpDationOfSubCategoryInformation" finished-at="2022-11-10T10:59:25 IST" duration-ms="3880" status="PASS">
          <reporter-output>
          </reporter-output>
        </test-method> <!-- verify_UpDationOfSubCategoryInformation -->
        <test-method is-config="true" signature="tearDown(org.testng.ITestResult)[pri:0, instance:com.supermarket1.tests.ManageCategoryTest@776aec5c]" started-at="2022-11-10T10:59:25 IST" name="tearDown" finished-at="2022-11-10T10:59:25 IST" duration-ms="195" status="PASS">
          <params>
            <param index="0">
              <value>
                <![CDATA[[TestResult name=verify_UpDationOfSubCategoryInformation status=SUCCESS method=ManageCategoryTest.verify_UpDationOfSubCategoryInformation()[pri:0, instance:com.supermarket1.tests.ManageCategoryTest@776aec5c] output={null}]]]>
              </value>
            </param>
          </params>
          <reporter-output>
          </reporter-output>
        </test-method> <!-- tearDown -->
        <test-method is-config="true" signature="setUp()[pri:0, instance:com.supermarket1.tests.ManageCategoryTest@776aec5c]" started-at="2022-11-10T10:59:25 IST" name="setUp" finished-at="2022-11-10T10:59:27 IST" duration-ms="1699" status="PASS">
          <reporter-output>
          </reporter-output>
        </test-method> <!-- setUp -->
        <test-method signature="verify_AddCategoryInManageCategory()[pri:1, instance:com.supermarket1.tests.ManageCategoryTest@776aec5c]" started-at="2022-11-10T10:59:27 IST" name="verify_AddCategoryInManageCategory" finished-at="2022-11-10T10:59:33 IST" duration-ms="5763" status="PASS">
          <reporter-output>
          </reporter-output>
        </test-method> <!-- verify_AddCategoryInManageCategory -->
        <test-method is-config="true" signature="tearDown(org.testng.ITestResult)[pri:0, instance:com.supermarket1.tests.ManageCategoryTest@776aec5c]" started-at="2022-11-10T10:59:33 IST" name="tearDown" finished-at="2022-11-10T10:59:49 IST" duration-ms="16254" status="PASS">
          <params>
            <param index="0">
              <value>
                <![CDATA[[TestResult name=verify_AddCategoryInManageCategory status=SUCCESS method=ManageCategoryTest.verify_AddCategoryInManageCategory()[pri:1, instance:com.supermarket1.tests.ManageCategoryTest@776aec5c] output={null}]]]>
              </value>
            </param>
          </params>
          <reporter-output>
          </reporter-output>
        </test-method> <!-- tearDown -->
        <test-method is-config="true" signature="setUp()[pri:0, instance:com.supermarket1.tests.ManageCategoryTest@776aec5c]" started-at="2022-11-10T10:59:52 IST" name="setUp" finished-at="2022-11-10T10:59:53 IST" duration-ms="1915" status="PASS">
          <reporter-output>
          </reporter-output>
        </test-method> <!-- setUp -->
        <test-method signature="verify_EnterSubCategoryInformation()[pri:2, instance:com.supermarket1.tests.ManageCategoryTest@776aec5c]" started-at="2022-11-10T10:59:53 IST" name="verify_EnterSubCategoryInformation" finished-at="2022-11-10T10:59:58 IST" duration-ms="4390" status="PASS">
          <reporter-output>
          </reporter-output>
        </test-method> <!-- verify_EnterSubCategoryInformation -->
        <test-method is-config="true" signature="tearDown(org.testng.ITestResult)[pri:0, instance:com.supermarket1.tests.ManageCategoryTest@776aec5c]" started-at="2022-11-10T10:59:58 IST" name="tearDown" finished-at="2022-11-10T10:59:58 IST" duration-ms="87" status="PASS">
          <params>
            <param index="0">
              <value>
                <![CDATA[[TestResult name=verify_EnterSubCategoryInformation status=SUCCESS method=ManageCategoryTest.verify_EnterSubCategoryInformation()[pri:2, instance:com.supermarket1.tests.ManageCategoryTest@776aec5c] output={null}]]]>
              </value>
            </param>
          </params>
          <reporter-output>
          </reporter-output>
        </test-method> <!-- tearDown -->
      </class> <!-- com.supermarket1.tests.ManageCategoryTest -->
      <class name="com.supermarket1.tests.AdminusersTest">
        <test-method is-config="true" signature="setUp()[pri:0, instance:com.supermarket1.tests.AdminusersTest@35d019a3]" started-at="2022-11-10T10:55:31 IST" name="setUp" finished-at="2022-11-10T10:55:33 IST" duration-ms="1706" status="PASS">
          <reporter-output>
          </reporter-output>
        </test-method> <!-- setUp -->
        <test-method signature="verify_AdminUsersInformations()[pri:0, instance:com.supermarket1.tests.AdminusersTest@35d019a3]" started-at="2022-11-10T10:55:33 IST" name="verify_AdminUsersInformations" finished-at="2022-11-10T10:55:35 IST" duration-ms="2243" status="PASS">
          <reporter-output>
          </reporter-output>
        </test-method> <!-- verify_AdminUsersInformations -->
        <test-method is-config="true" signature="tearDown(org.testng.ITestResult)[pri:0, instance:com.supermarket1.tests.AdminusersTest@35d019a3]" started-at="2022-11-10T10:55:35 IST" name="tearDown" finished-at="2022-11-10T10:55:35 IST" duration-ms="77" status="PASS">
          <params>
            <param index="0">
              <value>
                <![CDATA[[TestResult name=verify_AdminUsersInformations status=SUCCESS method=AdminusersTest.verify_AdminUsersInformations()[pri:0, instance:com.supermarket1.tests.AdminusersTest@35d019a3] output={null}]]]>
              </value>
            </param>
          </params>
          <reporter-output>
          </reporter-output>
        </test-method> <!-- tearDown -->
        <test-method is-config="true" signature="setUp()[pri:0, instance:com.supermarket1.tests.AdminusersTest@35d019a3]" started-at="2022-11-10T10:57:44 IST" name="setUp" finished-at="2022-11-10T10:57:46 IST" duration-ms="1919" status="PASS">
          <reporter-output>
          </reporter-output>
        </test-method> <!-- setUp -->
        <test-method signature="verify_SearchAdminUsersInformations(java.lang.String)[pri:0, instance:com.supermarket1.tests.AdminusersTest@35d019a3]" started-at="2022-11-10T10:57:46 IST" name="verify_SearchAdminUsersInformations" data-provider="searchadminsExcel" finished-at="2022-11-10T10:57:49 IST" duration-ms="2830" status="PASS">
          <params>
            <param index="0">
              <value>
                <![CDATA[max@08_11_2022_11_24_19]]>
              </value>
            </param>
          </params>
          <reporter-output>
          </reporter-output>
        </test-method> <!-- verify_SearchAdminUsersInformations -->
        <test-method is-config="true" signature="tearDown(org.testng.ITestResult)[pri:0, instance:com.supermarket1.tests.AdminusersTest@35d019a3]" started-at="2022-11-10T10:57:49 IST" name="tearDown" finished-at="2022-11-10T10:57:49 IST" duration-ms="153" status="PASS">
          <params>
            <param index="0">
              <value>
                <![CDATA[[TestResult name=verify_SearchAdminUsersInformations status=SUCCESS method=AdminusersTest.verify_SearchAdminUsersInformations(java.lang.String)[pri:0, instance:com.supermarket1.tests.AdminusersTest@35d019a3] output={null}]]]>
              </value>
            </param>
          </params>
          <reporter-output>
          </reporter-output>
        </test-method> <!-- tearDown -->
        <test-method is-config="true" signature="setUp()[pri:0, instance:com.supermarket1.tests.AdminusersTest@35d019a3]" started-at="2022-11-10T10:57:49 IST" name="setUp" finished-at="2022-11-10T10:57:51 IST" duration-ms="1647" status="PASS">
          <reporter-output>
          </reporter-output>
        </test-method> <!-- setUp -->
        <test-method signature="verify_SearchAdminUsersInformations(java.lang.String)[pri:0, instance:com.supermarket1.tests.AdminusersTest@35d019a3]" started-at="2022-11-10T10:57:51 IST" name="verify_SearchAdminUsersInformations" data-provider="searchadminsExcel" finished-at="2022-11-10T10:57:53 IST" duration-ms="2341" status="PASS">
          <params>
            <param index="0">
              <value>
                <![CDATA[devi12308_11_2022_11_15_44]]>
              </value>
            </param>
          </params>
          <reporter-output>
          </reporter-output>
        </test-method> <!-- verify_SearchAdminUsersInformations -->
        <test-method is-config="true" signature="tearDown(org.testng.ITestResult)[pri:0, instance:com.supermarket1.tests.AdminusersTest@35d019a3]" started-at="2022-11-10T10:57:53 IST" name="tearDown" finished-at="2022-11-10T10:57:53 IST" duration-ms="125" status="PASS">
          <params>
            <param index="0">
              <value>
                <![CDATA[[TestResult name=verify_SearchAdminUsersInformations status=SUCCESS method=AdminusersTest.verify_SearchAdminUsersInformations(java.lang.String)[pri:0, instance:com.supermarket1.tests.AdminusersTest@35d019a3] output={null}]]]>
              </value>
            </param>
          </params>
          <reporter-output>
          </reporter-output>
        </test-method> <!-- tearDown -->
        <test-method is-config="true" signature="setUp()[pri:0, instance:com.supermarket1.tests.AdminusersTest@35d019a3]" started-at="2022-11-10T10:57:53 IST" name="setUp" finished-at="2022-11-10T10:57:55 IST" duration-ms="1952" status="PASS">
          <reporter-output>
          </reporter-output>
        </test-method> <!-- setUp -->
        <test-method signature="verify_SearchAdminUsersInformations(java.lang.String)[pri:0, instance:com.supermarket1.tests.AdminusersTest@35d019a3]" started-at="2022-11-10T10:57:55 IST" name="verify_SearchAdminUsersInformations" data-provider="searchadminsExcel" finished-at="2022-11-10T10:57:57 IST" duration-ms="2319" status="PASS">
          <params>
            <param index="0">
              <value>
                <![CDATA[Fathi]]>
              </value>
            </param>
          </params>
          <reporter-output>
          </reporter-output>
        </test-method> <!-- verify_SearchAdminUsersInformations -->
        <test-method is-config="true" signature="tearDown(org.testng.ITestResult)[pri:0, instance:com.supermarket1.tests.AdminusersTest@35d019a3]" started-at="2022-11-10T10:57:57 IST" name="tearDown" finished-at="2022-11-10T10:58:14 IST" duration-ms="16232" status="PASS">
          <params>
            <param index="0">
              <value>
                <![CDATA[[TestResult name=verify_SearchAdminUsersInformations status=SUCCESS method=AdminusersTest.verify_SearchAdminUsersInformations(java.lang.String)[pri:0, instance:com.supermarket1.tests.AdminusersTest@35d019a3] output={null}]]]>
              </value>
            </param>
          </params>
          <reporter-output>
          </reporter-output>
        </test-method> <!-- tearDown -->
      </class> <!-- com.supermarket1.tests.AdminusersTest -->
      <class name="com.supermarket1.tests.LogInTest">
        <test-method is-config="true" signature="setUp()[pri:0, instance:com.supermarket1.tests.LogInTest@5b7a5baa]" started-at="2022-11-10T10:55:11 IST" name="setUp" finished-at="2022-11-10T10:55:15 IST" duration-ms="4319" status="PASS">
          <reporter-output>
          </reporter-output>
        </test-method> <!-- setUp -->
        <test-method signature="Verify_RememberMeCheckBox()[pri:0, instance:com.supermarket1.tests.LogInTest@5b7a5baa]" started-at="2022-11-10T10:55:15 IST" name="Verify_RememberMeCheckBox" finished-at="2022-11-10T10:55:15 IST" duration-ms="238" status="PASS">
          <reporter-output>
          </reporter-output>
        </test-method> <!-- Verify_RememberMeCheckBox -->
        <test-method is-config="true" signature="tearDown(org.testng.ITestResult)[pri:0, instance:com.supermarket1.tests.LogInTest@5b7a5baa]" started-at="2022-11-10T10:55:15 IST" name="tearDown" finished-at="2022-11-10T10:55:31 IST" duration-ms="16190" status="PASS">
          <params>
            <param index="0">
              <value>
                <![CDATA[[TestResult name=Verify_RememberMeCheckBox status=SUCCESS method=LogInTest.Verify_RememberMeCheckBox()[pri:0, instance:com.supermarket1.tests.LogInTest@5b7a5baa] output={null}]]]>
              </value>
            </param>
          </params>
          <reporter-output>
          </reporter-output>
        </test-method> <!-- tearDown -->
        <test-method is-config="true" signature="setUp()[pri:0, instance:com.supermarket1.tests.LogInTest@5b7a5baa]" started-at="2022-11-10T10:55:51 IST" name="setUp" finished-at="2022-11-10T10:55:53 IST" duration-ms="1827" status="PASS">
          <reporter-output>
          </reporter-output>
        </test-method> <!-- setUp -->
        <test-method signature="verify_InvalidData()[pri:0, instance:com.supermarket1.tests.LogInTest@5b7a5baa]" started-at="2022-11-10T10:55:53 IST" name="verify_InvalidData" finished-at="2022-11-10T10:55:54 IST" duration-ms="591" status="PASS">
          <reporter-output>
          </reporter-output>
        </test-method> <!-- verify_InvalidData -->
        <test-method is-config="true" signature="tearDown(org.testng.ITestResult)[pri:0, instance:com.supermarket1.tests.LogInTest@5b7a5baa]" started-at="2022-11-10T10:55:54 IST" name="tearDown" finished-at="2022-11-10T10:55:54 IST" duration-ms="93" status="PASS">
          <params>
            <param index="0">
              <value>
                <![CDATA[[TestResult name=verify_InvalidData status=SUCCESS method=LogInTest.verify_InvalidData()[pri:0, instance:com.supermarket1.tests.LogInTest@5b7a5baa] output={null}]]]>
              </value>
            </param>
          </params>
          <reporter-output>
          </reporter-output>
        </test-method> <!-- tearDown -->
        <test-method is-config="true" signature="setUp()[pri:0, instance:com.supermarket1.tests.LogInTest@5b7a5baa]" started-at="2022-11-10T10:55:54 IST" name="setUp" finished-at="2022-11-10T10:55:56 IST" duration-ms="1721" status="PASS">
          <reporter-output>
          </reporter-output>
        </test-method> <!-- setUp -->
        <test-method signature="verify_LogIn()[pri:0, instance:com.supermarket1.tests.LogInTest@5b7a5baa]" started-at="2022-11-10T10:55:56 IST" name="verify_LogIn" finished-at="2022-11-10T10:55:56 IST" duration-ms="744" status="PASS">
          <reporter-output>
          </reporter-output>
        </test-method> <!-- verify_LogIn -->
        <test-method is-config="true" signature="tearDown(org.testng.ITestResult)[pri:0, instance:com.supermarket1.tests.LogInTest@5b7a5baa]" started-at="2022-11-10T10:55:56 IST" name="tearDown" finished-at="2022-11-10T10:55:57 IST" duration-ms="276" status="PASS">
          <params>
            <param index="0">
              <value>
                <![CDATA[[TestResult name=verify_LogIn status=SUCCESS method=LogInTest.verify_LogIn()[pri:0, instance:com.supermarket1.tests.LogInTest@5b7a5baa] output={null}]]]>
              </value>
            </param>
          </params>
          <reporter-output>
          </reporter-output>
        </test-method> <!-- tearDown -->
        <test-method is-config="true" signature="setUp()[pri:0, instance:com.supermarket1.tests.LogInTest@5b7a5baa]" started-at="2022-11-10T10:55:57 IST" name="setUp" finished-at="2022-11-10T10:55:58 IST" duration-ms="1492" status="PASS">
          <reporter-output>
          </reporter-output>
        </test-method> <!-- setUp -->
        <test-method signature="verify_LogOut()[pri:0, instance:com.supermarket1.tests.LogInTest@5b7a5baa]" started-at="2022-11-10T10:55:58 IST" name="verify_LogOut" finished-at="2022-11-10T10:56:10 IST" duration-ms="11580" status="FAIL">
          <exception class="org.openqa.selenium.NoSuchElementException">
            <message>
              <![CDATA[no such element: Unable to locate element: {"method":"xpath","selector":"//img[@class='img-circle']"}
  (Session info: chrome=107.0.5304.107)
For documentation on this error, please visit: https://selenium.dev/exceptions/#no_such_element
Build info: version: '4.3.0', revision: 'a4995e2c09*'
System info: host: 'LAPTOP-N7T8FIF4', ip: '192.168.18.69', os.name: 'Windows 11', os.arch: 'amd64', os.version: '10.0', java.version: '17.0.3.1'
Driver info: org.openqa.selenium.chrome.ChromeDriver
Command: [320d4a675990d38181b52955f98499f2, findElement {using=xpath, value=//img[@class='img-circle']}]
Capabilities {acceptInsecureCerts: false, browserName: chrome, browserVersion: 107.0.5304.107, chrome: {chromedriverVersion: 107.0.5304.62 (1eec40d3a576..., userDataDir: C:\Users\lenovo\AppData\Loc...}, goog:chromeOptions: {debuggerAddress: localhost:55009}, networkConnectionEnabled: false, pageLoadStrategy: normal, platformName: WINDOWS, proxy: Proxy(), se:cdp: ws://localhost:55009/devtoo..., se:cdpVersion: 107.0.5304.107, setWindowRect: true, strictFileInteractability: false, timeouts: {implicit: 0, pageLoad: 300000, script: 30000}, unhandledPromptBehavior: dismiss and notify, webauthn:extension:credBlob: true, webauthn:extension:largeBlob: true, webauthn:virtualAuthenticators: true}
Session ID: 320d4a675990d38181b52955f98499f2]]>
            </message>
            <full-stacktrace>
              <![CDATA[org.openqa.selenium.NoSuchElementException: no such element: Unable to locate element: {"method":"xpath","selector":"//img[@class='img-circle']"}
  (Session info: chrome=107.0.5304.107)
For documentation on this error, please visit: https://selenium.dev/exceptions/#no_such_element
Build info: version: '4.3.0', revision: 'a4995e2c09*'
System info: host: 'LAPTOP-N7T8FIF4', ip: '192.168.18.69', os.name: 'Windows 11', os.arch: 'amd64', os.version: '10.0', java.version: '17.0.3.1'
Driver info: org.openqa.selenium.chrome.ChromeDriver
Command: [320d4a675990d38181b52955f98499f2, findElement {using=xpath, value=//img[@class='img-circle']}]
Capabilities {acceptInsecureCerts: false, browserName: chrome, browserVersion: 107.0.5304.107, chrome: {chromedriverVersion: 107.0.5304.62 (1eec40d3a576..., userDataDir: C:\Users\lenovo\AppData\Loc...}, goog:chromeOptions: {debuggerAddress: localhost:55009}, networkConnectionEnabled: false, pageLoadStrategy: normal, platformName: WINDOWS, proxy: Proxy(), se:cdp: ws://localhost:55009/devtoo..., se:cdpVersion: 107.0.5304.107, setWindowRect: true, strictFileInteractability: false, timeouts: {implicit: 0, pageLoad: 300000, script: 30000}, unhandledPromptBehavior: dismiss and notify, webauthn:extension:credBlob: true, webauthn:extension:largeBlob: true, webauthn:virtualAuthenticators: true}
Session ID: 320d4a675990d38181b52955f98499f2
at java.base/jdk.internal.reflect.NativeConstructorAccessorImpl.newInstance0(Native Method)
at java.base/jdk.internal.reflect.NativeConstructorAccessorImpl.newInstance(NativeConstructorAccessorImpl.java:77)
at java.base/jdk.internal.reflect.DelegatingConstructorAccessorImpl.newInstance(DelegatingConstructorAccessorImpl.java:45)
at java.base/java.lang.reflect.Constructor.newInstanceWithCaller(Constructor.java:499)
at java.base/java.lang.reflect.Constructor.newInstance(Constructor.java:480)
at org.openqa.selenium.remote.codec.w3c.W3CHttpResponseCodec.createException(W3CHttpResponseCodec.java:200)
at org.openqa.selenium.remote.codec.w3c.W3CHttpResponseCodec.decode(W3CHttpResponseCodec.java:133)
at org.openqa.selenium.remote.codec.w3c.W3CHttpResponseCodec.decode(W3CHttpResponseCodec.java:53)
at org.openqa.selenium.remote.HttpCommandExecutor.execute(HttpCommandExecutor.java:184)
at org.openqa.selenium.remote.service.DriverCommandExecutor.invokeExecute(DriverCommandExecutor.java:167)
at org.openqa.selenium.remote.service.DriverCommandExecutor.execute(DriverCommandExecutor.java:142)
at org.openqa.selenium.remote.RemoteWebDriver.execute(RemoteWebDriver.java:569)
at org.openqa.selenium.remote.ElementLocation$ElementFinder$2.findElement(ElementLocation.java:162)
at org.openqa.selenium.remote.ElementLocation.findElement(ElementLocation.java:60)
at org.openqa.selenium.remote.RemoteWebDriver.findElement(RemoteWebDriver.java:387)
at org.openqa.selenium.remote.RemoteWebDriver.findElement(RemoteWebDriver.java:379)
at org.openqa.selenium.support.pagefactory.DefaultElementLocator.findElement(DefaultElementLocator.java:70)
at org.openqa.selenium.support.pagefactory.internal.LocatingElementHandler.invoke(LocatingElementHandler.java:39)
at jdk.proxy2/jdk.proxy2.$Proxy17.isDisplayed(Unknown Source)
at com.supermarket1.utilities.GeneralUtility.is_Displayed(GeneralUtility.java:22)
at com.supermarket1.pages.LogInPage.is_profileImageDisplayed(LogInPage.java:74)
at com.supermarket1.tests.LogInTest.verify_LogOut(LogInTest.java:53)
at java.base/jdk.internal.reflect.NativeMethodAccessorImpl.invoke0(Native Method)
at java.base/jdk.internal.reflect.NativeMethodAccessorImpl.invoke(NativeMethodAccessorImpl.java:77)
at java.base/jdk.internal.reflect.DelegatingMethodAccessorImpl.invoke(DelegatingMethodAccessorImpl.java:43)
at java.base/java.lang.reflect.Method.invoke(Method.java:568)
at org.testng.internal.MethodInvocationHelper.invokeMethod(MethodInvocationHelper.java:133)
at org.testng.internal.TestInvoker.invokeMethod(TestInvoker.java:598)
at org.testng.internal.TestInvoker.invokeTestMethod(TestInvoker.java:173)
at org.testng.internal.MethodRunner.runInSequence(MethodRunner.java:46)
at org.testng.internal.TestInvoker$MethodInvocationAgent.invoke(TestInvoker.java:824)
at org.testng.internal.TestInvoker.invokeTestMethods(TestInvoker.java:146)
at org.testng.internal.TestMethodWorker.invokeTestMethods(TestMethodWorker.java:146)
at org.testng.internal.TestMethodWorker.run(TestMethodWorker.java:128)
at java.base/java.util.ArrayList.forEach(ArrayList.java:1511)
at org.testng.TestRunner.privateRun(TestRunner.java:794)
at org.testng.TestRunner.run(TestRunner.java:596)
at org.testng.SuiteRunner.runTest(SuiteRunner.java:377)
at org.testng.SuiteRunner.access$000(SuiteRunner.java:28)
at org.testng.SuiteRunner$SuiteWorker.run(SuiteRunner.java:418)
at org.testng.internal.thread.ThreadUtil.lambda$execute$0(ThreadUtil.java:64)
at java.base/java.util.concurrent.FutureTask.run(FutureTask.java:264)
at java.base/java.util.concurrent.ThreadPoolExecutor.runWorker(ThreadPoolExecutor.java:1136)
at java.base/java.util.concurrent.ThreadPoolExecutor$Worker.run(ThreadPoolExecutor.java:635)
at java.base/java.lang.Thread.run(Thread.java:833)
]]>
            </full-stacktrace>
          </exception> <!-- org.openqa.selenium.NoSuchElementException -->
          <reporter-output>
          </reporter-output>
        </test-method> <!-- verify_LogOut -->
        <test-method is-config="true" signature="tearDown(org.testng.ITestResult)[pri:0, instance:com.supermarket1.tests.LogInTest@5b7a5baa]" started-at="2022-11-10T10:56:10 IST" name="tearDown" finished-at="2022-11-10T10:56:10 IST" duration-ms="263" status="PASS">
          <params>
            <param index="0">
              <value>
                <![CDATA[[TestResult name=verify_LogOut status=FAILURE method=LogInTest.verify_LogOut()[pri:0, instance:com.supermarket1.tests.LogInTest@5b7a5baa] output={null}]]]>
              </value>
            </param>
          </params>
          <reporter-output>
          </reporter-output>
        </test-method> <!-- tearDown -->
      </class> <!-- com.supermarket1.tests.LogInTest -->
      <class name="com.supermarket1.tests.ManageContentTest">
        <test-method is-config="true" signature="setUp()[pri:0, instance:com.supermarket1.tests.ManageContentTest@7c7a06ec]" started-at="2022-11-10T10:56:10 IST" name="setUp" finished-at="2022-11-10T10:56:12 IST" duration-ms="1897" status="PASS">
          <reporter-output>
          </reporter-output>
        </test-method> <!-- setUp -->
        <test-method signature="verify_ManageNewsPage(java.lang.String)[pri:0, instance:com.supermarket1.tests.ManageContentTest@7c7a06ec]" started-at="2022-11-10T10:56:12 IST" name="verify_ManageNewsPage" data-provider="addnews" finished-at="2022-11-10T10:56:15 IST" duration-ms="3457" status="PASS">
          <params>
            <param index="0">
              <value>
                <![CDATA[Happy customer]]>
              </value>
            </param>
          </params>
          <reporter-output>
          </reporter-output>
        </test-method> <!-- verify_ManageNewsPage -->
        <test-method is-config="true" signature="tearDown(org.testng.ITestResult)[pri:0, instance:com.supermarket1.tests.ManageContentTest@7c7a06ec]" started-at="2022-11-10T10:56:15 IST" name="tearDown" finished-at="2022-11-10T10:56:15 IST" duration-ms="149" status="PASS">
          <params>
            <param index="0">
              <value>
                <![CDATA[[TestResult name=verify_ManageNewsPage status=SUCCESS method=ManageContentTest.verify_ManageNewsPage(java.lang.String)[pri:0, instance:com.supermarket1.tests.ManageContentTest@7c7a06ec] output={null}]]]>
              </value>
            </param>
          </params>
          <reporter-output>
          </reporter-output>
        </test-method> <!-- tearDown -->
        <test-method is-config="true" signature="setUp()[pri:0, instance:com.supermarket1.tests.ManageContentTest@7c7a06ec]" started-at="2022-11-10T10:56:16 IST" name="setUp" finished-at="2022-11-10T10:56:17 IST" duration-ms="1906" status="PASS">
          <reporter-output>
          </reporter-output>
        </test-method> <!-- setUp -->
        <test-method signature="verify_ManageNewsPage(java.lang.String)[pri:0, instance:com.supermarket1.tests.ManageContentTest@7c7a06ec]" started-at="2022-11-10T10:56:17 IST" name="verify_ManageNewsPage" data-provider="addnews" finished-at="2022-11-10T10:56:30 IST" duration-ms="12203" status="FAIL">
          <params>
            <param index="0">
              <value>
                <![CDATA[Stock Clearance]]>
              </value>
            </param>
          </params>
          <exception class="org.openqa.selenium.NoSuchElementException">
            <message>
              <![CDATA[no such element: Unable to locate element: {"method":"xpath","selector":"//a[@href= 'https://groceryapp.uniqassosiates.com/admin/news/add']"}
  (Session info: chrome=107.0.5304.107)
For documentation on this error, please visit: https://selenium.dev/exceptions/#no_such_element
Build info: version: '4.3.0', revision: 'a4995e2c09*'
System info: host: 'LAPTOP-N7T8FIF4', ip: '192.168.18.69', os.name: 'Windows 11', os.arch: 'amd64', os.version: '10.0', java.version: '17.0.3.1'
Driver info: org.openqa.selenium.chrome.ChromeDriver
Command: [cd13049ffd5d67ea7633ded9527963fc, findElement {using=xpath, value=//a[@href= 'https://groceryapp.uniqassosiates.com/admin/news/add']}]
Capabilities {acceptInsecureCerts: false, browserName: chrome, browserVersion: 107.0.5304.107, chrome: {chromedriverVersion: 107.0.5304.62 (1eec40d3a576..., userDataDir: C:\Users\lenovo\AppData\Loc...}, goog:chromeOptions: {debuggerAddress: localhost:55064}, networkConnectionEnabled: false, pageLoadStrategy: normal, platformName: WINDOWS, proxy: Proxy(), se:cdp: ws://localhost:55064/devtoo..., se:cdpVersion: 107.0.5304.107, setWindowRect: true, strictFileInteractability: false, timeouts: {implicit: 0, pageLoad: 300000, script: 30000}, unhandledPromptBehavior: dismiss and notify, webauthn:extension:credBlob: true, webauthn:extension:largeBlob: true, webauthn:virtualAuthenticators: true}
Session ID: cd13049ffd5d67ea7633ded9527963fc]]>
            </message>
            <full-stacktrace>
              <![CDATA[org.openqa.selenium.NoSuchElementException: no such element: Unable to locate element: {"method":"xpath","selector":"//a[@href= 'https://groceryapp.uniqassosiates.com/admin/news/add']"}
  (Session info: chrome=107.0.5304.107)
For documentation on this error, please visit: https://selenium.dev/exceptions/#no_such_element
Build info: version: '4.3.0', revision: 'a4995e2c09*'
System info: host: 'LAPTOP-N7T8FIF4', ip: '192.168.18.69', os.name: 'Windows 11', os.arch: 'amd64', os.version: '10.0', java.version: '17.0.3.1'
Driver info: org.openqa.selenium.chrome.ChromeDriver
Command: [cd13049ffd5d67ea7633ded9527963fc, findElement {using=xpath, value=//a[@href= 'https://groceryapp.uniqassosiates.com/admin/news/add']}]
Capabilities {acceptInsecureCerts: false, browserName: chrome, browserVersion: 107.0.5304.107, chrome: {chromedriverVersion: 107.0.5304.62 (1eec40d3a576..., userDataDir: C:\Users\lenovo\AppData\Loc...}, goog:chromeOptions: {debuggerAddress: localhost:55064}, networkConnectionEnabled: false, pageLoadStrategy: normal, platformName: WINDOWS, proxy: Proxy(), se:cdp: ws://localhost:55064/devtoo..., se:cdpVersion: 107.0.5304.107, setWindowRect: true, strictFileInteractability: false, timeouts: {implicit: 0, pageLoad: 300000, script: 30000}, unhandledPromptBehavior: dismiss and notify, webauthn:extension:credBlob: true, webauthn:extension:largeBlob: true, webauthn:virtualAuthenticators: true}
Session ID: cd13049ffd5d67ea7633ded9527963fc
at java.base/jdk.internal.reflect.NativeConstructorAccessorImpl.newInstance0(Native Method)
at java.base/jdk.internal.reflect.NativeConstructorAccessorImpl.newInstance(NativeConstructorAccessorImpl.java:77)
at java.base/jdk.internal.reflect.DelegatingConstructorAccessorImpl.newInstance(DelegatingConstructorAccessorImpl.java:45)
at java.base/java.lang.reflect.Constructor.newInstanceWithCaller(Constructor.java:499)
at java.base/java.lang.reflect.Constructor.newInstance(Constructor.java:480)
at org.openqa.selenium.remote.codec.w3c.W3CHttpResponseCodec.createException(W3CHttpResponseCodec.java:200)
at org.openqa.selenium.remote.codec.w3c.W3CHttpResponseCodec.decode(W3CHttpResponseCodec.java:133)
at org.openqa.selenium.remote.codec.w3c.W3CHttpResponseCodec.decode(W3CHttpResponseCodec.java:53)
at org.openqa.selenium.remote.HttpCommandExecutor.execute(HttpCommandExecutor.java:184)
at org.openqa.selenium.remote.service.DriverCommandExecutor.invokeExecute(DriverCommandExecutor.java:167)
at org.openqa.selenium.remote.service.DriverCommandExecutor.execute(DriverCommandExecutor.java:142)
at org.openqa.selenium.remote.RemoteWebDriver.execute(RemoteWebDriver.java:569)
at org.openqa.selenium.remote.ElementLocation$ElementFinder$2.findElement(ElementLocation.java:162)
at org.openqa.selenium.remote.ElementLocation.findElement(ElementLocation.java:60)
at org.openqa.selenium.remote.RemoteWebDriver.findElement(RemoteWebDriver.java:387)
at org.openqa.selenium.remote.RemoteWebDriver.findElement(RemoteWebDriver.java:379)
at org.openqa.selenium.support.pagefactory.DefaultElementLocator.findElement(DefaultElementLocator.java:70)
at org.openqa.selenium.support.pagefactory.internal.LocatingElementHandler.invoke(LocatingElementHandler.java:39)
at jdk.proxy2/jdk.proxy2.$Proxy17.click(Unknown Source)
at com.supermarket1.pages.ManageContentPage.clickOn_NewNewsOption(ManageContentPage.java:120)
at com.supermarket1.tests.ManageContentTest.verify_ManageNewsPage(ManageContentTest.java:79)
at java.base/jdk.internal.reflect.NativeMethodAccessorImpl.invoke0(Native Method)
at java.base/jdk.internal.reflect.NativeMethodAccessorImpl.invoke(NativeMethodAccessorImpl.java:77)
at java.base/jdk.internal.reflect.DelegatingMethodAccessorImpl.invoke(DelegatingMethodAccessorImpl.java:43)
at java.base/java.lang.reflect.Method.invoke(Method.java:568)
at org.testng.internal.MethodInvocationHelper.invokeMethod(MethodInvocationHelper.java:133)
at org.testng.internal.TestInvoker.invokeMethod(TestInvoker.java:598)
at org.testng.internal.TestInvoker.invokeTestMethod(TestInvoker.java:173)
at org.testng.internal.MethodRunner.runInSequence(MethodRunner.java:46)
at org.testng.internal.TestInvoker$MethodInvocationAgent.invoke(TestInvoker.java:824)
at org.testng.internal.TestInvoker.invokeTestMethods(TestInvoker.java:146)
at org.testng.internal.TestMethodWorker.invokeTestMethods(TestMethodWorker.java:146)
at org.testng.internal.TestMethodWorker.run(TestMethodWorker.java:128)
at java.base/java.util.ArrayList.forEach(ArrayList.java:1511)
at org.testng.TestRunner.privateRun(TestRunner.java:794)
at org.testng.TestRunner.run(TestRunner.java:596)
at org.testng.SuiteRunner.runTest(SuiteRunner.java:377)
at org.testng.SuiteRunner.access$000(SuiteRunner.java:28)
at org.testng.SuiteRunner$SuiteWorker.run(SuiteRunner.java:418)
at org.testng.internal.thread.ThreadUtil.lambda$execute$0(ThreadUtil.java:64)
at java.base/java.util.concurrent.FutureTask.run(FutureTask.java:264)
at java.base/java.util.concurrent.ThreadPoolExecutor.runWorker(ThreadPoolExecutor.java:1136)
at java.base/java.util.concurrent.ThreadPoolExecutor$Worker.run(ThreadPoolExecutor.java:635)
at java.base/java.lang.Thread.run(Thread.java:833)
]]>
            </full-stacktrace>
          </exception> <!-- org.openqa.selenium.NoSuchElementException -->
          <reporter-output>
          </reporter-output>
        </test-method> <!-- verify_ManageNewsPage -->
        <test-method is-config="true" signature="tearDown(org.testng.ITestResult)[pri:0, instance:com.supermarket1.tests.ManageContentTest@7c7a06ec]" started-at="2022-11-10T10:56:30 IST" name="tearDown" finished-at="2022-11-10T10:56:46 IST" duration-ms="16487" status="PASS">
          <params>
            <param index="0">
              <value>
                <![CDATA[[TestResult name=verify_ManageNewsPage status=FAILURE method=ManageContentTest.verify_ManageNewsPage(java.lang.String)[pri:0, instance:com.supermarket1.tests.ManageContentTest@7c7a06ec] output={null}]]]>
              </value>
            </param>
          </params>
          <reporter-output>
          </reporter-output>
        </test-method> <!-- tearDown -->
        <test-method is-config="true" signature="setUp()[pri:0, instance:com.supermarket1.tests.ManageContentTest@7c7a06ec]" started-at="2022-11-10T10:56:46 IST" name="setUp" finished-at="2022-11-10T10:56:48 IST" duration-ms="1622" status="PASS">
          <reporter-output>
          </reporter-output>
        </test-method> <!-- setUp -->
        <test-method signature="verify_ManageNewsPage(java.lang.String)[pri:0, instance:com.supermarket1.tests.ManageContentTest@7c7a06ec]" started-at="2022-11-10T10:56:48 IST" name="verify_ManageNewsPage" data-provider="addnews" finished-at="2022-11-10T10:56:51 IST" duration-ms="3462" status="PASS">
          <params>
            <param index="0">
              <value>
                <![CDATA[Wishlist Items]]>
              </value>
            </param>
          </params>
          <reporter-output>
          </reporter-output>
        </test-method> <!-- verify_ManageNewsPage -->
        <test-method is-config="true" signature="tearDown(org.testng.ITestResult)[pri:0, instance:com.supermarket1.tests.ManageContentTest@7c7a06ec]" started-at="2022-11-10T10:56:51 IST" name="tearDown" finished-at="2022-11-10T10:57:07 IST" duration-ms="16246" status="PASS">
          <params>
            <param index="0">
              <value>
                <![CDATA[[TestResult name=verify_ManageNewsPage status=SUCCESS method=ManageContentTest.verify_ManageNewsPage(java.lang.String)[pri:0, instance:com.supermarket1.tests.ManageContentTest@7c7a06ec] output={null}]]]>
              </value>
            </param>
          </params>
          <reporter-output>
          </reporter-output>
        </test-method> <!-- tearDown -->
        <test-method is-config="true" signature="setUp()[pri:0, instance:com.supermarket1.tests.ManageContentTest@7c7a06ec]" started-at="2022-11-10T10:57:07 IST" name="setUp" finished-at="2022-11-10T10:57:09 IST" duration-ms="1786" status="PASS">
          <reporter-output>
          </reporter-output>
        </test-method> <!-- setUp -->
        <test-method signature="verify_ManagePageAddList()[pri:0, instance:com.supermarket1.tests.ManageContentTest@7c7a06ec]" started-at="2022-11-10T10:57:09 IST" name="verify_ManagePageAddList" finished-at="2022-11-10T10:57:23 IST" duration-ms="13615" status="FAIL">
          <exception class="org.openqa.selenium.NoSuchElementException">
            <message>
              <![CDATA[no such element: Unable to locate element: {"method":"xpath","selector":"//a[@href='https://groceryapp.uniqassosiates.com/admin/pages/add']"}
  (Session info: chrome=107.0.5304.107)
For documentation on this error, please visit: https://selenium.dev/exceptions/#no_such_element
Build info: version: '4.3.0', revision: 'a4995e2c09*'
System info: host: 'LAPTOP-N7T8FIF4', ip: '192.168.18.69', os.name: 'Windows 11', os.arch: 'amd64', os.version: '10.0', java.version: '17.0.3.1'
Driver info: org.openqa.selenium.chrome.ChromeDriver
Command: [a5958720a572fe652aef1fae627f10c0, findElement {using=xpath, value=//a[@href='https://groceryapp.uniqassosiates.com/admin/pages/add']}]
Capabilities {acceptInsecureCerts: false, browserName: chrome, browserVersion: 107.0.5304.107, chrome: {chromedriverVersion: 107.0.5304.62 (1eec40d3a576..., userDataDir: C:\Users\lenovo\AppData\Loc...}, goog:chromeOptions: {debuggerAddress: localhost:55278}, networkConnectionEnabled: false, pageLoadStrategy: normal, platformName: WINDOWS, proxy: Proxy(), se:cdp: ws://localhost:55278/devtoo..., se:cdpVersion: 107.0.5304.107, setWindowRect: true, strictFileInteractability: false, timeouts: {implicit: 0, pageLoad: 300000, script: 30000}, unhandledPromptBehavior: dismiss and notify, webauthn:extension:credBlob: true, webauthn:extension:largeBlob: true, webauthn:virtualAuthenticators: true}
Session ID: a5958720a572fe652aef1fae627f10c0]]>
            </message>
            <full-stacktrace>
              <![CDATA[org.openqa.selenium.NoSuchElementException: no such element: Unable to locate element: {"method":"xpath","selector":"//a[@href='https://groceryapp.uniqassosiates.com/admin/pages/add']"}
  (Session info: chrome=107.0.5304.107)
For documentation on this error, please visit: https://selenium.dev/exceptions/#no_such_element
Build info: version: '4.3.0', revision: 'a4995e2c09*'
System info: host: 'LAPTOP-N7T8FIF4', ip: '192.168.18.69', os.name: 'Windows 11', os.arch: 'amd64', os.version: '10.0', java.version: '17.0.3.1'
Driver info: org.openqa.selenium.chrome.ChromeDriver
Command: [a5958720a572fe652aef1fae627f10c0, findElement {using=xpath, value=//a[@href='https://groceryapp.uniqassosiates.com/admin/pages/add']}]
Capabilities {acceptInsecureCerts: false, browserName: chrome, browserVersion: 107.0.5304.107, chrome: {chromedriverVersion: 107.0.5304.62 (1eec40d3a576..., userDataDir: C:\Users\lenovo\AppData\Loc...}, goog:chromeOptions: {debuggerAddress: localhost:55278}, networkConnectionEnabled: false, pageLoadStrategy: normal, platformName: WINDOWS, proxy: Proxy(), se:cdp: ws://localhost:55278/devtoo..., se:cdpVersion: 107.0.5304.107, setWindowRect: true, strictFileInteractability: false, timeouts: {implicit: 0, pageLoad: 300000, script: 30000}, unhandledPromptBehavior: dismiss and notify, webauthn:extension:credBlob: true, webauthn:extension:largeBlob: true, webauthn:virtualAuthenticators: true}
Session ID: a5958720a572fe652aef1fae627f10c0
at java.base/jdk.internal.reflect.NativeConstructorAccessorImpl.newInstance0(Native Method)
at java.base/jdk.internal.reflect.NativeConstructorAccessorImpl.newInstance(NativeConstructorAccessorImpl.java:77)
at java.base/jdk.internal.reflect.DelegatingConstructorAccessorImpl.newInstance(DelegatingConstructorAccessorImpl.java:45)
at java.base/java.lang.reflect.Constructor.newInstanceWithCaller(Constructor.java:499)
at java.base/java.lang.reflect.Constructor.newInstance(Constructor.java:480)
at org.openqa.selenium.remote.codec.w3c.W3CHttpResponseCodec.createException(W3CHttpResponseCodec.java:200)
at org.openqa.selenium.remote.codec.w3c.W3CHttpResponseCodec.decode(W3CHttpResponseCodec.java:133)
at org.openqa.selenium.remote.codec.w3c.W3CHttpResponseCodec.decode(W3CHttpResponseCodec.java:53)
at org.openqa.selenium.remote.HttpCommandExecutor.execute(HttpCommandExecutor.java:184)
at org.openqa.selenium.remote.service.DriverCommandExecutor.invokeExecute(DriverCommandExecutor.java:167)
at org.openqa.selenium.remote.service.DriverCommandExecutor.execute(DriverCommandExecutor.java:142)
at org.openqa.selenium.remote.RemoteWebDriver.execute(RemoteWebDriver.java:569)
at org.openqa.selenium.remote.ElementLocation$ElementFinder$2.findElement(ElementLocation.java:162)
at org.openqa.selenium.remote.ElementLocation.findElement(ElementLocation.java:60)
at org.openqa.selenium.remote.RemoteWebDriver.findElement(RemoteWebDriver.java:387)
at org.openqa.selenium.remote.RemoteWebDriver.findElement(RemoteWebDriver.java:379)
at org.openqa.selenium.support.pagefactory.DefaultElementLocator.findElement(DefaultElementLocator.java:70)
at org.openqa.selenium.support.pagefactory.internal.LocatingElementHandler.invoke(LocatingElementHandler.java:39)
at jdk.proxy2/jdk.proxy2.$Proxy17.getCssValue(Unknown Source)
at com.supermarket1.utilities.GeneralUtility.get_CssValue(GeneralUtility.java:59)
at com.supermarket1.pages.ManageContentPage.get_BackGroundColorOfNewOption(ManageContentPage.java:138)
at com.supermarket1.tests.ManageContentTest.verify_ManagePageAddList(ManageContentTest.java:34)
at java.base/jdk.internal.reflect.NativeMethodAccessorImpl.invoke0(Native Method)
at java.base/jdk.internal.reflect.NativeMethodAccessorImpl.invoke(NativeMethodAccessorImpl.java:77)
at java.base/jdk.internal.reflect.DelegatingMethodAccessorImpl.invoke(DelegatingMethodAccessorImpl.java:43)
at java.base/java.lang.reflect.Method.invoke(Method.java:568)
at org.testng.internal.MethodInvocationHelper.invokeMethod(MethodInvocationHelper.java:133)
at org.testng.internal.TestInvoker.invokeMethod(TestInvoker.java:598)
at org.testng.internal.TestInvoker.invokeTestMethod(TestInvoker.java:173)
at org.testng.internal.MethodRunner.runInSequence(MethodRunner.java:46)
at org.testng.internal.TestInvoker$MethodInvocationAgent.invoke(TestInvoker.java:824)
at org.testng.internal.TestInvoker.invokeTestMethods(TestInvoker.java:146)
at org.testng.internal.TestMethodWorker.invokeTestMethods(TestMethodWorker.java:146)
at org.testng.internal.TestMethodWorker.run(TestMethodWorker.java:128)
at java.base/java.util.ArrayList.forEach(ArrayList.java:1511)
at org.testng.TestRunner.privateRun(TestRunner.java:794)
at org.testng.TestRunner.run(TestRunner.java:596)
at org.testng.SuiteRunner.runTest(SuiteRunner.java:377)
at org.testng.SuiteRunner.access$000(SuiteRunner.java:28)
at org.testng.SuiteRunner$SuiteWorker.run(SuiteRunner.java:418)
at org.testng.internal.thread.ThreadUtil.lambda$execute$0(ThreadUtil.java:64)
at java.base/java.util.concurrent.FutureTask.run(FutureTask.java:264)
at java.base/java.util.concurrent.ThreadPoolExecutor.runWorker(ThreadPoolExecutor.java:1136)
at java.base/java.util.concurrent.ThreadPoolExecutor$Worker.run(ThreadPoolExecutor.java:635)
at java.base/java.lang.Thread.run(Thread.java:833)
]]>
            </full-stacktrace>
          </exception> <!-- org.openqa.selenium.NoSuchElementException -->
          <reporter-output>
          </reporter-output>
        </test-method> <!-- verify_ManagePageAddList -->
        <test-method is-config="true" signature="tearDown(org.testng.ITestResult)[pri:0, instance:com.supermarket1.tests.ManageContentTest@7c7a06ec]" started-at="2022-11-10T10:57:23 IST" name="tearDown" finished-at="2022-11-10T10:57:39 IST" duration-ms="16457" status="PASS">
          <params>
            <param index="0">
              <value>
                <![CDATA[[TestResult name=verify_ManagePageAddList status=FAILURE method=ManageContentTest.verify_ManagePageAddList()[pri:0, instance:com.supermarket1.tests.ManageContentTest@7c7a06ec] output={null}]]]>
              </value>
            </param>
          </params>
          <reporter-output>
          </reporter-output>
        </test-method> <!-- tearDown -->
        <test-method is-config="true" signature="setUp()[pri:0, instance:com.supermarket1.tests.ManageContentTest@7c7a06ec]" started-at="2022-11-10T10:57:39 IST" name="setUp" finished-at="2022-11-10T10:57:41 IST" duration-ms="1789" status="PASS">
          <reporter-output>
          </reporter-output>
        </test-method> <!-- setUp -->
        <test-method signature="verify_ResetOptionForManageFooterPage()[pri:0, instance:com.supermarket1.tests.ManageContentTest@7c7a06ec]" started-at="2022-11-10T10:57:41 IST" name="verify_ResetOptionForManageFooterPage" finished-at="2022-11-10T10:57:44 IST" duration-ms="2694" status="PASS">
          <reporter-output>
          </reporter-output>
        </test-method> <!-- verify_ResetOptionForManageFooterPage -->
        <test-method is-config="true" signature="tearDown(org.testng.ITestResult)[pri:0, instance:com.supermarket1.tests.ManageContentTest@7c7a06ec]" started-at="2022-11-10T10:57:44 IST" name="tearDown" finished-at="2022-11-10T10:57:44 IST" duration-ms="152" status="PASS">
          <params>
            <param index="0">
              <value>
                <![CDATA[[TestResult name=verify_ResetOptionForManageFooterPage status=SUCCESS method=ManageContentTest.verify_ResetOptionForManageFooterPage()[pri:0, instance:com.supermarket1.tests.ManageContentTest@7c7a06ec] output={null}]]]>
              </value>
            </param>
          </params>
          <reporter-output>
          </reporter-output>
        </test-method> <!-- tearDown -->
        <test-method is-config="true" signature="setUp()[pri:0, instance:com.supermarket1.tests.ManageContentTest@7c7a06ec]" started-at="2022-11-10T10:58:58 IST" name="setUp" finished-at="2022-11-10T10:59:00 IST" duration-ms="1874" status="PASS">
          <reporter-output>
          </reporter-output>
        </test-method> <!-- setUp -->
        <test-method signature="verify_UpDateOptionForManageFooterPage()[pri:0, instance:com.supermarket1.tests.ManageContentTest@7c7a06ec]" started-at="2022-11-10T10:59:00 IST" name="verify_UpDateOptionForManageFooterPage" finished-at="2022-11-10T10:59:03 IST" duration-ms="3390" status="PASS">
          <reporter-output>
          </reporter-output>
        </test-method> <!-- verify_UpDateOptionForManageFooterPage -->
        <test-method is-config="true" signature="tearDown(org.testng.ITestResult)[pri:0, instance:com.supermarket1.tests.ManageContentTest@7c7a06ec]" started-at="2022-11-10T10:59:03 IST" name="tearDown" finished-at="2022-11-10T10:59:20 IST" duration-ms="16227" status="PASS">
          <params>
            <param index="0">
              <value>
                <![CDATA[[TestResult name=verify_UpDateOptionForManageFooterPage status=SUCCESS method=ManageContentTest.verify_UpDateOptionForManageFooterPage()[pri:0, instance:com.supermarket1.tests.ManageContentTest@7c7a06ec] output={null}]]]>
              </value>
            </param>
          </params>
          <reporter-output>
          </reporter-output>
        </test-method> <!-- tearDown -->
      </class> <!-- com.supermarket1.tests.ManageContentTest -->
    </test> <!-- Run Module 1 -->
    <test started-at="2022-11-10T10:55:11 IST" name="Run Module 2" finished-at="2022-11-10T11:01:31 IST" duration-ms="380011">
      <class name="com.supermarket1.tests.ManageDeliveryBoyTest">
        <test-method is-config="true" signature="setUp()[pri:0, instance:com.supermarket1.tests.ManageDeliveryBoyTest@3bf7ca37]" started-at="2022-11-10T10:57:01 IST" name="setUp" finished-at="2022-11-10T10:57:03 IST" duration-ms="1956" status="PASS">
          <reporter-output>
          </reporter-output>
        </test-method> <!-- setUp -->
        <test-method signature="verify_ManageDeliveryBoy()[pri:0, instance:com.supermarket1.tests.ManageDeliveryBoyTest@3bf7ca37]" started-at="2022-11-10T10:57:03 IST" name="verify_ManageDeliveryBoy" finished-at="2022-11-10T10:57:07 IST" duration-ms="4637" status="PASS">
          <reporter-output>
          </reporter-output>
        </test-method> <!-- verify_ManageDeliveryBoy -->
        <test-method is-config="true" signature="tearDown(org.testng.ITestResult)[pri:0, instance:com.supermarket1.tests.ManageDeliveryBoyTest@3bf7ca37]" started-at="2022-11-10T10:57:07 IST" name="tearDown" finished-at="2022-11-10T10:57:23 IST" duration-ms="16216" status="PASS">
          <params>
            <param index="0">
              <value>
                <![CDATA[[TestResult name=verify_ManageDeliveryBoy status=SUCCESS method=ManageDeliveryBoyTest.verify_ManageDeliveryBoy()[pri:0, instance:com.supermarket1.tests.ManageDeliveryBoyTest@3bf7ca37] output={null}]]]>
              </value>
            </param>
          </params>
          <reporter-output>
          </reporter-output>
        </test-method> <!-- tearDown -->
        <test-method is-config="true" signature="setUp()[pri:0, instance:com.supermarket1.tests.ManageDeliveryBoyTest@3bf7ca37]" started-at="2022-11-10T10:58:07 IST" name="setUp" finished-at="2022-11-10T10:58:08 IST" duration-ms="1394" status="PASS">
          <reporter-output>
          </reporter-output>
        </test-method> <!-- setUp -->
        <test-method signature="verify_SearchNameManageDeliveryBoy()[pri:0, instance:com.supermarket1.tests.ManageDeliveryBoyTest@3bf7ca37]" started-at="2022-11-10T10:58:08 IST" name="verify_SearchNameManageDeliveryBoy" finished-at="2022-11-10T10:58:13 IST" duration-ms="4940" status="FAIL">
          <exception class="java.lang.AssertionError">
            <message>
              <![CDATA[expected [Max08_11_2022_11_24_19] but found [Max10_11_2022_10_58_08]]]>
            </message>
            <full-stacktrace>
              <![CDATA[java.lang.AssertionError: expected [Max08_11_2022_11_24_19] but found [Max10_11_2022_10_58_08]
at org.testng.Assert.fail(Assert.java:99)
at org.testng.Assert.failNotEquals(Assert.java:1037)
at org.testng.Assert.assertEqualsImpl(Assert.java:140)
at org.testng.Assert.assertEquals(Assert.java:122)
at org.testng.Assert.assertEquals(Assert.java:629)
at org.testng.Assert.assertEquals(Assert.java:639)
at com.supermarket1.tests.ManageDeliveryBoyTest.verify_SearchNameManageDeliveryBoy(ManageDeliveryBoyTest.java:85)
at java.base/jdk.internal.reflect.NativeMethodAccessorImpl.invoke0(Native Method)
at java.base/jdk.internal.reflect.NativeMethodAccessorImpl.invoke(NativeMethodAccessorImpl.java:77)
at java.base/jdk.internal.reflect.DelegatingMethodAccessorImpl.invoke(DelegatingMethodAccessorImpl.java:43)
at java.base/java.lang.reflect.Method.invoke(Method.java:568)
at org.testng.internal.MethodInvocationHelper.invokeMethod(MethodInvocationHelper.java:133)
at org.testng.internal.TestInvoker.invokeMethod(TestInvoker.java:598)
at org.testng.internal.TestInvoker.invokeTestMethod(TestInvoker.java:173)
at org.testng.internal.MethodRunner.runInSequence(MethodRunner.java:46)
at org.testng.internal.TestInvoker$MethodInvocationAgent.invoke(TestInvoker.java:824)
at org.testng.internal.TestInvoker.invokeTestMethods(TestInvoker.java:146)
at org.testng.internal.TestMethodWorker.invokeTestMethods(TestMethodWorker.java:146)
at org.testng.internal.TestMethodWorker.run(TestMethodWorker.java:128)
at java.base/java.util.ArrayList.forEach(ArrayList.java:1511)
at org.testng.TestRunner.privateRun(TestRunner.java:794)
at org.testng.TestRunner.run(TestRunner.java:596)
at org.testng.SuiteRunner.runTest(SuiteRunner.java:377)
at org.testng.SuiteRunner.access$000(SuiteRunner.java:28)
at org.testng.SuiteRunner$SuiteWorker.run(SuiteRunner.java:418)
at org.testng.internal.thread.ThreadUtil.lambda$execute$0(ThreadUtil.java:64)
at java.base/java.util.concurrent.FutureTask.run(FutureTask.java:264)
at java.base/java.util.concurrent.ThreadPoolExecutor.runWorker(ThreadPoolExecutor.java:1136)
at java.base/java.util.concurrent.ThreadPoolExecutor$Worker.run(ThreadPoolExecutor.java:635)
at java.base/java.lang.Thread.run(Thread.java:833)
]]>
            </full-stacktrace>
          </exception> <!-- java.lang.AssertionError -->
          <reporter-output>
          </reporter-output>
        </test-method> <!-- verify_SearchNameManageDeliveryBoy -->
        <test-method is-config="true" signature="tearDown(org.testng.ITestResult)[pri:0, instance:com.supermarket1.tests.ManageDeliveryBoyTest@3bf7ca37]" started-at="2022-11-10T10:58:13 IST" name="tearDown" finished-at="2022-11-10T10:58:30 IST" duration-ms="16386" status="PASS">
          <params>
            <param index="0">
              <value>
                <![CDATA[[TestResult name=verify_SearchNameManageDeliveryBoy status=FAILURE method=ManageDeliveryBoyTest.verify_SearchNameManageDeliveryBoy()[pri:0, instance:com.supermarket1.tests.ManageDeliveryBoyTest@3bf7ca37] output={null}]]]>
              </value>
            </param>
          </params>
          <reporter-output>
          </reporter-output>
        </test-method> <!-- tearDown -->
      </class> <!-- com.supermarket1.tests.ManageDeliveryBoyTest -->
      <class name="com.supermarket1.tests.ManageLocationTest">
        <test-method is-config="true" signature="setUp()[pri:0, instance:com.supermarket1.tests.ManageLocationTest@4d1c00d0]" started-at="2022-11-10T10:56:21 IST" name="setUp" finished-at="2022-11-10T10:56:23 IST" duration-ms="2494" status="PASS">
          <reporter-output>
          </reporter-output>
        </test-method> <!-- setUp -->
        <test-method signature="verify_DeleteOption()[pri:0, instance:com.supermarket1.tests.ManageLocationTest@4d1c00d0]" started-at="2022-11-10T10:56:23 IST" name="verify_DeleteOption" finished-at="2022-11-10T10:56:34 IST" duration-ms="11340" status="FAIL">
          <exception class="org.openqa.selenium.NoSuchElementException">
            <message>
              <![CDATA[no such element: Unable to locate element: {"method":"xpath","selector":"//tbody//tr[1]//a[@href='https://groceryapp.uniqassosiates.com/admin/Location/delete?del=662&page_ad=1']"}
  (Session info: chrome=107.0.5304.107)
For documentation on this error, please visit: https://selenium.dev/exceptions/#no_such_element
Build info: version: '4.3.0', revision: 'a4995e2c09*'
System info: host: 'LAPTOP-N7T8FIF4', ip: '192.168.18.69', os.name: 'Windows 11', os.arch: 'amd64', os.version: '10.0', java.version: '17.0.3.1'
Driver info: org.openqa.selenium.chrome.ChromeDriver
Command: [9c047bc1d1bba5b5f245db9d169154dd, findElement {using=xpath, value=//tbody//tr[1]//a[@href='https://groceryapp.uniqassosiates.com/admin/Location/delete?del=662&page_ad=1']}]
Capabilities {acceptInsecureCerts: false, browserName: chrome, browserVersion: 107.0.5304.107, chrome: {chromedriverVersion: 107.0.5304.62 (1eec40d3a576..., userDataDir: C:\Users\lenovo\AppData\Loc...}, goog:chromeOptions: {debuggerAddress: localhost:55112}, networkConnectionEnabled: false, pageLoadStrategy: normal, platformName: WINDOWS, proxy: Proxy(), se:cdp: ws://localhost:55112/devtoo..., se:cdpVersion: 107.0.5304.107, setWindowRect: true, strictFileInteractability: false, timeouts: {implicit: 0, pageLoad: 300000, script: 30000}, unhandledPromptBehavior: dismiss and notify, webauthn:extension:credBlob: true, webauthn:extension:largeBlob: true, webauthn:virtualAuthenticators: true}
Session ID: 9c047bc1d1bba5b5f245db9d169154dd]]>
            </message>
            <full-stacktrace>
              <![CDATA[org.openqa.selenium.NoSuchElementException: no such element: Unable to locate element: {"method":"xpath","selector":"//tbody//tr[1]//a[@href='https://groceryapp.uniqassosiates.com/admin/Location/delete?del=662&page_ad=1']"}
  (Session info: chrome=107.0.5304.107)
For documentation on this error, please visit: https://selenium.dev/exceptions/#no_such_element
Build info: version: '4.3.0', revision: 'a4995e2c09*'
System info: host: 'LAPTOP-N7T8FIF4', ip: '192.168.18.69', os.name: 'Windows 11', os.arch: 'amd64', os.version: '10.0', java.version: '17.0.3.1'
Driver info: org.openqa.selenium.chrome.ChromeDriver
Command: [9c047bc1d1bba5b5f245db9d169154dd, findElement {using=xpath, value=//tbody//tr[1]//a[@href='https://groceryapp.uniqassosiates.com/admin/Location/delete?del=662&page_ad=1']}]
Capabilities {acceptInsecureCerts: false, browserName: chrome, browserVersion: 107.0.5304.107, chrome: {chromedriverVersion: 107.0.5304.62 (1eec40d3a576..., userDataDir: C:\Users\lenovo\AppData\Loc...}, goog:chromeOptions: {debuggerAddress: localhost:55112}, networkConnectionEnabled: false, pageLoadStrategy: normal, platformName: WINDOWS, proxy: Proxy(), se:cdp: ws://localhost:55112/devtoo..., se:cdpVersion: 107.0.5304.107, setWindowRect: true, strictFileInteractability: false, timeouts: {implicit: 0, pageLoad: 300000, script: 30000}, unhandledPromptBehavior: dismiss and notify, webauthn:extension:credBlob: true, webauthn:extension:largeBlob: true, webauthn:virtualAuthenticators: true}
Session ID: 9c047bc1d1bba5b5f245db9d169154dd
at java.base/jdk.internal.reflect.NativeConstructorAccessorImpl.newInstance0(Native Method)
at java.base/jdk.internal.reflect.NativeConstructorAccessorImpl.newInstance(NativeConstructorAccessorImpl.java:77)
at java.base/jdk.internal.reflect.DelegatingConstructorAccessorImpl.newInstance(DelegatingConstructorAccessorImpl.java:45)
at java.base/java.lang.reflect.Constructor.newInstanceWithCaller(Constructor.java:499)
at java.base/java.lang.reflect.Constructor.newInstance(Constructor.java:480)
at org.openqa.selenium.remote.codec.w3c.W3CHttpResponseCodec.createException(W3CHttpResponseCodec.java:200)
at org.openqa.selenium.remote.codec.w3c.W3CHttpResponseCodec.decode(W3CHttpResponseCodec.java:133)
at org.openqa.selenium.remote.codec.w3c.W3CHttpResponseCodec.decode(W3CHttpResponseCodec.java:53)
at org.openqa.selenium.remote.HttpCommandExecutor.execute(HttpCommandExecutor.java:184)
at org.openqa.selenium.remote.service.DriverCommandExecutor.invokeExecute(DriverCommandExecutor.java:167)
at org.openqa.selenium.remote.service.DriverCommandExecutor.execute(DriverCommandExecutor.java:142)
at org.openqa.selenium.remote.RemoteWebDriver.execute(RemoteWebDriver.java:569)
at org.openqa.selenium.remote.ElementLocation$ElementFinder$2.findElement(ElementLocation.java:162)
at org.openqa.selenium.remote.ElementLocation.findElement(ElementLocation.java:60)
at org.openqa.selenium.remote.RemoteWebDriver.findElement(RemoteWebDriver.java:387)
at org.openqa.selenium.remote.RemoteWebDriver.findElement(RemoteWebDriver.java:379)
at org.openqa.selenium.support.pagefactory.DefaultElementLocator.findElement(DefaultElementLocator.java:70)
at org.openqa.selenium.support.pagefactory.internal.LocatingElementHandler.invoke(LocatingElementHandler.java:39)
at jdk.proxy2/jdk.proxy2.$Proxy17.click(Unknown Source)
at com.supermarket1.pages.ManageLocationPage.click_DeleteButton(ManageLocationPage.java:106)
at com.supermarket1.tests.ManageLocationTest.verify_DeleteOption(ManageLocationTest.java:64)
at java.base/jdk.internal.reflect.NativeMethodAccessorImpl.invoke0(Native Method)
at java.base/jdk.internal.reflect.NativeMethodAccessorImpl.invoke(NativeMethodAccessorImpl.java:77)
at java.base/jdk.internal.reflect.DelegatingMethodAccessorImpl.invoke(DelegatingMethodAccessorImpl.java:43)
at java.base/java.lang.reflect.Method.invoke(Method.java:568)
at org.testng.internal.MethodInvocationHelper.invokeMethod(MethodInvocationHelper.java:133)
at org.testng.internal.TestInvoker.invokeMethod(TestInvoker.java:598)
at org.testng.internal.TestInvoker.invokeTestMethod(TestInvoker.java:173)
at org.testng.internal.MethodRunner.runInSequence(MethodRunner.java:46)
at org.testng.internal.TestInvoker$MethodInvocationAgent.invoke(TestInvoker.java:824)
at org.testng.internal.TestInvoker.invokeTestMethods(TestInvoker.java:146)
at org.testng.internal.TestMethodWorker.invokeTestMethods(TestMethodWorker.java:146)
at org.testng.internal.TestMethodWorker.run(TestMethodWorker.java:128)
at java.base/java.util.ArrayList.forEach(ArrayList.java:1511)
at org.testng.TestRunner.privateRun(TestRunner.java:794)
at org.testng.TestRunner.run(TestRunner.java:596)
at org.testng.SuiteRunner.runTest(SuiteRunner.java:377)
at org.testng.SuiteRunner.access$000(SuiteRunner.java:28)
at org.testng.SuiteRunner$SuiteWorker.run(SuiteRunner.java:418)
at org.testng.internal.thread.ThreadUtil.lambda$execute$0(ThreadUtil.java:64)
at java.base/java.util.concurrent.FutureTask.run(FutureTask.java:264)
at java.base/java.util.concurrent.ThreadPoolExecutor.runWorker(ThreadPoolExecutor.java:1136)
at java.base/java.util.concurrent.ThreadPoolExecutor$Worker.run(ThreadPoolExecutor.java:635)
at java.base/java.lang.Thread.run(Thread.java:833)
]]>
            </full-stacktrace>
          </exception> <!-- org.openqa.selenium.NoSuchElementException -->
          <reporter-output>
          </reporter-output>
        </test-method> <!-- verify_DeleteOption -->
        <test-method is-config="true" signature="tearDown(org.testng.ITestResult)[pri:0, instance:com.supermarket1.tests.ManageLocationTest@4d1c00d0]" started-at="2022-11-10T10:56:34 IST" name="tearDown" finished-at="2022-11-10T10:56:35 IST" duration-ms="393" status="PASS">
          <params>
            <param index="0">
              <value>
                <![CDATA[[TestResult name=verify_DeleteOption status=FAILURE method=ManageLocationTest.verify_DeleteOption()[pri:0, instance:com.supermarket1.tests.ManageLocationTest@4d1c00d0] output={null}]]]>
              </value>
            </param>
          </params>
          <reporter-output>
          </reporter-output>
        </test-method> <!-- tearDown -->
        <test-method is-config="true" signature="setUp()[pri:0, instance:com.supermarket1.tests.ManageLocationTest@4d1c00d0]" started-at="2022-11-10T10:56:39 IST" name="setUp" finished-at="2022-11-10T10:56:41 IST" duration-ms="1742" status="PASS">
          <reporter-output>
          </reporter-output>
        </test-method> <!-- setUp -->
        <test-method signature="verify_EnterLocationInformations()[pri:0, instance:com.supermarket1.tests.ManageLocationTest@4d1c00d0]" started-at="2022-11-10T10:56:41 IST" name="verify_EnterLocationInformations" finished-at="2022-11-10T10:56:44 IST" duration-ms="3712" status="PASS">
          <reporter-output>
          </reporter-output>
        </test-method> <!-- verify_EnterLocationInformations -->
        <test-method is-config="true" signature="tearDown(org.testng.ITestResult)[pri:0, instance:com.supermarket1.tests.ManageLocationTest@4d1c00d0]" started-at="2022-11-10T10:56:44 IST" name="tearDown" finished-at="2022-11-10T10:57:01 IST" duration-ms="16244" status="PASS">
          <params>
            <param index="0">
              <value>
                <![CDATA[[TestResult name=verify_EnterLocationInformations status=SUCCESS method=ManageLocationTest.verify_EnterLocationInformations()[pri:0, instance:com.supermarket1.tests.ManageLocationTest@4d1c00d0] output={null}]]]>
              </value>
            </param>
          </params>
          <reporter-output>
          </reporter-output>
        </test-method> <!-- tearDown -->
        <test-method is-config="true" signature="setUp()[pri:0, instance:com.supermarket1.tests.ManageLocationTest@4d1c00d0]" started-at="2022-11-10T10:59:52 IST" name="setUp" finished-at="2022-11-10T10:59:54 IST" duration-ms="1576" status="PASS">
          <reporter-output>
          </reporter-output>
        </test-method> <!-- setUp -->
        <test-method signature="verify_StatusChangeOption()[pri:0, instance:com.supermarket1.tests.ManageLocationTest@4d1c00d0]" started-at="2022-11-10T10:59:54 IST" name="verify_StatusChangeOption" finished-at="2022-11-10T11:00:06 IST" duration-ms="11553" status="FAIL">
          <exception class="org.openqa.selenium.NoSuchElementException">
            <message>
              <![CDATA[no such element: Unable to locate element: {"method":"xpath","selector":"//tbody//tr[2]//td//a[@href='https://groceryapp.uniqassosiates.com/admin/Location/status?id=659&st=inactive&page_ad=1']"}
  (Session info: chrome=107.0.5304.107)
For documentation on this error, please visit: https://selenium.dev/exceptions/#no_such_element
Build info: version: '4.3.0', revision: 'a4995e2c09*'
System info: host: 'LAPTOP-N7T8FIF4', ip: '192.168.18.69', os.name: 'Windows 11', os.arch: 'amd64', os.version: '10.0', java.version: '17.0.3.1'
Driver info: org.openqa.selenium.chrome.ChromeDriver
Command: [2fd957ba9f9040bdb5414b0f261a1553, findElement {using=xpath, value=//tbody//tr[2]//td//a[@href='https://groceryapp.uniqassosiates.com/admin/Location/status?id=659&st=inactive&page_ad=1']}]
Capabilities {acceptInsecureCerts: false, browserName: chrome, browserVersion: 107.0.5304.107, chrome: {chromedriverVersion: 107.0.5304.62 (1eec40d3a576..., userDataDir: C:\Users\lenovo\AppData\Loc...}, goog:chromeOptions: {debuggerAddress: localhost:55864}, networkConnectionEnabled: false, pageLoadStrategy: normal, platformName: WINDOWS, proxy: Proxy(), se:cdp: ws://localhost:55864/devtoo..., se:cdpVersion: 107.0.5304.107, setWindowRect: true, strictFileInteractability: false, timeouts: {implicit: 0, pageLoad: 300000, script: 30000}, unhandledPromptBehavior: dismiss and notify, webauthn:extension:credBlob: true, webauthn:extension:largeBlob: true, webauthn:virtualAuthenticators: true}
Session ID: 2fd957ba9f9040bdb5414b0f261a1553]]>
            </message>
            <full-stacktrace>
              <![CDATA[org.openqa.selenium.NoSuchElementException: no such element: Unable to locate element: {"method":"xpath","selector":"//tbody//tr[2]//td//a[@href='https://groceryapp.uniqassosiates.com/admin/Location/status?id=659&st=inactive&page_ad=1']"}
  (Session info: chrome=107.0.5304.107)
For documentation on this error, please visit: https://selenium.dev/exceptions/#no_such_element
Build info: version: '4.3.0', revision: 'a4995e2c09*'
System info: host: 'LAPTOP-N7T8FIF4', ip: '192.168.18.69', os.name: 'Windows 11', os.arch: 'amd64', os.version: '10.0', java.version: '17.0.3.1'
Driver info: org.openqa.selenium.chrome.ChromeDriver
Command: [2fd957ba9f9040bdb5414b0f261a1553, findElement {using=xpath, value=//tbody//tr[2]//td//a[@href='https://groceryapp.uniqassosiates.com/admin/Location/status?id=659&st=inactive&page_ad=1']}]
Capabilities {acceptInsecureCerts: false, browserName: chrome, browserVersion: 107.0.5304.107, chrome: {chromedriverVersion: 107.0.5304.62 (1eec40d3a576..., userDataDir: C:\Users\lenovo\AppData\Loc...}, goog:chromeOptions: {debuggerAddress: localhost:55864}, networkConnectionEnabled: false, pageLoadStrategy: normal, platformName: WINDOWS, proxy: Proxy(), se:cdp: ws://localhost:55864/devtoo..., se:cdpVersion: 107.0.5304.107, setWindowRect: true, strictFileInteractability: false, timeouts: {implicit: 0, pageLoad: 300000, script: 30000}, unhandledPromptBehavior: dismiss and notify, webauthn:extension:credBlob: true, webauthn:extension:largeBlob: true, webauthn:virtualAuthenticators: true}
Session ID: 2fd957ba9f9040bdb5414b0f261a1553
at java.base/jdk.internal.reflect.NativeConstructorAccessorImpl.newInstance0(Native Method)
at java.base/jdk.internal.reflect.NativeConstructorAccessorImpl.newInstance(NativeConstructorAccessorImpl.java:77)
at java.base/jdk.internal.reflect.DelegatingConstructorAccessorImpl.newInstance(DelegatingConstructorAccessorImpl.java:45)
at java.base/java.lang.reflect.Constructor.newInstanceWithCaller(Constructor.java:499)
at java.base/java.lang.reflect.Constructor.newInstance(Constructor.java:480)
at org.openqa.selenium.remote.codec.w3c.W3CHttpResponseCodec.createException(W3CHttpResponseCodec.java:200)
at org.openqa.selenium.remote.codec.w3c.W3CHttpResponseCodec.decode(W3CHttpResponseCodec.java:133)
at org.openqa.selenium.remote.codec.w3c.W3CHttpResponseCodec.decode(W3CHttpResponseCodec.java:53)
at org.openqa.selenium.remote.HttpCommandExecutor.execute(HttpCommandExecutor.java:184)
at org.openqa.selenium.remote.service.DriverCommandExecutor.invokeExecute(DriverCommandExecutor.java:167)
at org.openqa.selenium.remote.service.DriverCommandExecutor.execute(DriverCommandExecutor.java:142)
at org.openqa.selenium.remote.RemoteWebDriver.execute(RemoteWebDriver.java:569)
at org.openqa.selenium.remote.ElementLocation$ElementFinder$2.findElement(ElementLocation.java:162)
at org.openqa.selenium.remote.ElementLocation.findElement(ElementLocation.java:60)
at org.openqa.selenium.remote.RemoteWebDriver.findElement(RemoteWebDriver.java:387)
at org.openqa.selenium.remote.RemoteWebDriver.findElement(RemoteWebDriver.java:379)
at org.openqa.selenium.support.pagefactory.DefaultElementLocator.findElement(DefaultElementLocator.java:70)
at org.openqa.selenium.support.pagefactory.internal.LocatingElementHandler.invoke(LocatingElementHandler.java:39)
at jdk.proxy2/jdk.proxy2.$Proxy17.click(Unknown Source)
at com.supermarket1.pages.ManageLocationPage.click_OnStatusOption(ManageLocationPage.java:102)
at com.supermarket1.tests.ManageLocationTest.verify_StatusChangeOption(ManageLocationTest.java:53)
at java.base/jdk.internal.reflect.NativeMethodAccessorImpl.invoke0(Native Method)
at java.base/jdk.internal.reflect.NativeMethodAccessorImpl.invoke(NativeMethodAccessorImpl.java:77)
at java.base/jdk.internal.reflect.DelegatingMethodAccessorImpl.invoke(DelegatingMethodAccessorImpl.java:43)
at java.base/java.lang.reflect.Method.invoke(Method.java:568)
at org.testng.internal.MethodInvocationHelper.invokeMethod(MethodInvocationHelper.java:133)
at org.testng.internal.TestInvoker.invokeMethod(TestInvoker.java:598)
at org.testng.internal.TestInvoker.invokeTestMethod(TestInvoker.java:173)
at org.testng.internal.MethodRunner.runInSequence(MethodRunner.java:46)
at org.testng.internal.TestInvoker$MethodInvocationAgent.invoke(TestInvoker.java:824)
at org.testng.internal.TestInvoker.invokeTestMethods(TestInvoker.java:146)
at org.testng.internal.TestMethodWorker.invokeTestMethods(TestMethodWorker.java:146)
at org.testng.internal.TestMethodWorker.run(TestMethodWorker.java:128)
at java.base/java.util.ArrayList.forEach(ArrayList.java:1511)
at org.testng.TestRunner.privateRun(TestRunner.java:794)
at org.testng.TestRunner.run(TestRunner.java:596)
at org.testng.SuiteRunner.runTest(SuiteRunner.java:377)
at org.testng.SuiteRunner.access$000(SuiteRunner.java:28)
at org.testng.SuiteRunner$SuiteWorker.run(SuiteRunner.java:418)
at org.testng.internal.thread.ThreadUtil.lambda$execute$0(ThreadUtil.java:64)
at java.base/java.util.concurrent.FutureTask.run(FutureTask.java:264)
at java.base/java.util.concurrent.ThreadPoolExecutor.runWorker(ThreadPoolExecutor.java:1136)
at java.base/java.util.concurrent.ThreadPoolExecutor$Worker.run(ThreadPoolExecutor.java:635)
at java.base/java.lang.Thread.run(Thread.java:833)
]]>
            </full-stacktrace>
          </exception> <!-- org.openqa.selenium.NoSuchElementException -->
          <reporter-output>
          </reporter-output>
        </test-method> <!-- verify_StatusChangeOption -->
        <test-method is-config="true" signature="tearDown(org.testng.ITestResult)[pri:0, instance:com.supermarket1.tests.ManageLocationTest@4d1c00d0]" started-at="2022-11-10T11:00:06 IST" name="tearDown" finished-at="2022-11-10T11:00:22 IST" duration-ms="16475" status="PASS">
          <params>
            <param index="0">
              <value>
                <![CDATA[[TestResult name=verify_StatusChangeOption status=FAILURE method=ManageLocationTest.verify_StatusChangeOption()[pri:0, instance:com.supermarket1.tests.ManageLocationTest@4d1c00d0] output={null}]]]>
              </value>
            </param>
          </params>
          <reporter-output>
          </reporter-output>
        </test-method> <!-- tearDown -->
        <test-method is-config="true" signature="setUp()[pri:0, instance:com.supermarket1.tests.ManageLocationTest@4d1c00d0]" started-at="2022-11-10T11:00:22 IST" name="setUp" finished-at="2022-11-10T11:00:24 IST" duration-ms="1666" status="PASS">
          <reporter-output>
          </reporter-output>
        </test-method> <!-- setUp -->
        <test-method signature="verify_UpDateLocationInformations()[pri:0, instance:com.supermarket1.tests.ManageLocationTest@4d1c00d0]" started-at="2022-11-10T11:00:24 IST" name="verify_UpDateLocationInformations" finished-at="2022-11-10T11:00:35 IST" duration-ms="11302" status="FAIL">
          <exception class="org.openqa.selenium.NoSuchElementException">
            <message>
              <![CDATA[no such element: Unable to locate element: {"method":"xpath","selector":"//a[@href='https://groceryapp.uniqassosiates.com/admin/Location/edit?edit=655&page_ad=1']"}
  (Session info: chrome=107.0.5304.107)
For documentation on this error, please visit: https://selenium.dev/exceptions/#no_such_element
Build info: version: '4.3.0', revision: 'a4995e2c09*'
System info: host: 'LAPTOP-N7T8FIF4', ip: '192.168.18.69', os.name: 'Windows 11', os.arch: 'amd64', os.version: '10.0', java.version: '17.0.3.1'
Driver info: org.openqa.selenium.chrome.ChromeDriver
Command: [e187eb5dc36d8c559d9b49ceefddbdb8, findElement {using=xpath, value=//a[@href='https://groceryapp.uniqassosiates.com/admin/Location/edit?edit=655&page_ad=1']}]
Capabilities {acceptInsecureCerts: false, browserName: chrome, browserVersion: 107.0.5304.107, chrome: {chromedriverVersion: 107.0.5304.62 (1eec40d3a576..., userDataDir: C:\Users\lenovo\AppData\Loc...}, goog:chromeOptions: {debuggerAddress: localhost:55938}, networkConnectionEnabled: false, pageLoadStrategy: normal, platformName: WINDOWS, proxy: Proxy(), se:cdp: ws://localhost:55938/devtoo..., se:cdpVersion: 107.0.5304.107, setWindowRect: true, strictFileInteractability: false, timeouts: {implicit: 0, pageLoad: 300000, script: 30000}, unhandledPromptBehavior: dismiss and notify, webauthn:extension:credBlob: true, webauthn:extension:largeBlob: true, webauthn:virtualAuthenticators: true}
Session ID: e187eb5dc36d8c559d9b49ceefddbdb8]]>
            </message>
            <full-stacktrace>
              <![CDATA[org.openqa.selenium.NoSuchElementException: no such element: Unable to locate element: {"method":"xpath","selector":"//a[@href='https://groceryapp.uniqassosiates.com/admin/Location/edit?edit=655&page_ad=1']"}
  (Session info: chrome=107.0.5304.107)
For documentation on this error, please visit: https://selenium.dev/exceptions/#no_such_element
Build info: version: '4.3.0', revision: 'a4995e2c09*'
System info: host: 'LAPTOP-N7T8FIF4', ip: '192.168.18.69', os.name: 'Windows 11', os.arch: 'amd64', os.version: '10.0', java.version: '17.0.3.1'
Driver info: org.openqa.selenium.chrome.ChromeDriver
Command: [e187eb5dc36d8c559d9b49ceefddbdb8, findElement {using=xpath, value=//a[@href='https://groceryapp.uniqassosiates.com/admin/Location/edit?edit=655&page_ad=1']}]
Capabilities {acceptInsecureCerts: false, browserName: chrome, browserVersion: 107.0.5304.107, chrome: {chromedriverVersion: 107.0.5304.62 (1eec40d3a576..., userDataDir: C:\Users\lenovo\AppData\Loc...}, goog:chromeOptions: {debuggerAddress: localhost:55938}, networkConnectionEnabled: false, pageLoadStrategy: normal, platformName: WINDOWS, proxy: Proxy(), se:cdp: ws://localhost:55938/devtoo..., se:cdpVersion: 107.0.5304.107, setWindowRect: true, strictFileInteractability: false, timeouts: {implicit: 0, pageLoad: 300000, script: 30000}, unhandledPromptBehavior: dismiss and notify, webauthn:extension:credBlob: true, webauthn:extension:largeBlob: true, webauthn:virtualAuthenticators: true}
Session ID: e187eb5dc36d8c559d9b49ceefddbdb8
at java.base/jdk.internal.reflect.NativeConstructorAccessorImpl.newInstance0(Native Method)
at java.base/jdk.internal.reflect.NativeConstructorAccessorImpl.newInstance(NativeConstructorAccessorImpl.java:77)
at java.base/jdk.internal.reflect.DelegatingConstructorAccessorImpl.newInstance(DelegatingConstructorAccessorImpl.java:45)
at java.base/java.lang.reflect.Constructor.newInstanceWithCaller(Constructor.java:499)
at java.base/java.lang.reflect.Constructor.newInstance(Constructor.java:480)
at org.openqa.selenium.remote.codec.w3c.W3CHttpResponseCodec.createException(W3CHttpResponseCodec.java:200)
at org.openqa.selenium.remote.codec.w3c.W3CHttpResponseCodec.decode(W3CHttpResponseCodec.java:133)
at org.openqa.selenium.remote.codec.w3c.W3CHttpResponseCodec.decode(W3CHttpResponseCodec.java:53)
at org.openqa.selenium.remote.HttpCommandExecutor.execute(HttpCommandExecutor.java:184)
at org.openqa.selenium.remote.service.DriverCommandExecutor.invokeExecute(DriverCommandExecutor.java:167)
at org.openqa.selenium.remote.service.DriverCommandExecutor.execute(DriverCommandExecutor.java:142)
at org.openqa.selenium.remote.RemoteWebDriver.execute(RemoteWebDriver.java:569)
at org.openqa.selenium.remote.ElementLocation$ElementFinder$2.findElement(ElementLocation.java:162)
at org.openqa.selenium.remote.ElementLocation.findElement(ElementLocation.java:60)
at org.openqa.selenium.remote.RemoteWebDriver.findElement(RemoteWebDriver.java:387)
at org.openqa.selenium.remote.RemoteWebDriver.findElement(RemoteWebDriver.java:379)
at org.openqa.selenium.support.pagefactory.DefaultElementLocator.findElement(DefaultElementLocator.java:70)
at org.openqa.selenium.support.pagefactory.internal.LocatingElementHandler.invoke(LocatingElementHandler.java:39)
at jdk.proxy2/jdk.proxy2.$Proxy17.click(Unknown Source)
at com.supermarket1.pages.ManageLocationPage.click_EditOption(ManageLocationPage.java:94)
at com.supermarket1.tests.ManageLocationTest.verify_UpDateLocationInformations(ManageLocationTest.java:41)
at java.base/jdk.internal.reflect.NativeMethodAccessorImpl.invoke0(Native Method)
at java.base/jdk.internal.reflect.NativeMethodAccessorImpl.invoke(NativeMethodAccessorImpl.java:77)
at java.base/jdk.internal.reflect.DelegatingMethodAccessorImpl.invoke(DelegatingMethodAccessorImpl.java:43)
at java.base/java.lang.reflect.Method.invoke(Method.java:568)
at org.testng.internal.MethodInvocationHelper.invokeMethod(MethodInvocationHelper.java:133)
at org.testng.internal.TestInvoker.invokeMethod(TestInvoker.java:598)
at org.testng.internal.TestInvoker.invokeTestMethod(TestInvoker.java:173)
at org.testng.internal.MethodRunner.runInSequence(MethodRunner.java:46)
at org.testng.internal.TestInvoker$MethodInvocationAgent.invoke(TestInvoker.java:824)
at org.testng.internal.TestInvoker.invokeTestMethods(TestInvoker.java:146)
at org.testng.internal.TestMethodWorker.invokeTestMethods(TestMethodWorker.java:146)
at org.testng.internal.TestMethodWorker.run(TestMethodWorker.java:128)
at java.base/java.util.ArrayList.forEach(ArrayList.java:1511)
at org.testng.TestRunner.privateRun(TestRunner.java:794)
at org.testng.TestRunner.run(TestRunner.java:596)
at org.testng.SuiteRunner.runTest(SuiteRunner.java:377)
at org.testng.SuiteRunner.access$000(SuiteRunner.java:28)
at org.testng.SuiteRunner$SuiteWorker.run(SuiteRunner.java:418)
at org.testng.internal.thread.ThreadUtil.lambda$execute$0(ThreadUtil.java:64)
at java.base/java.util.concurrent.FutureTask.run(FutureTask.java:264)
at java.base/java.util.concurrent.ThreadPoolExecutor.runWorker(ThreadPoolExecutor.java:1136)
at java.base/java.util.concurrent.ThreadPoolExecutor$Worker.run(ThreadPoolExecutor.java:635)
at java.base/java.lang.Thread.run(Thread.java:833)
]]>
            </full-stacktrace>
          </exception> <!-- org.openqa.selenium.NoSuchElementException -->
          <reporter-output>
          </reporter-output>
        </test-method> <!-- verify_UpDateLocationInformations -->
        <test-method is-config="true" signature="tearDown(org.testng.ITestResult)[pri:0, instance:com.supermarket1.tests.ManageLocationTest@4d1c00d0]" started-at="2022-11-10T11:00:35 IST" name="tearDown" finished-at="2022-11-10T11:00:51 IST" duration-ms="16484" status="PASS">
          <params>
            <param index="0">
              <value>
                <![CDATA[[TestResult name=verify_UpDateLocationInformations status=FAILURE method=ManageLocationTest.verify_UpDateLocationInformations()[pri:0, instance:com.supermarket1.tests.ManageLocationTest@4d1c00d0] output={null}]]]>
              </value>
            </param>
          </params>
          <reporter-output>
          </reporter-output>
        </test-method> <!-- tearDown -->
      </class> <!-- com.supermarket1.tests.ManageLocationTest -->
      <class name="com.supermarket1.tests.ManageOrderTest">
        <test-method is-config="true" signature="setUp()[pri:0, instance:com.supermarket1.tests.ManageOrderTest@4e08711f]" started-at="2022-11-10T10:56:35 IST" name="setUp" finished-at="2022-11-10T10:56:36 IST" duration-ms="1564" status="PASS">
          <reporter-output>
          </reporter-output>
        </test-method> <!-- setUp -->
        <test-method signature="verify_DetailsOfOrderId406()[pri:0, instance:com.supermarket1.tests.ManageOrderTest@4e08711f]" started-at="2022-11-10T10:56:36 IST" name="verify_DetailsOfOrderId406" finished-at="2022-11-10T10:56:39 IST" duration-ms="2132" status="FAIL">
          <exception class="java.lang.AssertionError">
            <message>
              <![CDATA[expected [406] but found [403]]]>
            </message>
            <full-stacktrace>
              <![CDATA[java.lang.AssertionError: expected [406] but found [403]
at org.testng.Assert.fail(Assert.java:99)
at org.testng.Assert.failNotEquals(Assert.java:1037)
at org.testng.Assert.assertEqualsImpl(Assert.java:140)
at org.testng.Assert.assertEquals(Assert.java:122)
at org.testng.Assert.assertEquals(Assert.java:629)
at org.testng.Assert.assertEquals(Assert.java:639)
at com.supermarket1.tests.ManageOrderTest.verify_DetailsOfOrderId406(ManageOrderTest.java:64)
at java.base/jdk.internal.reflect.NativeMethodAccessorImpl.invoke0(Native Method)
at java.base/jdk.internal.reflect.NativeMethodAccessorImpl.invoke(NativeMethodAccessorImpl.java:77)
at java.base/jdk.internal.reflect.DelegatingMethodAccessorImpl.invoke(DelegatingMethodAccessorImpl.java:43)
at java.base/java.lang.reflect.Method.invoke(Method.java:568)
at org.testng.internal.MethodInvocationHelper.invokeMethod(MethodInvocationHelper.java:133)
at org.testng.internal.TestInvoker.invokeMethod(TestInvoker.java:598)
at org.testng.internal.TestInvoker.invokeTestMethod(TestInvoker.java:173)
at org.testng.internal.MethodRunner.runInSequence(MethodRunner.java:46)
at org.testng.internal.TestInvoker$MethodInvocationAgent.invoke(TestInvoker.java:824)
at org.testng.internal.TestInvoker.invokeTestMethods(TestInvoker.java:146)
at org.testng.internal.TestMethodWorker.invokeTestMethods(TestMethodWorker.java:146)
at org.testng.internal.TestMethodWorker.run(TestMethodWorker.java:128)
at java.base/java.util.ArrayList.forEach(ArrayList.java:1511)
at org.testng.TestRunner.privateRun(TestRunner.java:794)
at org.testng.TestRunner.run(TestRunner.java:596)
at org.testng.SuiteRunner.runTest(SuiteRunner.java:377)
at org.testng.SuiteRunner.access$000(SuiteRunner.java:28)
at org.testng.SuiteRunner$SuiteWorker.run(SuiteRunner.java:418)
at org.testng.internal.thread.ThreadUtil.lambda$execute$0(ThreadUtil.java:64)
at java.base/java.util.concurrent.FutureTask.run(FutureTask.java:264)
at java.base/java.util.concurrent.ThreadPoolExecutor.runWorker(ThreadPoolExecutor.java:1136)
at java.base/java.util.concurrent.ThreadPoolExecutor$Worker.run(ThreadPoolExecutor.java:635)
at java.base/java.lang.Thread.run(Thread.java:833)
]]>
            </full-stacktrace>
          </exception> <!-- java.lang.AssertionError -->
          <reporter-output>
          </reporter-output>
        </test-method> <!-- verify_DetailsOfOrderId406 -->
        <test-method is-config="true" signature="tearDown(org.testng.ITestResult)[pri:0, instance:com.supermarket1.tests.ManageOrderTest@4e08711f]" started-at="2022-11-10T10:56:39 IST" name="tearDown" finished-at="2022-11-10T10:56:39 IST" duration-ms="375" status="PASS">
          <params>
            <param index="0">
              <value>
                <![CDATA[[TestResult name=verify_DetailsOfOrderId406 status=FAILURE method=ManageOrderTest.verify_DetailsOfOrderId406()[pri:0, instance:com.supermarket1.tests.ManageOrderTest@4e08711f] output={null}]]]>
              </value>
            </param>
          </params>
          <reporter-output>
          </reporter-output>
        </test-method> <!-- tearDown -->
        <test-method is-config="true" signature="setUp()[pri:0, instance:com.supermarket1.tests.ManageOrderTest@4e08711f]" started-at="2022-11-10T10:57:23 IST" name="setUp" finished-at="2022-11-10T10:57:25 IST" duration-ms="2025" status="PASS">
          <reporter-output>
          </reporter-output>
        </test-method> <!-- setUp -->
        <test-method signature="verify_ResetListOrders()[pri:0, instance:com.supermarket1.tests.ManageOrderTest@4e08711f]" started-at="2022-11-10T10:57:25 IST" name="verify_ResetListOrders" finished-at="2022-11-10T10:57:29 IST" duration-ms="3580" status="PASS">
          <reporter-output>
          </reporter-output>
        </test-method> <!-- verify_ResetListOrders -->
        <test-method is-config="true" signature="tearDown(org.testng.ITestResult)[pri:0, instance:com.supermarket1.tests.ManageOrderTest@4e08711f]" started-at="2022-11-10T10:57:29 IST" name="tearDown" finished-at="2022-11-10T10:57:45 IST" duration-ms="16234" status="PASS">
          <params>
            <param index="0">
              <value>
                <![CDATA[[TestResult name=verify_ResetListOrders status=SUCCESS method=ManageOrderTest.verify_ResetListOrders()[pri:0, instance:com.supermarket1.tests.ManageOrderTest@4e08711f] output={null}]]]>
              </value>
            </param>
          </params>
          <reporter-output>
          </reporter-output>
        </test-method> <!-- tearDown -->
        <test-method is-config="true" signature="setUp()[pri:0, instance:com.supermarket1.tests.ManageOrderTest@4e08711f]" started-at="2022-11-10T10:57:45 IST" name="setUp" finished-at="2022-11-10T10:57:47 IST" duration-ms="1801" status="PASS">
          <reporter-output>
          </reporter-output>
        </test-method> <!-- setUp -->
        <test-method signature="verify_SearchListOrders()[pri:0, instance:com.supermarket1.tests.ManageOrderTest@4e08711f]" started-at="2022-11-10T10:57:47 IST" name="verify_SearchListOrders" finished-at="2022-11-10T10:57:51 IST" duration-ms="3529" status="PASS">
          <reporter-output>
          </reporter-output>
        </test-method> <!-- verify_SearchListOrders -->
        <test-method is-config="true" signature="tearDown(org.testng.ITestResult)[pri:0, instance:com.supermarket1.tests.ManageOrderTest@4e08711f]" started-at="2022-11-10T10:57:51 IST" name="tearDown" finished-at="2022-11-10T10:58:07 IST" duration-ms="16250" status="PASS">
          <params>
            <param index="0">
              <value>
                <![CDATA[[TestResult name=verify_SearchListOrders status=SUCCESS method=ManageOrderTest.verify_SearchListOrders()[pri:0, instance:com.supermarket1.tests.ManageOrderTest@4e08711f] output={null}]]]>
              </value>
            </param>
          </params>
          <reporter-output>
          </reporter-output>
        </test-method> <!-- tearDown -->
        <test-method is-config="true" signature="setUp()[pri:0, instance:com.supermarket1.tests.ManageOrderTest@4e08711f]" started-at="2022-11-10T11:00:51 IST" name="setUp" finished-at="2022-11-10T11:00:53 IST" duration-ms="1650" status="PASS">
          <reporter-output>
          </reporter-output>
        </test-method> <!-- setUp -->
        <test-method signature="verify_ViewOption()[pri:0, instance:com.supermarket1.tests.ManageOrderTest@4e08711f]" started-at="2022-11-10T11:00:53 IST" name="verify_ViewOption" finished-at="2022-11-10T11:00:57 IST" duration-ms="3756" status="PASS">
          <reporter-output>
          </reporter-output>
        </test-method> <!-- verify_ViewOption -->
        <test-method is-config="true" signature="tearDown(org.testng.ITestResult)[pri:0, instance:com.supermarket1.tests.ManageOrderTest@4e08711f]" started-at="2022-11-10T11:00:57 IST" name="tearDown" finished-at="2022-11-10T11:00:57 IST" duration-ms="151" status="PASS">
          <params>
            <param index="0">
              <value>
                <![CDATA[[TestResult name=verify_ViewOption status=SUCCESS method=ManageOrderTest.verify_ViewOption()[pri:0, instance:com.supermarket1.tests.ManageOrderTest@4e08711f] output={null}]]]>
              </value>
            </param>
          </params>
          <reporter-output>
          </reporter-output>
        </test-method> <!-- tearDown -->
      </class> <!-- com.supermarket1.tests.ManageOrderTest -->
      <class name="com.supermarket1.tests.ManageExpenseTest">
        <test-method is-config="true" signature="setUp()[pri:0, instance:com.supermarket1.tests.ManageExpenseTest@79079097]" started-at="2022-11-10T10:55:11 IST" name="setUp" finished-at="2022-11-10T10:55:22 IST" duration-ms="10925" status="PASS">
          <reporter-output>
          </reporter-output>
        </test-method> <!-- setUp -->
        <test-method signature="verify_AddManageExpenseDetails()[pri:0, instance:com.supermarket1.tests.ManageExpenseTest@79079097]" started-at="2022-11-10T10:55:22 IST" name="verify_AddManageExpenseDetails" finished-at="2022-11-10T10:55:28 IST" duration-ms="6262" status="PASS">
          <reporter-output>
          </reporter-output>
        </test-method> <!-- verify_AddManageExpenseDetails -->
        <test-method is-config="true" signature="tearDown(org.testng.ITestResult)[pri:0, instance:com.supermarket1.tests.ManageExpenseTest@79079097]" started-at="2022-11-10T10:55:28 IST" name="tearDown" finished-at="2022-11-10T10:55:44 IST" duration-ms="16205" status="PASS">
          <params>
            <param index="0">
              <value>
                <![CDATA[[TestResult name=verify_AddManageExpenseDetails status=SUCCESS method=ManageExpenseTest.verify_AddManageExpenseDetails()[pri:0, instance:com.supermarket1.tests.ManageExpenseTest@79079097] output={null}]]]>
              </value>
            </param>
          </params>
          <reporter-output>
          </reporter-output>
        </test-method> <!-- tearDown -->
        <test-method is-config="true" signature="setUp()[pri:0, instance:com.supermarket1.tests.ManageExpenseTest@79079097]" started-at="2022-11-10T10:55:44 IST" name="setUp" finished-at="2022-11-10T10:55:46 IST" duration-ms="1637" status="PASS">
          <reporter-output>
          </reporter-output>
        </test-method> <!-- setUp -->
        <test-method signature="verify_AddedItemToExpenseCategory()[pri:0, instance:com.supermarket1.tests.ManageExpenseTest@79079097]" started-at="2022-11-10T10:55:46 IST" name="verify_AddedItemToExpenseCategory" finished-at="2022-11-10T10:55:49 IST" duration-ms="3211" status="PASS">
          <reporter-output>
          </reporter-output>
        </test-method> <!-- verify_AddedItemToExpenseCategory -->
        <test-method is-config="true" signature="tearDown(org.testng.ITestResult)[pri:0, instance:com.supermarket1.tests.ManageExpenseTest@79079097]" started-at="2022-11-10T10:55:49 IST" name="tearDown" finished-at="2022-11-10T10:55:49 IST" duration-ms="93" status="PASS">
          <params>
            <param index="0">
              <value>
                <![CDATA[[TestResult name=verify_AddedItemToExpenseCategory status=SUCCESS method=ManageExpenseTest.verify_AddedItemToExpenseCategory()[pri:0, instance:com.supermarket1.tests.ManageExpenseTest@79079097] output={null}]]]>
              </value>
            </param>
          </params>
          <reporter-output>
          </reporter-output>
        </test-method> <!-- tearDown -->
        <test-method is-config="true" signature="setUp()[pri:0, instance:com.supermarket1.tests.ManageExpenseTest@79079097]" started-at="2022-11-10T10:55:49 IST" name="setUp" finished-at="2022-11-10T10:55:51 IST" duration-ms="1789" status="PASS">
          <reporter-output>
          </reporter-output>
        </test-method> <!-- setUp -->
        <test-method signature="verify_DeleteOption()[pri:0, instance:com.supermarket1.tests.ManageExpenseTest@79079097]" started-at="2022-11-10T10:55:51 IST" name="verify_DeleteOption" finished-at="2022-11-10T10:56:04 IST" duration-ms="13362" status="FAIL">
          <exception class="org.openqa.selenium.NoSuchElementException">
            <message>
              <![CDATA[no such element: Unable to locate element: {"method":"xpath","selector":"//a[@href='https://groceryapp.uniqassosiates.com/admin/Expense/cat_delete?del=603&page_ad=1']//i[@class='fas fa-trash-alt']"}
  (Session info: chrome=107.0.5304.107)
For documentation on this error, please visit: https://selenium.dev/exceptions/#no_such_element
Build info: version: '4.3.0', revision: 'a4995e2c09*'
System info: host: 'LAPTOP-N7T8FIF4', ip: '192.168.18.69', os.name: 'Windows 11', os.arch: 'amd64', os.version: '10.0', java.version: '17.0.3.1'
Driver info: org.openqa.selenium.chrome.ChromeDriver
Command: [4c84b3cca9cfc98e53482f4e2cc539fe, findElement {using=xpath, value=//a[@href='https://groceryapp.uniqassosiates.com/admin/Expense/cat_delete?del=603&page_ad=1']//i[@class='fas fa-trash-alt']}]
Capabilities {acceptInsecureCerts: false, browserName: chrome, browserVersion: 107.0.5304.107, chrome: {chromedriverVersion: 107.0.5304.62 (1eec40d3a576..., userDataDir: C:\Users\lenovo\AppData\Loc...}, goog:chromeOptions: {debuggerAddress: localhost:54946}, networkConnectionEnabled: false, pageLoadStrategy: normal, platformName: WINDOWS, proxy: Proxy(), se:cdp: ws://localhost:54946/devtoo..., se:cdpVersion: 107.0.5304.107, setWindowRect: true, strictFileInteractability: false, timeouts: {implicit: 0, pageLoad: 300000, script: 30000}, unhandledPromptBehavior: dismiss and notify, webauthn:extension:credBlob: true, webauthn:extension:largeBlob: true, webauthn:virtualAuthenticators: true}
Session ID: 4c84b3cca9cfc98e53482f4e2cc539fe]]>
            </message>
            <full-stacktrace>
              <![CDATA[org.openqa.selenium.NoSuchElementException: no such element: Unable to locate element: {"method":"xpath","selector":"//a[@href='https://groceryapp.uniqassosiates.com/admin/Expense/cat_delete?del=603&page_ad=1']//i[@class='fas fa-trash-alt']"}
  (Session info: chrome=107.0.5304.107)
For documentation on this error, please visit: https://selenium.dev/exceptions/#no_such_element
Build info: version: '4.3.0', revision: 'a4995e2c09*'
System info: host: 'LAPTOP-N7T8FIF4', ip: '192.168.18.69', os.name: 'Windows 11', os.arch: 'amd64', os.version: '10.0', java.version: '17.0.3.1'
Driver info: org.openqa.selenium.chrome.ChromeDriver
Command: [4c84b3cca9cfc98e53482f4e2cc539fe, findElement {using=xpath, value=//a[@href='https://groceryapp.uniqassosiates.com/admin/Expense/cat_delete?del=603&page_ad=1']//i[@class='fas fa-trash-alt']}]
Capabilities {acceptInsecureCerts: false, browserName: chrome, browserVersion: 107.0.5304.107, chrome: {chromedriverVersion: 107.0.5304.62 (1eec40d3a576..., userDataDir: C:\Users\lenovo\AppData\Loc...}, goog:chromeOptions: {debuggerAddress: localhost:54946}, networkConnectionEnabled: false, pageLoadStrategy: normal, platformName: WINDOWS, proxy: Proxy(), se:cdp: ws://localhost:54946/devtoo..., se:cdpVersion: 107.0.5304.107, setWindowRect: true, strictFileInteractability: false, timeouts: {implicit: 0, pageLoad: 300000, script: 30000}, unhandledPromptBehavior: dismiss and notify, webauthn:extension:credBlob: true, webauthn:extension:largeBlob: true, webauthn:virtualAuthenticators: true}
Session ID: 4c84b3cca9cfc98e53482f4e2cc539fe
at java.base/jdk.internal.reflect.NativeConstructorAccessorImpl.newInstance0(Native Method)
at java.base/jdk.internal.reflect.NativeConstructorAccessorImpl.newInstance(NativeConstructorAccessorImpl.java:77)
at java.base/jdk.internal.reflect.DelegatingConstructorAccessorImpl.newInstance(DelegatingConstructorAccessorImpl.java:45)
at java.base/java.lang.reflect.Constructor.newInstanceWithCaller(Constructor.java:499)
at java.base/java.lang.reflect.Constructor.newInstance(Constructor.java:480)
at org.openqa.selenium.remote.codec.w3c.W3CHttpResponseCodec.createException(W3CHttpResponseCodec.java:200)
at org.openqa.selenium.remote.codec.w3c.W3CHttpResponseCodec.decode(W3CHttpResponseCodec.java:133)
at org.openqa.selenium.remote.codec.w3c.W3CHttpResponseCodec.decode(W3CHttpResponseCodec.java:53)
at org.openqa.selenium.remote.HttpCommandExecutor.execute(HttpCommandExecutor.java:184)
at org.openqa.selenium.remote.service.DriverCommandExecutor.invokeExecute(DriverCommandExecutor.java:167)
at org.openqa.selenium.remote.service.DriverCommandExecutor.execute(DriverCommandExecutor.java:142)
at org.openqa.selenium.remote.RemoteWebDriver.execute(RemoteWebDriver.java:569)
at org.openqa.selenium.remote.ElementLocation$ElementFinder$2.findElement(ElementLocation.java:162)
at org.openqa.selenium.remote.ElementLocation.findElement(ElementLocation.java:60)
at org.openqa.selenium.remote.RemoteWebDriver.findElement(RemoteWebDriver.java:387)
at org.openqa.selenium.remote.RemoteWebDriver.findElement(RemoteWebDriver.java:379)
at org.openqa.selenium.support.pagefactory.DefaultElementLocator.findElement(DefaultElementLocator.java:70)
at org.openqa.selenium.support.pagefactory.internal.LocatingElementHandler.invoke(LocatingElementHandler.java:39)
at jdk.proxy2/jdk.proxy2.$Proxy17.click(Unknown Source)
at com.supermarket1.pages.ManageExpensePage.click_OnDelete(ManageExpensePage.java:81)
at com.supermarket1.tests.ManageExpenseTest.verify_DeleteOption(ManageExpenseTest.java:48)
at java.base/jdk.internal.reflect.NativeMethodAccessorImpl.invoke0(Native Method)
at java.base/jdk.internal.reflect.NativeMethodAccessorImpl.invoke(NativeMethodAccessorImpl.java:77)
at java.base/jdk.internal.reflect.DelegatingMethodAccessorImpl.invoke(DelegatingMethodAccessorImpl.java:43)
at java.base/java.lang.reflect.Method.invoke(Method.java:568)
at org.testng.internal.MethodInvocationHelper.invokeMethod(MethodInvocationHelper.java:133)
at org.testng.internal.TestInvoker.invokeMethod(TestInvoker.java:598)
at org.testng.internal.TestInvoker.invokeTestMethod(TestInvoker.java:173)
at org.testng.internal.MethodRunner.runInSequence(MethodRunner.java:46)
at org.testng.internal.TestInvoker$MethodInvocationAgent.invoke(TestInvoker.java:824)
at org.testng.internal.TestInvoker.invokeTestMethods(TestInvoker.java:146)
at org.testng.internal.TestMethodWorker.invokeTestMethods(TestMethodWorker.java:146)
at org.testng.internal.TestMethodWorker.run(TestMethodWorker.java:128)
at java.base/java.util.ArrayList.forEach(ArrayList.java:1511)
at org.testng.TestRunner.privateRun(TestRunner.java:794)
at org.testng.TestRunner.run(TestRunner.java:596)
at org.testng.SuiteRunner.runTest(SuiteRunner.java:377)
at org.testng.SuiteRunner.access$000(SuiteRunner.java:28)
at org.testng.SuiteRunner$SuiteWorker.run(SuiteRunner.java:418)
at org.testng.internal.thread.ThreadUtil.lambda$execute$0(ThreadUtil.java:64)
at java.base/java.util.concurrent.FutureTask.run(FutureTask.java:264)
at java.base/java.util.concurrent.ThreadPoolExecutor.runWorker(ThreadPoolExecutor.java:1136)
at java.base/java.util.concurrent.ThreadPoolExecutor$Worker.run(ThreadPoolExecutor.java:635)
at java.base/java.lang.Thread.run(Thread.java:833)
]]>
            </full-stacktrace>
          </exception> <!-- org.openqa.selenium.NoSuchElementException -->
          <reporter-output>
          </reporter-output>
        </test-method> <!-- verify_DeleteOption -->
        <test-method is-config="true" signature="tearDown(org.testng.ITestResult)[pri:0, instance:com.supermarket1.tests.ManageExpenseTest@79079097]" started-at="2022-11-10T10:56:04 IST" name="tearDown" finished-at="2022-11-10T10:56:21 IST" duration-ms="16432" status="PASS">
          <params>
            <param index="0">
              <value>
                <![CDATA[[TestResult name=verify_DeleteOption status=FAILURE method=ManageExpenseTest.verify_DeleteOption()[pri:0, instance:com.supermarket1.tests.ManageExpenseTest@79079097] output={null}]]]>
              </value>
            </param>
          </params>
          <reporter-output>
          </reporter-output>
        </test-method> <!-- tearDown -->
        <test-method is-config="true" signature="setUp()[pri:0, instance:com.supermarket1.tests.ManageExpenseTest@79079097]" started-at="2022-11-10T10:59:03 IST" name="setUp" finished-at="2022-11-10T10:59:05 IST" duration-ms="1717" status="PASS">
          <reporter-output>
          </reporter-output>
        </test-method> <!-- setUp -->
        <test-method signature="verify_SearchOption(java.lang.String)[pri:0, instance:com.supermarket1.tests.ManageExpenseTest@79079097]" started-at="2022-11-10T10:59:05 IST" name="verify_SearchOption" data-provider="searchcategory" finished-at="2022-11-10T10:59:07 IST" duration-ms="2325" status="PASS">
          <params>
            <param index="0">
              <value>
                <![CDATA[Mango]]>
              </value>
            </param>
          </params>
          <reporter-output>
          </reporter-output>
        </test-method> <!-- verify_SearchOption -->
        <test-method is-config="true" signature="tearDown(org.testng.ITestResult)[pri:0, instance:com.supermarket1.tests.ManageExpenseTest@79079097]" started-at="2022-11-10T10:59:07 IST" name="tearDown" finished-at="2022-11-10T10:59:07 IST" duration-ms="60" status="PASS">
          <params>
            <param index="0">
              <value>
                <![CDATA[[TestResult name=verify_SearchOption status=SUCCESS method=ManageExpenseTest.verify_SearchOption(java.lang.String)[pri:0, instance:com.supermarket1.tests.ManageExpenseTest@79079097] output={null}]]]>
              </value>
            </param>
          </params>
          <reporter-output>
          </reporter-output>
        </test-method> <!-- tearDown -->
        <test-method is-config="true" signature="setUp()[pri:0, instance:com.supermarket1.tests.ManageExpenseTest@79079097]" started-at="2022-11-10T10:59:07 IST" name="setUp" finished-at="2022-11-10T10:59:09 IST" duration-ms="1786" status="PASS">
          <reporter-output>
          </reporter-output>
        </test-method> <!-- setUp -->
        <test-method signature="verify_SearchOption(java.lang.String)[pri:0, instance:com.supermarket1.tests.ManageExpenseTest@79079097]" started-at="2022-11-10T10:59:09 IST" name="verify_SearchOption" data-provider="searchcategory" finished-at="2022-11-10T10:59:11 IST" duration-ms="2109" status="PASS">
          <params>
            <param index="0">
              <value>
                <![CDATA[Chocolates]]>
              </value>
            </param>
          </params>
          <reporter-output>
          </reporter-output>
        </test-method> <!-- verify_SearchOption -->
        <test-method is-config="true" signature="tearDown(org.testng.ITestResult)[pri:0, instance:com.supermarket1.tests.ManageExpenseTest@79079097]" started-at="2022-11-10T10:59:11 IST" name="tearDown" finished-at="2022-11-10T10:59:11 IST" duration-ms="152" status="PASS">
          <params>
            <param index="0">
              <value>
                <![CDATA[[TestResult name=verify_SearchOption status=SUCCESS method=ManageExpenseTest.verify_SearchOption(java.lang.String)[pri:0, instance:com.supermarket1.tests.ManageExpenseTest@79079097] output={null}]]]>
              </value>
            </param>
          </params>
          <reporter-output>
          </reporter-output>
        </test-method> <!-- tearDown -->
        <test-method is-config="true" signature="setUp()[pri:0, instance:com.supermarket1.tests.ManageExpenseTest@79079097]" started-at="2022-11-10T10:59:11 IST" name="setUp" finished-at="2022-11-10T10:59:13 IST" duration-ms="1867" status="PASS">
          <reporter-output>
          </reporter-output>
        </test-method> <!-- setUp -->
        <test-method signature="verify_SearchOption(java.lang.String)[pri:0, instance:com.supermarket1.tests.ManageExpenseTest@79079097]" started-at="2022-11-10T10:59:13 IST" name="verify_SearchOption" data-provider="searchcategory" finished-at="2022-11-10T10:59:15 IST" duration-ms="2222" status="PASS">
          <params>
            <param index="0">
              <value>
                <![CDATA[Vegetables]]>
              </value>
            </param>
          </params>
          <reporter-output>
          </reporter-output>
        </test-method> <!-- verify_SearchOption -->
        <test-method is-config="true" signature="tearDown(org.testng.ITestResult)[pri:0, instance:com.supermarket1.tests.ManageExpenseTest@79079097]" started-at="2022-11-10T10:59:15 IST" name="tearDown" finished-at="2022-11-10T10:59:32 IST" duration-ms="16209" status="PASS">
          <params>
            <param index="0">
              <value>
                <![CDATA[[TestResult name=verify_SearchOption status=SUCCESS method=ManageExpenseTest.verify_SearchOption(java.lang.String)[pri:0, instance:com.supermarket1.tests.ManageExpenseTest@79079097] output={null}]]]>
              </value>
            </param>
          </params>
          <reporter-output>
          </reporter-output>
        </test-method> <!-- tearDown -->
        <test-method is-config="true" signature="setUp()[pri:0, instance:com.supermarket1.tests.ManageExpenseTest@79079097]" started-at="2022-11-10T10:59:32 IST" name="setUp" finished-at="2022-11-10T10:59:34 IST" duration-ms="2115" status="PASS">
          <reporter-output>
          </reporter-output>
        </test-method> <!-- setUp -->
        <test-method signature="verify_SearchOption(java.lang.String)[pri:0, instance:com.supermarket1.tests.ManageExpenseTest@79079097]" started-at="2022-11-10T10:59:34 IST" name="verify_SearchOption" data-provider="searchcategory" finished-at="2022-11-10T10:59:36 IST" duration-ms="2534" status="PASS">
          <params>
            <param index="0">
              <value>
                <![CDATA[Grocery]]>
              </value>
            </param>
          </params>
          <reporter-output>
          </reporter-output>
        </test-method> <!-- verify_SearchOption -->
        <test-method is-config="true" signature="tearDown(org.testng.ITestResult)[pri:0, instance:com.supermarket1.tests.ManageExpenseTest@79079097]" started-at="2022-11-10T10:59:36 IST" name="tearDown" finished-at="2022-11-10T10:59:52 IST" duration-ms="16195" status="PASS">
          <params>
            <param index="0">
              <value>
                <![CDATA[[TestResult name=verify_SearchOption status=SUCCESS method=ManageExpenseTest.verify_SearchOption(java.lang.String)[pri:0, instance:com.supermarket1.tests.ManageExpenseTest@79079097] output={null}]]]>
              </value>
            </param>
          </params>
          <reporter-output>
          </reporter-output>
        </test-method> <!-- tearDown -->
      </class> <!-- com.supermarket1.tests.ManageExpenseTest -->
      <class name="com.supermarket1.tests.ManageOfferCodeTest">
        <test-method is-config="true" signature="setUp()[pri:0, instance:com.supermarket1.tests.ManageOfferCodeTest@4b2bac3f]" started-at="2022-11-10T10:58:30 IST" name="setUp" finished-at="2022-11-10T10:58:31 IST" duration-ms="1652" status="PASS">
          <reporter-output>
          </reporter-output>
        </test-method> <!-- setUp -->
        <test-method signature="verify_SearchOfferCodes(java.lang.String)[pri:0, instance:com.supermarket1.tests.ManageOfferCodeTest@4b2bac3f]" started-at="2022-11-10T10:58:31 IST" name="verify_SearchOfferCodes" data-provider="searchOffers" finished-at="2022-11-10T10:58:34 IST" duration-ms="2721" status="PASS">
          <params>
            <param index="0">
              <value>
                <![CDATA[500]]>
              </value>
            </param>
          </params>
          <reporter-output>
          </reporter-output>
        </test-method> <!-- verify_SearchOfferCodes -->
        <test-method is-config="true" signature="tearDown(org.testng.ITestResult)[pri:0, instance:com.supermarket1.tests.ManageOfferCodeTest@4b2bac3f]" started-at="2022-11-10T10:58:34 IST" name="tearDown" finished-at="2022-11-10T10:58:34 IST" duration-ms="140" status="PASS">
          <params>
            <param index="0">
              <value>
                <![CDATA[[TestResult name=verify_SearchOfferCodes status=SUCCESS method=ManageOfferCodeTest.verify_SearchOfferCodes(java.lang.String)[pri:0, instance:com.supermarket1.tests.ManageOfferCodeTest@4b2bac3f] output={null}]]]>
              </value>
            </param>
          </params>
          <reporter-output>
          </reporter-output>
        </test-method> <!-- tearDown -->
        <test-method is-config="true" signature="setUp()[pri:0, instance:com.supermarket1.tests.ManageOfferCodeTest@4b2bac3f]" started-at="2022-11-10T10:58:34 IST" name="setUp" finished-at="2022-11-10T10:58:36 IST" duration-ms="1779" status="PASS">
          <reporter-output>
          </reporter-output>
        </test-method> <!-- setUp -->
        <test-method signature="verify_SearchOfferCodes(java.lang.String)[pri:0, instance:com.supermarket1.tests.ManageOfferCodeTest@4b2bac3f]" started-at="2022-11-10T10:58:36 IST" name="verify_SearchOfferCodes" data-provider="searchOffers" finished-at="2022-11-10T10:58:38 IST" duration-ms="2222" status="PASS">
          <params>
            <param index="0">
              <value>
                <![CDATA[457]]>
              </value>
            </param>
          </params>
          <reporter-output>
          </reporter-output>
        </test-method> <!-- verify_SearchOfferCodes -->
        <test-method is-config="true" signature="tearDown(org.testng.ITestResult)[pri:0, instance:com.supermarket1.tests.ManageOfferCodeTest@4b2bac3f]" started-at="2022-11-10T10:58:38 IST" name="tearDown" finished-at="2022-11-10T10:58:54 IST" duration-ms="16205" status="PASS">
          <params>
            <param index="0">
              <value>
                <![CDATA[[TestResult name=verify_SearchOfferCodes status=SUCCESS method=ManageOfferCodeTest.verify_SearchOfferCodes(java.lang.String)[pri:0, instance:com.supermarket1.tests.ManageOfferCodeTest@4b2bac3f] output={null}]]]>
              </value>
            </param>
          </params>
          <reporter-output>
          </reporter-output>
        </test-method> <!-- tearDown -->
        <test-method is-config="true" signature="setUp()[pri:0, instance:com.supermarket1.tests.ManageOfferCodeTest@4b2bac3f]" started-at="2022-11-10T10:58:54 IST" name="setUp" finished-at="2022-11-10T10:58:56 IST" duration-ms="1511" status="PASS">
          <reporter-output>
          </reporter-output>
        </test-method> <!-- setUp -->
        <test-method signature="verify_SearchOfferCodes(java.lang.String)[pri:0, instance:com.supermarket1.tests.ManageOfferCodeTest@4b2bac3f]" started-at="2022-11-10T10:58:56 IST" name="verify_SearchOfferCodes" data-provider="searchOffers" finished-at="2022-11-10T10:58:58 IST" duration-ms="2469" status="PASS">
          <params>
            <param index="0">
              <value>
                <![CDATA[107]]>
              </value>
            </param>
          </params>
          <reporter-output>
          </reporter-output>
        </test-method> <!-- verify_SearchOfferCodes -->
        <test-method is-config="true" signature="tearDown(org.testng.ITestResult)[pri:0, instance:com.supermarket1.tests.ManageOfferCodeTest@4b2bac3f]" started-at="2022-11-10T10:58:58 IST" name="tearDown" finished-at="2022-11-10T10:58:58 IST" duration-ms="102" status="PASS">
          <params>
            <param index="0">
              <value>
                <![CDATA[[TestResult name=verify_SearchOfferCodes status=SUCCESS method=ManageOfferCodeTest.verify_SearchOfferCodes(java.lang.String)[pri:0, instance:com.supermarket1.tests.ManageOfferCodeTest@4b2bac3f] output={null}]]]>
              </value>
            </param>
          </params>
          <reporter-output>
          </reporter-output>
        </test-method> <!-- tearDown -->
        <test-method is-config="true" signature="setUp()[pri:0, instance:com.supermarket1.tests.ManageOfferCodeTest@4b2bac3f]" started-at="2022-11-10T10:58:58 IST" name="setUp" finished-at="2022-11-10T10:59:00 IST" duration-ms="1870" status="PASS">
          <reporter-output>
          </reporter-output>
        </test-method> <!-- setUp -->
        <test-method signature="verify_SearchOfferCodes(java.lang.String)[pri:0, instance:com.supermarket1.tests.ManageOfferCodeTest@4b2bac3f]" started-at="2022-11-10T10:59:00 IST" name="verify_SearchOfferCodes" data-provider="searchOffers" finished-at="2022-11-10T10:59:03 IST" duration-ms="2669" status="PASS">
          <params>
            <param index="0">
              <value>
                <![CDATA[102]]>
              </value>
            </param>
          </params>
          <reporter-output>
          </reporter-output>
        </test-method> <!-- verify_SearchOfferCodes -->
        <test-method is-config="true" signature="tearDown(org.testng.ITestResult)[pri:0, instance:com.supermarket1.tests.ManageOfferCodeTest@4b2bac3f]" started-at="2022-11-10T10:59:03 IST" name="tearDown" finished-at="2022-11-10T10:59:03 IST" duration-ms="168" status="PASS">
          <params>
            <param index="0">
              <value>
                <![CDATA[[TestResult name=verify_SearchOfferCodes status=SUCCESS method=ManageOfferCodeTest.verify_SearchOfferCodes(java.lang.String)[pri:0, instance:com.supermarket1.tests.ManageOfferCodeTest@4b2bac3f] output={null}]]]>
              </value>
            </param>
          </params>
          <reporter-output>
          </reporter-output>
        </test-method> <!-- tearDown -->
        <test-method is-config="true" signature="setUp()[pri:0, instance:com.supermarket1.tests.ManageOfferCodeTest@4b2bac3f]" started-at="2022-11-10T11:00:57 IST" name="setUp" finished-at="2022-11-10T11:00:59 IST" duration-ms="1799" status="PASS">
          <reporter-output>
          </reporter-output>
        </test-method> <!-- setUp -->
        <test-method signature="verify_EnterOfferInformations()[pri:1, instance:com.supermarket1.tests.ManageOfferCodeTest@4b2bac3f]" started-at="2022-11-10T11:00:59 IST" name="verify_EnterOfferInformations" finished-at="2022-11-10T11:01:14 IST" duration-ms="15341" status="FAIL">
          <exception class="org.openqa.selenium.NoSuchElementException">
            <message>
              <![CDATA[no such element: Unable to locate element: {"method":"xpath","selector":"//div[@class='alert alert-success alert-dismissible']"}
  (Session info: chrome=107.0.5304.107)
For documentation on this error, please visit: https://selenium.dev/exceptions/#no_such_element
Build info: version: '4.3.0', revision: 'a4995e2c09*'
System info: host: 'LAPTOP-N7T8FIF4', ip: '192.168.18.69', os.name: 'Windows 11', os.arch: 'amd64', os.version: '10.0', java.version: '17.0.3.1'
Driver info: org.openqa.selenium.chrome.ChromeDriver
Command: [2277cd19b09e38971d9b1bcadcbb4d45, findElement {using=xpath, value=//div[@class='alert alert-success alert-dismissible']}]
Capabilities {acceptInsecureCerts: false, browserName: chrome, browserVersion: 107.0.5304.107, chrome: {chromedriverVersion: 107.0.5304.62 (1eec40d3a576..., userDataDir: C:\Users\lenovo\AppData\Loc...}, goog:chromeOptions: {debuggerAddress: localhost:55990}, networkConnectionEnabled: false, pageLoadStrategy: normal, platformName: WINDOWS, proxy: Proxy(), se:cdp: ws://localhost:55990/devtoo..., se:cdpVersion: 107.0.5304.107, setWindowRect: true, strictFileInteractability: false, timeouts: {implicit: 0, pageLoad: 300000, script: 30000}, unhandledPromptBehavior: dismiss and notify, webauthn:extension:credBlob: true, webauthn:extension:largeBlob: true, webauthn:virtualAuthenticators: true}
Session ID: 2277cd19b09e38971d9b1bcadcbb4d45]]>
            </message>
            <full-stacktrace>
              <![CDATA[org.openqa.selenium.NoSuchElementException: no such element: Unable to locate element: {"method":"xpath","selector":"//div[@class='alert alert-success alert-dismissible']"}
  (Session info: chrome=107.0.5304.107)
For documentation on this error, please visit: https://selenium.dev/exceptions/#no_such_element
Build info: version: '4.3.0', revision: 'a4995e2c09*'
System info: host: 'LAPTOP-N7T8FIF4', ip: '192.168.18.69', os.name: 'Windows 11', os.arch: 'amd64', os.version: '10.0', java.version: '17.0.3.1'
Driver info: org.openqa.selenium.chrome.ChromeDriver
Command: [2277cd19b09e38971d9b1bcadcbb4d45, findElement {using=xpath, value=//div[@class='alert alert-success alert-dismissible']}]
Capabilities {acceptInsecureCerts: false, browserName: chrome, browserVersion: 107.0.5304.107, chrome: {chromedriverVersion: 107.0.5304.62 (1eec40d3a576..., userDataDir: C:\Users\lenovo\AppData\Loc...}, goog:chromeOptions: {debuggerAddress: localhost:55990}, networkConnectionEnabled: false, pageLoadStrategy: normal, platformName: WINDOWS, proxy: Proxy(), se:cdp: ws://localhost:55990/devtoo..., se:cdpVersion: 107.0.5304.107, setWindowRect: true, strictFileInteractability: false, timeouts: {implicit: 0, pageLoad: 300000, script: 30000}, unhandledPromptBehavior: dismiss and notify, webauthn:extension:credBlob: true, webauthn:extension:largeBlob: true, webauthn:virtualAuthenticators: true}
Session ID: 2277cd19b09e38971d9b1bcadcbb4d45
at java.base/jdk.internal.reflect.NativeConstructorAccessorImpl.newInstance0(Native Method)
at java.base/jdk.internal.reflect.NativeConstructorAccessorImpl.newInstance(NativeConstructorAccessorImpl.java:77)
at java.base/jdk.internal.reflect.DelegatingConstructorAccessorImpl.newInstance(DelegatingConstructorAccessorImpl.java:45)
at java.base/java.lang.reflect.Constructor.newInstanceWithCaller(Constructor.java:499)
at java.base/java.lang.reflect.Constructor.newInstance(Constructor.java:480)
at org.openqa.selenium.remote.codec.w3c.W3CHttpResponseCodec.createException(W3CHttpResponseCodec.java:200)
at org.openqa.selenium.remote.codec.w3c.W3CHttpResponseCodec.decode(W3CHttpResponseCodec.java:133)
at org.openqa.selenium.remote.codec.w3c.W3CHttpResponseCodec.decode(W3CHttpResponseCodec.java:53)
at org.openqa.selenium.remote.HttpCommandExecutor.execute(HttpCommandExecutor.java:184)
at org.openqa.selenium.remote.service.DriverCommandExecutor.invokeExecute(DriverCommandExecutor.java:167)
at org.openqa.selenium.remote.service.DriverCommandExecutor.execute(DriverCommandExecutor.java:142)
at org.openqa.selenium.remote.RemoteWebDriver.execute(RemoteWebDriver.java:569)
at org.openqa.selenium.remote.ElementLocation$ElementFinder$2.findElement(ElementLocation.java:162)
at org.openqa.selenium.remote.ElementLocation.findElement(ElementLocation.java:60)
at org.openqa.selenium.remote.RemoteWebDriver.findElement(RemoteWebDriver.java:387)
at org.openqa.selenium.remote.RemoteWebDriver.findElement(RemoteWebDriver.java:379)
at org.openqa.selenium.support.pagefactory.DefaultElementLocator.findElement(DefaultElementLocator.java:70)
at org.openqa.selenium.support.pagefactory.internal.LocatingElementHandler.invoke(LocatingElementHandler.java:39)
at jdk.proxy2/jdk.proxy2.$Proxy17.getAttribute(Unknown Source)
at com.supermarket1.utilities.GeneralUtility.get_Attribute(GeneralUtility.java:63)
at com.supermarket1.pages.ManageOfferCodePage.get_SucessAlert(ManageOfferCodePage.java:97)
at com.supermarket1.tests.ManageOfferCodeTest.verify_EnterOfferInformations(ManageOfferCodeTest.java:41)
at java.base/jdk.internal.reflect.NativeMethodAccessorImpl.invoke0(Native Method)
at java.base/jdk.internal.reflect.NativeMethodAccessorImpl.invoke(NativeMethodAccessorImpl.java:77)
at java.base/jdk.internal.reflect.DelegatingMethodAccessorImpl.invoke(DelegatingMethodAccessorImpl.java:43)
at java.base/java.lang.reflect.Method.invoke(Method.java:568)
at org.testng.internal.MethodInvocationHelper.invokeMethod(MethodInvocationHelper.java:133)
at org.testng.internal.TestInvoker.invokeMethod(TestInvoker.java:598)
at org.testng.internal.TestInvoker.invokeTestMethod(TestInvoker.java:173)
at org.testng.internal.MethodRunner.runInSequence(MethodRunner.java:46)
at org.testng.internal.TestInvoker$MethodInvocationAgent.invoke(TestInvoker.java:824)
at org.testng.internal.TestInvoker.invokeTestMethods(TestInvoker.java:146)
at org.testng.internal.TestMethodWorker.invokeTestMethods(TestMethodWorker.java:146)
at org.testng.internal.TestMethodWorker.run(TestMethodWorker.java:128)
at java.base/java.util.ArrayList.forEach(ArrayList.java:1511)
at org.testng.TestRunner.privateRun(TestRunner.java:794)
at org.testng.TestRunner.run(TestRunner.java:596)
at org.testng.SuiteRunner.runTest(SuiteRunner.java:377)
at org.testng.SuiteRunner.access$000(SuiteRunner.java:28)
at org.testng.SuiteRunner$SuiteWorker.run(SuiteRunner.java:418)
at org.testng.internal.thread.ThreadUtil.lambda$execute$0(ThreadUtil.java:64)
at java.base/java.util.concurrent.FutureTask.run(FutureTask.java:264)
at java.base/java.util.concurrent.ThreadPoolExecutor.runWorker(ThreadPoolExecutor.java:1136)
at java.base/java.util.concurrent.ThreadPoolExecutor$Worker.run(ThreadPoolExecutor.java:635)
at java.base/java.lang.Thread.run(Thread.java:833)
]]>
            </full-stacktrace>
          </exception> <!-- org.openqa.selenium.NoSuchElementException -->
          <reporter-output>
          </reporter-output>
        </test-method> <!-- verify_EnterOfferInformations -->
        <test-method is-config="true" signature="tearDown(org.testng.ITestResult)[pri:0, instance:com.supermarket1.tests.ManageOfferCodeTest@4b2bac3f]" started-at="2022-11-10T11:01:14 IST" name="tearDown" finished-at="2022-11-10T11:01:31 IST" duration-ms="16484" status="PASS">
          <params>
            <param index="0">
              <value>
                <![CDATA[[TestResult name=verify_EnterOfferInformations status=FAILURE method=ManageOfferCodeTest.verify_EnterOfferInformations()[pri:1, instance:com.supermarket1.tests.ManageOfferCodeTest@4b2bac3f] output={null}]]]>
              </value>
            </param>
          </params>
          <reporter-output>
          </reporter-output>
        </test-method> <!-- tearDown -->
      </class> <!-- com.supermarket1.tests.ManageOfferCodeTest -->
    </test> <!-- Run Module 2 -->
  </suite> <!-- Regression build run -->
</testng-results>
